#
# There is insufficient memory for the Java Runtime Environment to continue.
# Native memory allocation (malloc) failed to allocate 1449616 bytes for Chunk::new
# Possible reasons:
#   The system is out of physical RAM or swap space
#   The process is running with CompressedOops enabled, and the Java Heap may be blocking the growth of the native heap
# Possible solutions:
#   Reduce memory load on the system
#   Increase physical memory or swap space
#   Check if swap backing store is full
#   Decrease Java heap size (-Xmx/-Xms)
#   Decrease number of Java threads
#   Decrease Java thread stack sizes (-Xss)
#   Set larger code cache with -XX:ReservedCodeCacheSize=
#   JVM is running with Unscaled Compressed Oops mode in which the Java heap is
#     placed in the first 4GB address space. The Java Heap base address is the
#     maximum limit for the native heap growth. Please use -XX:HeapBaseMinAddress
#     to set the Java Heap base and to place the Java Heap above 4GB virtual address.
# This output file may be truncated or incomplete.
#
#  Out of Memory Error (./src/hotspot/share/memory/arena.cpp:197), pid=8100, tid=10328
#
# JRE version: OpenJDK Runtime Environment (11.0.8+10) (build 11.0.8+10-b944.6842174)
# Java VM: OpenJDK 64-Bit Server VM (11.0.8+10-b944.6842174, mixed mode, tiered, compressed oops, g1 gc, windows-amd64)
# No core dump will be written. Minidumps are not enabled by default on client versions of Windows
#

---------------  S U M M A R Y ------------

Command Line: --add-opens=java.base/java.util=ALL-UNNAMED --add-opens=java.base/java.lang=ALL-UNNAMED --add-opens=java.base/java.lang.invoke=ALL-UNNAMED --add-opens=java.prefs/java.util.prefs=ALL-UNNAMED -Xmx2048m -Dfile.encoding=windows-1252 -Duser.country=US -Duser.language=en -Duser.variant org.gradle.launcher.daemon.bootstrap.GradleDaemon 6.1.1

Host: Intel(R) Core(TM) i3-3110M CPU @ 2.40GHz, 4 cores, 7G,  Windows 10 , 64 bit Build 19041 (10.0.19041.662)
Time: Mon Dec 21 17:30:13 2020 India Standard Time elapsed time: 7 seconds (0d 0h 0m 7s)

---------------  T H R E A D  ---------------

Current thread (0x000001dbfbe44800):  JavaThread "C2 CompilerThread0" daemon [_thread_in_native, id=10328, stack(0x000000c0bb200000,0x000000c0bb300000)]


Current CompileTask:
C2:   7536 1907   !   4       java.lang.ClassLoader::loadClass (122 bytes)

Stack: [0x000000c0bb200000,0x000000c0bb300000]
Native frames: (J=compiled Java code, j=interpreted, Vv=VM code, C=native code)
V  [jvm.dll+0x5de50a]
V  [jvm.dll+0x7122f5]
V  [jvm.dll+0x71384d]
V  [jvm.dll+0x713f03]
V  [jvm.dll+0x23e728]
V  [jvm.dll+0xb899c]
V  [jvm.dll+0xb8e9c]
V  [jvm.dll+0x35024d]
V  [jvm.dll+0x31dea3]
V  [jvm.dll+0x31d39a]
V  [jvm.dll+0x1f7702]
V  [jvm.dll+0x1f68d4]
V  [jvm.dll+0x17f32c]
V  [jvm.dll+0x205047]
V  [jvm.dll+0x203891]
V  [jvm.dll+0x6dad3f]
V  [jvm.dll+0x6d3895]
V  [jvm.dll+0x5dd4a6]
C  [ucrtbase.dll+0x214c2]
C  [KERNEL32.DLL+0x17034]
C  [ntdll.dll+0x4d0d1]


---------------  P R O C E S S  ---------------

Threads class SMR info:
_java_thread_list=0x000001dbfd928510, length=23, elements={
0x000001dbef427800, 0x000001dbfbe22800, 0x000001dbfbe2e800, 0x000001dbfbe40800,
0x000001dbfbe41800, 0x000001dbfbe44800, 0x000001dbfbe4e000, 0x000001dbfc7a4800,
0x000001dbfc91d000, 0x000001dbfc926000, 0x000001dbfdd86800, 0x000001dbfdca4800,
0x000001dbfdbcc000, 0x000001dbfdca3000, 0x000001dbfd26c000, 0x000001dbfcd38000,
0x000001dbfcd39000, 0x000001dbfd259800, 0x000001dbfd25a000, 0x000001dbfd543000,
0x000001dbfd968800, 0x000001dbfd965000, 0x000001dbfd966000
}

Java Threads: ( => current thread )
  0x000001dbef427800 JavaThread "main" [_thread_blocked, id=1980, stack(0x000000c0ba700000,0x000000c0ba800000)]
  0x000001dbfbe22800 JavaThread "Reference Handler" daemon [_thread_blocked, id=17612, stack(0x000000c0bae00000,0x000000c0baf00000)]
  0x000001dbfbe2e800 JavaThread "Finalizer" daemon [_thread_blocked, id=17440, stack(0x000000c0baf00000,0x000000c0bb000000)]
  0x000001dbfbe40800 JavaThread "Signal Dispatcher" daemon [_thread_blocked, id=17472, stack(0x000000c0bb000000,0x000000c0bb100000)]
  0x000001dbfbe41800 JavaThread "Attach Listener" daemon [_thread_blocked, id=17596, stack(0x000000c0bb100000,0x000000c0bb200000)]
=>0x000001dbfbe44800 JavaThread "C2 CompilerThread0" daemon [_thread_in_native, id=10328, stack(0x000000c0bb200000,0x000000c0bb300000)]
  0x000001dbfbe4e000 JavaThread "C1 CompilerThread0" daemon [_thread_blocked, id=13416, stack(0x000000c0bb300000,0x000000c0bb400000)]
  0x000001dbfc7a4800 JavaThread "Sweeper thread" daemon [_thread_blocked, id=8824, stack(0x000000c0bb400000,0x000000c0bb500000)]
  0x000001dbfc91d000 JavaThread "Common-Cleaner" daemon [_thread_blocked, id=7348, stack(0x000000c0bb500000,0x000000c0bb600000)]
  0x000001dbfc926000 JavaThread "Service Thread" daemon [_thread_blocked, id=17780, stack(0x000000c0bb600000,0x000000c0bb700000)]
  0x000001dbfdd86800 JavaThread "Daemon health stats" [_thread_blocked, id=9708, stack(0x000000c0bb900000,0x000000c0bba00000)]
  0x000001dbfdca4800 JavaThread "Incoming local TCP Connector on port 63966" [_thread_in_native, id=8040, stack(0x000000c0bba00000,0x000000c0bbb00000)]
  0x000001dbfdbcc000 JavaThread "Daemon periodic checks" [_thread_blocked, id=6096, stack(0x000000c0bbb00000,0x000000c0bbc00000)]
  0x000001dbfdca3000 JavaThread "Daemon" [_thread_blocked, id=14712, stack(0x000000c0bbc00000,0x000000c0bbd00000)]
  0x000001dbfd26c000 JavaThread "Handler for socket connection from /127.0.0.1:63966 to /127.0.0.1:63967" [_thread_in_native, id=14436, stack(0x000000c0bbd00000,0x000000c0bbe00000)]
  0x000001dbfcd38000 JavaThread "Cancel handler" [_thread_blocked, id=11896, stack(0x000000c0bbe00000,0x000000c0bbf00000)]
  0x000001dbfcd39000 JavaThread "Daemon worker" [_thread_in_vm, id=14088, stack(0x000000c0bbf00000,0x000000c0bc000000)]
  0x000001dbfd259800 JavaThread "Asynchronous log dispatcher for DefaultDaemonConnection: socket connection from /127.0.0.1:63966 to /127.0.0.1:63967" [_thread_blocked, id=17544, stack(0x000000c0bc000000,0x000000c0bc100000)]
  0x000001dbfd25a000 JavaThread "Stdin handler" [_thread_blocked, id=17908, stack(0x000000c0bc100000,0x000000c0bc200000)]
  0x000001dbfd543000 JavaThread "Thread-8" [_thread_blocked, id=1120, stack(0x000000c0bc200000,0x000000c0bc300000)]
  0x000001dbfd968800 JavaThread "Cache worker for journal cache (C:\Users\Admin\.gradle\caches\journal-1)" [_thread_blocked, id=3272, stack(0x000000c0bc500000,0x000000c0bc600000)]
  0x000001dbfd965000 JavaThread "File lock request listener" [_thread_in_native, id=17588, stack(0x000000c0bc600000,0x000000c0bc700000)]
  0x000001dbfd966000 JavaThread "Cache worker for file hash cache (C:\Users\Admin\.gradle\caches\6.1.1\fileHashes)" [_thread_blocked, id=17556, stack(0x000000c0bc700000,0x000000c0bc800000)]

Other Threads:
  0x000001dbfbe1e000 VMThread "VM Thread" [stack: 0x000000c0bad00000,0x000000c0bae00000] [id=17788]
  0x000001dbfc937000 WatcherThread [stack: 0x000000c0bb700000,0x000000c0bb800000] [id=17456]
  0x000001dbef440800 GCTaskThread "GC Thread#0" [stack: 0x000000c0ba800000,0x000000c0ba900000] [id=2420]
  0x000001dbfcd1e800 GCTaskThread "GC Thread#1" [stack: 0x000000c0bb800000,0x000000c0bb900000] [id=8888]
  0x000001dbfd28e800 GCTaskThread "GC Thread#2" [stack: 0x000000c0bc300000,0x000000c0bc400000] [id=3672]
  0x000001dbfd284000 GCTaskThread "GC Thread#3" [stack: 0x000000c0bc400000,0x000000c0bc500000] [id=7620]
  0x000001dbef473800 ConcurrentGCThread "G1 Main Marker" [stack: 0x000000c0ba900000,0x000000c0baa00000] [id=2252]
  0x000001dbef475800 ConcurrentGCThread "G1 Conc#0" [stack: 0x000000c0baa00000,0x000000c0bab00000] [id=4228]
  0x000001dbfbc6b800 ConcurrentGCThread "G1 Refine#0" [stack: 0x000000c0bab00000,0x000000c0bac00000] [id=17772]
  0x000001dbfbc6c800 ConcurrentGCThread "G1 Young RemSet Sampling" [stack: 0x000000c0bac00000,0x000000c0bad00000] [id=17520]

Threads with active compile tasks:
C2 CompilerThread0   7651 1907   !   4       java.lang.ClassLoader::loadClass (122 bytes)

VM state:not at safepoint (normal execution)

VM Mutex/Monitor currently owned by a thread: None

Heap address: 0x0000000080000000, size: 2048 MB, Compressed Oops mode: 32-bit
Narrow klass base: 0x0000000000000000, Narrow klass shift: 3
Compressed class space size: 1073741824 Address: 0x0000000100000000

Heap:
 garbage-first heap   total 124928K, used 27710K [0x0000000080000000, 0x0000000100000000)
  region size 1024K, 16 young (16384K), 4 survivors (4096K)
 Metaspace       used 22235K, capacity 22752K, committed 23088K, reserved 1069056K
  class space    used 2736K, capacity 2911K, committed 2944K, reserved 1048576K
Heap Regions: E=young(eden), S=young(survivor), O=old, HS=humongous(starts), HC=humongous(continues), CS=collection set, F=free, A=archive, TAMS=top-at-mark-start (previous, next)
|   0|0x0000000080000000, 0x0000000080100000, 0x0000000080100000|100%| O|  |TAMS 0x0000000080100000, 0x0000000080000000| Untracked 
|   1|0x0000000080100000, 0x0000000080200000, 0x0000000080200000|100%| O|  |TAMS 0x0000000080200000, 0x0000000080100000| Untracked 
|   2|0x0000000080200000, 0x0000000080300000, 0x0000000080300000|100%| O|  |TAMS 0x0000000080300000, 0x0000000080200000| Untracked 
|   3|0x0000000080300000, 0x0000000080400000, 0x0000000080400000|100%|HS|  |TAMS 0x0000000080400000, 0x0000000080300000| Complete 
|   4|0x0000000080400000, 0x0000000080500000, 0x0000000080500000|100%|HC|  |TAMS 0x0000000080500000, 0x0000000080400000| Complete 
|   5|0x0000000080500000, 0x0000000080600000, 0x0000000080600000|100%|HC|  |TAMS 0x0000000080600000, 0x0000000080500000| Complete 
|   6|0x0000000080600000, 0x0000000080700000, 0x0000000080700000|100%| O|  |TAMS 0x0000000080700000, 0x0000000080600000| Untracked 
|   7|0x0000000080700000, 0x0000000080800000, 0x0000000080800000|100%| O|  |TAMS 0x0000000080800000, 0x0000000080700000| Untracked 
|   8|0x0000000080800000, 0x0000000080900000, 0x0000000080900000|100%| O|  |TAMS 0x0000000080900000, 0x0000000080800000| Untracked 
|   9|0x0000000080900000, 0x0000000080a00000, 0x0000000080a00000|100%| O|  |TAMS 0x0000000080a00000, 0x0000000080900000| Untracked 
|  10|0x0000000080a00000, 0x0000000080b00000, 0x0000000080b00000|100%| O|  |TAMS 0x0000000080b00000, 0x0000000080a00000| Untracked 
|  11|0x0000000080b00000, 0x0000000080c00000, 0x0000000080c00000|100%| O|  |TAMS 0x0000000080c00000, 0x0000000080b00000| Untracked 
|  12|0x0000000080c00000, 0x0000000080c94c00, 0x0000000080d00000| 58%| O|  |TAMS 0x0000000080c94c00, 0x0000000080c00000| Untracked 
|  13|0x0000000080d00000, 0x0000000080d00000, 0x0000000080e00000|  0%| F|  |TAMS 0x0000000080d00000, 0x0000000080d00000| Untracked 
|  14|0x0000000080e00000, 0x0000000080e00000, 0x0000000080f00000|  0%| F|  |TAMS 0x0000000080e00000, 0x0000000080e00000| Untracked 
|  15|0x0000000080f00000, 0x0000000080f00000, 0x0000000081000000|  0%| F|  |TAMS 0x0000000080f00000, 0x0000000080f00000| Untracked 
|  16|0x0000000081000000, 0x0000000081000000, 0x0000000081100000|  0%| F|  |TAMS 0x0000000081000000, 0x0000000081000000| Untracked 
|  17|0x0000000081100000, 0x0000000081100000, 0x0000000081200000|  0%| F|  |TAMS 0x0000000081100000, 0x0000000081100000| Untracked 
|  18|0x0000000081200000, 0x0000000081200000, 0x0000000081300000|  0%| F|  |TAMS 0x0000000081200000, 0x0000000081200000| Untracked 
|  19|0x0000000081300000, 0x0000000081300000, 0x0000000081400000|  0%| F|  |TAMS 0x0000000081300000, 0x0000000081300000| Untracked 
|  20|0x0000000081400000, 0x0000000081400000, 0x0000000081500000|  0%| F|  |TAMS 0x0000000081400000, 0x0000000081400000| Untracked 
|  21|0x0000000081500000, 0x0000000081500000, 0x0000000081600000|  0%| F|  |TAMS 0x0000000081500000, 0x0000000081500000| Untracked 
|  22|0x0000000081600000, 0x0000000081600000, 0x0000000081700000|  0%| F|  |TAMS 0x0000000081600000, 0x0000000081600000| Untracked 
|  23|0x0000000081700000, 0x0000000081700000, 0x0000000081800000|  0%| F|  |TAMS 0x0000000081700000, 0x0000000081700000| Untracked 
|  24|0x0000000081800000, 0x0000000081800000, 0x0000000081900000|  0%| F|  |TAMS 0x0000000081800000, 0x0000000081800000| Untracked 
|  25|0x0000000081900000, 0x0000000081900000, 0x0000000081a00000|  0%| F|  |TAMS 0x0000000081900000, 0x0000000081900000| Untracked 
|  26|0x0000000081a00000, 0x0000000081a00000, 0x0000000081b00000|  0%| F|  |TAMS 0x0000000081a00000, 0x0000000081a00000| Untracked 
|  27|0x0000000081b00000, 0x0000000081b00000, 0x0000000081c00000|  0%| F|  |TAMS 0x0000000081b00000, 0x0000000081b00000| Untracked 
|  28|0x0000000081c00000, 0x0000000081c00000, 0x0000000081d00000|  0%| F|  |TAMS 0x0000000081c00000, 0x0000000081c00000| Untracked 
|  29|0x0000000081d00000, 0x0000000081d00000, 0x0000000081e00000|  0%| F|  |TAMS 0x0000000081d00000, 0x0000000081d00000| Untracked 
|  30|0x0000000081e00000, 0x0000000081e00000, 0x0000000081f00000|  0%| F|  |TAMS 0x0000000081e00000, 0x0000000081e00000| Untracked 
|  31|0x0000000081f00000, 0x0000000081f00000, 0x0000000082000000|  0%| F|  |TAMS 0x0000000081f00000, 0x0000000081f00000| Untracked 
|  32|0x0000000082000000, 0x0000000082000000, 0x0000000082100000|  0%| F|  |TAMS 0x0000000082000000, 0x0000000082000000| Untracked 
|  33|0x0000000082100000, 0x0000000082100000, 0x0000000082200000|  0%| F|  |TAMS 0x0000000082100000, 0x0000000082100000| Untracked 
|  34|0x0000000082200000, 0x0000000082200000, 0x0000000082300000|  0%| F|  |TAMS 0x0000000082200000, 0x0000000082200000| Untracked 
|  35|0x0000000082300000, 0x0000000082300000, 0x0000000082400000|  0%| F|  |TAMS 0x0000000082300000, 0x0000000082300000| Untracked 
|  36|0x0000000082400000, 0x0000000082400000, 0x0000000082500000|  0%| F|  |TAMS 0x0000000082400000, 0x0000000082400000| Untracked 
|  37|0x0000000082500000, 0x0000000082500000, 0x0000000082600000|  0%| F|  |TAMS 0x0000000082500000, 0x0000000082500000| Untracked 
|  38|0x0000000082600000, 0x0000000082600000, 0x0000000082700000|  0%| F|  |TAMS 0x0000000082600000, 0x0000000082600000| Untracked 
|  39|0x0000000082700000, 0x0000000082700000, 0x0000000082800000|  0%| F|  |TAMS 0x0000000082700000, 0x0000000082700000| Untracked 
|  40|0x0000000082800000, 0x0000000082800000, 0x0000000082900000|  0%| F|  |TAMS 0x0000000082800000, 0x0000000082800000| Untracked 
|  41|0x0000000082900000, 0x0000000082900000, 0x0000000082a00000|  0%| F|  |TAMS 0x0000000082900000, 0x0000000082900000| Untracked 
|  42|0x0000000082a00000, 0x0000000082a00000, 0x0000000082b00000|  0%| F|  |TAMS 0x0000000082a00000, 0x0000000082a00000| Untracked 
|  43|0x0000000082b00000, 0x0000000082b00000, 0x0000000082c00000|  0%| F|  |TAMS 0x0000000082b00000, 0x0000000082b00000| Untracked 
|  44|0x0000000082c00000, 0x0000000082c00000, 0x0000000082d00000|  0%| F|  |TAMS 0x0000000082c00000, 0x0000000082c00000| Untracked 
|  45|0x0000000082d00000, 0x0000000082d00000, 0x0000000082e00000|  0%| F|  |TAMS 0x0000000082d00000, 0x0000000082d00000| Untracked 
|  46|0x0000000082e00000, 0x0000000082e00000, 0x0000000082f00000|  0%| F|  |TAMS 0x0000000082e00000, 0x0000000082e00000| Untracked 
|  47|0x0000000082f00000, 0x0000000082f00000, 0x0000000083000000|  0%| F|  |TAMS 0x0000000082f00000, 0x0000000082f00000| Untracked 
|  48|0x0000000083000000, 0x0000000083000000, 0x0000000083100000|  0%| F|  |TAMS 0x0000000083000000, 0x0000000083000000| Untracked 
|  49|0x0000000083100000, 0x0000000083100000, 0x0000000083200000|  0%| F|  |TAMS 0x0000000083100000, 0x0000000083100000| Untracked 
|  50|0x0000000083200000, 0x0000000083200000, 0x0000000083300000|  0%| F|  |TAMS 0x0000000083200000, 0x0000000083200000| Untracked 
|  51|0x0000000083300000, 0x0000000083300000, 0x0000000083400000|  0%| F|  |TAMS 0x0000000083300000, 0x0000000083300000| Untracked 
|  52|0x0000000083400000, 0x0000000083400000, 0x0000000083500000|  0%| F|  |TAMS 0x0000000083400000, 0x0000000083400000| Untracked 
|  53|0x0000000083500000, 0x0000000083500000, 0x0000000083600000|  0%| F|  |TAMS 0x0000000083500000, 0x0000000083500000| Untracked 
|  54|0x0000000083600000, 0x0000000083600000, 0x0000000083700000|  0%| F|  |TAMS 0x0000000083600000, 0x0000000083600000| Untracked 
|  55|0x0000000083700000, 0x0000000083700000, 0x0000000083800000|  0%| F|  |TAMS 0x0000000083700000, 0x0000000083700000| Untracked 
|  56|0x0000000083800000, 0x0000000083800000, 0x0000000083900000|  0%| F|  |TAMS 0x0000000083800000, 0x0000000083800000| Untracked 
|  57|0x0000000083900000, 0x0000000083900000, 0x0000000083a00000|  0%| F|  |TAMS 0x0000000083900000, 0x0000000083900000| Untracked 
|  58|0x0000000083a00000, 0x0000000083a00000, 0x0000000083b00000|  0%| F|  |TAMS 0x0000000083a00000, 0x0000000083a00000| Untracked 
|  59|0x0000000083b00000, 0x0000000083b00000, 0x0000000083c00000|  0%| F|  |TAMS 0x0000000083b00000, 0x0000000083b00000| Untracked 
|  60|0x0000000083c00000, 0x0000000083c00000, 0x0000000083d00000|  0%| F|  |TAMS 0x0000000083c00000, 0x0000000083c00000| Untracked 
|  61|0x0000000083d00000, 0x0000000083d00000, 0x0000000083e00000|  0%| F|  |TAMS 0x0000000083d00000, 0x0000000083d00000| Untracked 
|  62|0x0000000083e00000, 0x0000000083e00000, 0x0000000083f00000|  0%| F|  |TAMS 0x0000000083e00000, 0x0000000083e00000| Untracked 
|  63|0x0000000083f00000, 0x0000000083f00000, 0x0000000084000000|  0%| F|  |TAMS 0x0000000083f00000, 0x0000000083f00000| Untracked 
|  64|0x0000000084000000, 0x0000000084000000, 0x0000000084100000|  0%| F|  |TAMS 0x0000000084000000, 0x0000000084000000| Untracked 
|  65|0x0000000084100000, 0x0000000084100000, 0x0000000084200000|  0%| F|  |TAMS 0x0000000084100000, 0x0000000084100000| Untracked 
|  66|0x0000000084200000, 0x0000000084200000, 0x0000000084300000|  0%| F|  |TAMS 0x0000000084200000, 0x0000000084200000| Untracked 
|  67|0x0000000084300000, 0x0000000084300000, 0x0000000084400000|  0%| F|  |TAMS 0x0000000084300000, 0x0000000084300000| Untracked 
|  68|0x0000000084400000, 0x0000000084400000, 0x0000000084500000|  0%| F|  |TAMS 0x0000000084400000, 0x0000000084400000| Untracked 
|  69|0x0000000084500000, 0x0000000084500000, 0x0000000084600000|  0%| F|  |TAMS 0x0000000084500000, 0x0000000084500000| Untracked 
|  70|0x0000000084600000, 0x0000000084600000, 0x0000000084700000|  0%| F|  |TAMS 0x0000000084600000, 0x0000000084600000| Untracked 
|  71|0x0000000084700000, 0x0000000084700000, 0x0000000084800000|  0%| F|  |TAMS 0x0000000084700000, 0x0000000084700000| Untracked 
|  72|0x0000000084800000, 0x0000000084800000, 0x0000000084900000|  0%| F|  |TAMS 0x0000000084800000, 0x0000000084800000| Untracked 
|  73|0x0000000084900000, 0x0000000084900000, 0x0000000084a00000|  0%| F|  |TAMS 0x0000000084900000, 0x0000000084900000| Untracked 
|  74|0x0000000084a00000, 0x0000000084a00000, 0x0000000084b00000|  0%| F|  |TAMS 0x0000000084a00000, 0x0000000084a00000| Untracked 
|  75|0x0000000084b00000, 0x0000000084b00000, 0x0000000084c00000|  0%| F|  |TAMS 0x0000000084b00000, 0x0000000084b00000| Untracked 
|  76|0x0000000084c00000, 0x0000000084c00000, 0x0000000084d00000|  0%| F|  |TAMS 0x0000000084c00000, 0x0000000084c00000| Untracked 
|  77|0x0000000084d00000, 0x0000000084d00000, 0x0000000084e00000|  0%| F|  |TAMS 0x0000000084d00000, 0x0000000084d00000| Untracked 
|  78|0x0000000084e00000, 0x0000000084e00000, 0x0000000084f00000|  0%| F|  |TAMS 0x0000000084e00000, 0x0000000084e00000| Untracked 
|  79|0x0000000084f00000, 0x0000000084f00000, 0x0000000085000000|  0%| F|  |TAMS 0x0000000084f00000, 0x0000000084f00000| Untracked 
|  80|0x0000000085000000, 0x0000000085000000, 0x0000000085100000|  0%| F|  |TAMS 0x0000000085000000, 0x0000000085000000| Untracked 
|  81|0x0000000085100000, 0x0000000085100000, 0x0000000085200000|  0%| F|  |TAMS 0x0000000085100000, 0x0000000085100000| Untracked 
|  82|0x0000000085200000, 0x0000000085200000, 0x0000000085300000|  0%| F|  |TAMS 0x0000000085200000, 0x0000000085200000| Untracked 
|  83|0x0000000085300000, 0x0000000085300000, 0x0000000085400000|  0%| F|  |TAMS 0x0000000085300000, 0x0000000085300000| Untracked 
|  84|0x0000000085400000, 0x0000000085400000, 0x0000000085500000|  0%| F|  |TAMS 0x0000000085400000, 0x0000000085400000| Untracked 
|  85|0x0000000085500000, 0x0000000085500000, 0x0000000085600000|  0%| F|  |TAMS 0x0000000085500000, 0x0000000085500000| Untracked 
|  86|0x0000000085600000, 0x0000000085600000, 0x0000000085700000|  0%| F|  |TAMS 0x0000000085600000, 0x0000000085600000| Untracked 
|  87|0x0000000085700000, 0x0000000085700000, 0x0000000085800000|  0%| F|  |TAMS 0x0000000085700000, 0x0000000085700000| Untracked 
|  88|0x0000000085800000, 0x0000000085800000, 0x0000000085900000|  0%| F|  |TAMS 0x0000000085800000, 0x0000000085800000| Untracked 
|  89|0x0000000085900000, 0x0000000085900000, 0x0000000085a00000|  0%| F|  |TAMS 0x0000000085900000, 0x0000000085900000| Untracked 
|  90|0x0000000085a00000, 0x0000000085a00000, 0x0000000085b00000|  0%| F|  |TAMS 0x0000000085a00000, 0x0000000085a00000| Untracked 
|  91|0x0000000085b00000, 0x0000000085b00000, 0x0000000085c00000|  0%| F|  |TAMS 0x0000000085b00000, 0x0000000085b00000| Untracked 
|  92|0x0000000085c00000, 0x0000000085c00000, 0x0000000085d00000|  0%| F|  |TAMS 0x0000000085c00000, 0x0000000085c00000| Untracked 
|  93|0x0000000085d00000, 0x0000000085d00000, 0x0000000085e00000|  0%| F|  |TAMS 0x0000000085d00000, 0x0000000085d00000| Untracked 
|  94|0x0000000085e00000, 0x0000000085e00000, 0x0000000085f00000|  0%| F|  |TAMS 0x0000000085e00000, 0x0000000085e00000| Untracked 
|  95|0x0000000085f00000, 0x0000000085f00000, 0x0000000086000000|  0%| F|  |TAMS 0x0000000085f00000, 0x0000000085f00000| Untracked 
|  96|0x0000000086000000, 0x0000000086000000, 0x0000000086100000|  0%| F|  |TAMS 0x0000000086000000, 0x0000000086000000| Untracked 
|  97|0x0000000086100000, 0x0000000086100000, 0x0000000086200000|  0%| F|  |TAMS 0x0000000086100000, 0x0000000086100000| Untracked 
|  98|0x0000000086200000, 0x0000000086200000, 0x0000000086300000|  0%| F|  |TAMS 0x0000000086200000, 0x0000000086200000| Untracked 
|  99|0x0000000086300000, 0x0000000086300000, 0x0000000086400000|  0%| F|  |TAMS 0x0000000086300000, 0x0000000086300000| Untracked 
| 100|0x0000000086400000, 0x0000000086400000, 0x0000000086500000|  0%| F|  |TAMS 0x0000000086400000, 0x0000000086400000| Untracked 
| 101|0x0000000086500000, 0x0000000086500000, 0x0000000086600000|  0%| F|  |TAMS 0x0000000086500000, 0x0000000086500000| Untracked 
| 102|0x0000000086600000, 0x000000008667ade0, 0x0000000086700000| 47%| S|CS|TAMS 0x0000000086600000, 0x0000000086600000| Complete 
| 103|0x0000000086700000, 0x0000000086800000, 0x0000000086800000|100%| S|CS|TAMS 0x0000000086700000, 0x0000000086700000| Complete 
| 104|0x0000000086800000, 0x0000000086900000, 0x0000000086900000|100%| S|CS|TAMS 0x0000000086800000, 0x0000000086800000| Complete 
| 105|0x0000000086900000, 0x0000000086a00000, 0x0000000086a00000|100%| S|CS|TAMS 0x0000000086900000, 0x0000000086900000| Complete 
| 106|0x0000000086a00000, 0x0000000086a00000, 0x0000000086b00000|  0%| F|  |TAMS 0x0000000086a00000, 0x0000000086a00000| Untracked 
| 107|0x0000000086b00000, 0x0000000086b00000, 0x0000000086c00000|  0%| F|  |TAMS 0x0000000086b00000, 0x0000000086b00000| Untracked 
| 108|0x0000000086c00000, 0x0000000086c00000, 0x0000000086d00000|  0%| F|  |TAMS 0x0000000086c00000, 0x0000000086c00000| Untracked 
| 109|0x0000000086d00000, 0x0000000086d00000, 0x0000000086e00000|  0%| F|  |TAMS 0x0000000086d00000, 0x0000000086d00000| Untracked 
| 110|0x0000000086e00000, 0x0000000086e60618, 0x0000000086f00000| 37%| E|  |TAMS 0x0000000086e00000, 0x0000000086e00000| Complete 
| 111|0x0000000086f00000, 0x0000000087000000, 0x0000000087000000|100%| E|CS|TAMS 0x0000000086f00000, 0x0000000086f00000| Complete 
| 112|0x0000000087000000, 0x0000000087100000, 0x0000000087100000|100%| E|CS|TAMS 0x0000000087000000, 0x0000000087000000| Complete 
| 113|0x0000000087100000, 0x0000000087200000, 0x0000000087200000|100%| E|CS|TAMS 0x0000000087100000, 0x0000000087100000| Complete 
| 114|0x0000000087200000, 0x0000000087300000, 0x0000000087300000|100%| E|CS|TAMS 0x0000000087200000, 0x0000000087200000| Complete 
| 115|0x0000000087300000, 0x0000000087400000, 0x0000000087400000|100%| E|CS|TAMS 0x0000000087300000, 0x0000000087300000| Complete 
| 116|0x0000000087400000, 0x0000000087500000, 0x0000000087500000|100%| E|CS|TAMS 0x0000000087400000, 0x0000000087400000| Complete 
| 117|0x0000000087500000, 0x0000000087600000, 0x0000000087600000|100%| E|CS|TAMS 0x0000000087500000, 0x0000000087500000| Complete 
| 118|0x0000000087600000, 0x0000000087700000, 0x0000000087700000|100%| E|CS|TAMS 0x0000000087600000, 0x0000000087600000| Complete 
| 119|0x0000000087700000, 0x0000000087800000, 0x0000000087800000|100%| E|CS|TAMS 0x0000000087700000, 0x0000000087700000| Complete 
| 120|0x0000000087800000, 0x0000000087900000, 0x0000000087900000|100%| E|CS|TAMS 0x0000000087800000, 0x0000000087800000| Complete 
| 121|0x0000000087900000, 0x0000000087a00000, 0x0000000087a00000|100%| E|CS|TAMS 0x0000000087900000, 0x0000000087900000| Complete 

Card table byte_map: [0x000001dbf4fb0000,0x000001dbf53b0000] _byte_map_base: 0x000001dbf4bb0000

Marking Bits (Prev, Next): (CMBitMap*) 0x000001dbef46abb0, (CMBitMap*) 0x000001dbef46ab78
 Prev Bits: [0x000001dbf77b0000, 0x000001dbf97b0000)
 Next Bits: [0x000001dbf57b0000, 0x000001dbf77b0000)

Polling page: 0x000001dbef510000

Metaspace:

Usage:
  Non-class:     19.50 MB capacity,    19.08 MB ( 98%) used,   393.92 KB (  2%) free+waste,    38.69 KB ( <1%) overhead. 
      Class:      2.91 MB capacity,     2.68 MB ( 92%) used,   212.49 KB (  7%) free+waste,    19.19 KB ( <1%) overhead. 
       Both:     22.41 MB capacity,    21.76 MB ( 97%) used,   606.41 KB (  3%) free+waste,    57.88 KB ( <1%) overhead. 

Virtual space:
  Non-class space:       20.00 MB reserved,      19.67 MB ( 98%) committed 
      Class space:        1.00 GB reserved,       3.00 MB ( <1%) committed 
             Both:        1.02 GB reserved,      22.67 MB (  2%) committed 

Chunk freelists:
   Non-Class:  63.00 KB
       Class:  1.00 KB
        Both:  64.00 KB

MaxMetaspaceSize: 17179869184.00 GB
CompressedClassSpaceSize: 1.00 GB

CodeHeap 'non-profiled nmethods': size=120064Kb used=722Kb max_used=722Kb free=119341Kb
 bounds [0x000001db87ac0000, 0x000001db87d30000, 0x000001db8f000000]
CodeHeap 'profiled nmethods': size=120000Kb used=3727Kb max_used=3727Kb free=116272Kb
 bounds [0x000001db80590000, 0x000001db80940000, 0x000001db87ac0000]
CodeHeap 'non-nmethods': size=5696Kb used=1130Kb max_used=1137Kb free=4565Kb
 bounds [0x000001db80000000, 0x000001db80270000, 0x000001db80590000]
 total_blobs=2283 nmethods=1816 adapters=378
 compilation: enabled
              stopped_count=0, restarted_count=0
 full_count=0

Compilation events (20 events):
Event: 7.474 Thread 0x000001dbfbe4e000 1923       3       java.lang.invoke.MethodHandles$Lookup::<init> (15 bytes)
Event: 7.475 Thread 0x000001dbfbe4e000 nmethod 1923 0x000001db8065ea10 code [0x000001db8065ebc0, 0x000001db8065ed78]
Event: 7.475 Thread 0x000001dbfbe4e000 1924       3       jdk.internal.org.objectweb.asm.MethodWriter::visitLabel (321 bytes)
Event: 7.477 Thread 0x000001dbfbe4e000 nmethod 1924 0x000001db80917390 code [0x000001db809175e0, 0x000001db80918228]
Event: 7.477 Thread 0x000001dbfbe4e000 1925       3       jdk.internal.org.objectweb.asm.MethodWriter::noSuccessor (95 bytes)
Event: 7.477 Thread 0x000001dbfbe4e000 nmethod 1925 0x000001db80918510 code [0x000001db80918720, 0x000001db80918d28]
Event: 7.477 Thread 0x000001dbfbe4e000 1928       3       java.lang.invoke.InvokerBytecodeGenerator::storeInsnOpcode (86 bytes)
Event: 7.479 Thread 0x000001dbfbe4e000 nmethod 1928 0x000001db80918f10 code [0x000001db809191a0, 0x000001db80919cd8]
Event: 7.479 Thread 0x000001dbfbe4e000 1926       3       java.lang.invoke.MethodHandleNatives::refKindIsMethod (19 bytes)
Event: 7.479 Thread 0x000001dbfbe4e000 nmethod 1926 0x000001db806d5090 code [0x000001db806d5240, 0x000001db806d5478]
Event: 7.479 Thread 0x000001dbfbe4e000 1929       3       com.google.common.collect.Hashing::smear (19 bytes)
Event: 7.479 Thread 0x000001dbfbe4e000 nmethod 1929 0x000001db8069e290 code [0x000001db8069e440, 0x000001db8069e5b8]
Event: 7.479 Thread 0x000001dbfbe4e000 1930       3       java.lang.Integer::rotateLeft (9 bytes)
Event: 7.479 Thread 0x000001dbfbe4e000 nmethod 1930 0x000001db80696310 code [0x000001db806964c0, 0x000001db806965b8]
Event: 7.511 Thread 0x000001dbfbe4e000 1931       3       java.util.regex.Matcher::start (65 bytes)
Event: 7.513 Thread 0x000001dbfbe4e000 nmethod 1931 0x000001db8091a090 code [0x000001db8091a320, 0x000001db8091ad68]
Event: 7.518 Thread 0x000001dbfbe4e000 1932       3       java.util.Vector::add (23 bytes)
Event: 7.519 Thread 0x000001dbfbe4e000 nmethod 1932 0x000001db8091b190 code [0x000001db8091b3a0, 0x000001db8091b8d8]
Event: 7.519 Thread 0x000001dbfbe4e000 1933       1       com.google.common.io.LineReader::access$000 (5 bytes)
Event: 7.519 Thread 0x000001dbfbe4e000 nmethod 1933 0x000001db87b73710 code [0x000001db87b738c0, 0x000001db87b73958]

GC Heap History (10 events):
Event: 1.569 GC heap before
{Heap before GC invocations=0 (full 0):
 garbage-first heap   total 124928K, used 19456K [0x0000000080000000, 0x0000000100000000)
  region size 1024K, 14 young (14336K), 0 survivors (0K)
 Metaspace       used 7679K, capacity 7889K, committed 8064K, reserved 1056768K
  class space    used 723K, capacity 781K, committed 896K, reserved 1048576K
}
Event: 1.585 GC heap after
{Heap after GC invocations=1 (full 0):
 garbage-first heap   total 124928K, used 8208K [0x0000000080000000, 0x0000000100000000)
  region size 1024K, 2 young (2048K), 2 survivors (2048K)
 Metaspace       used 7679K, capacity 7889K, committed 8064K, reserved 1056768K
  class space    used 723K, capacity 781K, committed 896K, reserved 1048576K
}
Event: 2.425 GC heap before
{Heap before GC invocations=1 (full 0):
 garbage-first heap   total 124928K, used 19472K [0x0000000080000000, 0x0000000100000000)
  region size 1024K, 13 young (13312K), 2 survivors (2048K)
 Metaspace       used 10406K, capacity 10625K, committed 10752K, reserved 1058816K
  class space    used 1096K, capacity 1163K, committed 1280K, reserved 1048576K
}
Event: 2.431 GC heap after
{Heap after GC invocations=2 (full 0):
 garbage-first heap   total 124928K, used 8869K [0x0000000080000000, 0x0000000100000000)
  region size 1024K, 1 young (1024K), 1 survivors (1024K)
 Metaspace       used 10406K, capacity 10625K, committed 10752K, reserved 1058816K
  class space    used 1096K, capacity 1163K, committed 1280K, reserved 1048576K
}
Event: 3.788 GC heap before
{Heap before GC invocations=2 (full 0):
 garbage-first heap   total 124928K, used 35493K [0x0000000080000000, 0x0000000100000000)
  region size 1024K, 28 young (28672K), 1 survivors (1024K)
 Metaspace       used 10629K, capacity 10914K, committed 11008K, reserved 1058816K
  class space    used 1105K, capacity 1195K, committed 1280K, reserved 1048576K
}
Event: 3.797 GC heap after
{Heap after GC invocations=3 (full 0):
 garbage-first heap   total 124928K, used 12923K [0x0000000080000000, 0x0000000100000000)
  region size 1024K, 4 young (4096K), 4 survivors (4096K)
 Metaspace       used 10629K, capacity 10914K, committed 11008K, reserved 1058816K
  class space    used 1105K, capacity 1195K, committed 1280K, reserved 1048576K
}
Event: 6.991 GC heap before
{Heap before GC invocations=3 (full 0):
 garbage-first heap   total 124928K, used 52859K [0x0000000080000000, 0x0000000100000000)
  region size 1024K, 43 young (44032K), 4 survivors (4096K)
 Metaspace       used 18587K, capacity 19067K, committed 19328K, reserved 1067008K
  class space    used 2240K, capacity 2402K, committed 2432K, reserved 1048576K
}
Event: 7.001 GC heap after
{Heap after GC invocations=4 (full 0):
 garbage-first heap   total 124928K, used 15890K [0x0000000080000000, 0x0000000100000000)
  region size 1024K, 3 young (3072K), 3 survivors (3072K)
 Metaspace       used 18587K, capacity 19067K, committed 19328K, reserved 1067008K
  class space    used 2240K, capacity 2402K, committed 2432K, reserved 1048576K
}
Event: 7.340 GC heap before
{Heap before GC invocations=4 (full 0):
 garbage-first heap   total 124928K, used 30226K [0x0000000080000000, 0x0000000100000000)
  region size 1024K, 19 young (19456K), 3 survivors (3072K)
 Metaspace       used 20808K, capacity 21209K, committed 21296K, reserved 1069056K
  class space    used 2504K, capacity 2669K, committed 2688K, reserved 1048576K
}
Event: 7.349 GC heap after
{Heap after GC invocations=5 (full 0):
 garbage-first heap   total 124928K, used 16446K [0x0000000080000000, 0x0000000100000000)
  region size 1024K, 4 young (4096K), 4 survivors (4096K)
 Metaspace       used 20808K, capacity 21209K, committed 21296K, reserved 1069056K
  class space    used 2504K, capacity 2669K, committed 2688K, reserved 1048576K
}

Deoptimization events (20 events):
Event: 7.161 Thread 0x000001dbfcd39000 Uncommon trap: trap_request=0xffffff4d fr.pc=0x000001db87b144bc relative=0x0000000000000b1c
Event: 7.161 Thread 0x000001dbfcd39000 Uncommon trap: reason=unstable_if action=reinterpret pc=0x000001db87b144bc method=java.util.Properties$LineReader.readLine()I @ 249 c2
Event: 7.161 Thread 0x000001dbfcd39000 DEOPT PACKING pc=0x000001db87b144bc sp=0x000000c0bbffc350
Event: 7.161 Thread 0x000001dbfcd39000 DEOPT UNPACKING pc=0x000001db8002742f sp=0x000000c0bbffc2f0 mode 2
Event: 7.404 Thread 0x000001dbfcd39000 Uncommon trap: trap_request=0xffffffc6 fr.pc=0x000001db87b1faa4 relative=0x0000000000000084
Event: 7.404 Thread 0x000001dbfcd39000 Uncommon trap: reason=bimorphic_or_optimized_type_check action=maybe_recompile pc=0x000001db87b1faa4 method=java.util.AbstractList$Itr.hasNext()Z @ 8 c2
Event: 7.404 Thread 0x000001dbfcd39000 DEOPT PACKING pc=0x000001db87b1faa4 sp=0x000000c0bbffa140
Event: 7.404 Thread 0x000001dbfcd39000 DEOPT UNPACKING pc=0x000001db8002742f sp=0x000000c0bbffa0d8 mode 2
Event: 7.404 Thread 0x000001dbfcd39000 Uncommon trap: trap_request=0xffffffc6 fr.pc=0x000001db87b1bc74 relative=0x0000000000000134
Event: 7.404 Thread 0x000001dbfcd39000 Uncommon trap: reason=bimorphic_or_optimized_type_check action=maybe_recompile pc=0x000001db87b1bc74 method=java.util.AbstractList$Itr.next()Ljava/lang/Object; @ 14 c2
Event: 7.404 Thread 0x000001dbfcd39000 DEOPT PACKING pc=0x000001db87b1bc74 sp=0x000000c0bbffa130
Event: 7.404 Thread 0x000001dbfcd39000 DEOPT UNPACKING pc=0x000001db8002742f sp=0x000000c0bbffa0c8 mode 2
Event: 7.405 Thread 0x000001dbfcd39000 Uncommon trap: trap_request=0xffffff4d fr.pc=0x000001db87b1c660 relative=0x00000000000005a0
Event: 7.405 Thread 0x000001dbfcd39000 Uncommon trap: reason=unstable_if action=reinterpret pc=0x000001db87b1c660 method=java.io.File.getName()Ljava/lang/String; @ 16 c2
Event: 7.405 Thread 0x000001dbfcd39000 DEOPT PACKING pc=0x000001db87b1c660 sp=0x000000c0bbffaaf0
Event: 7.405 Thread 0x000001dbfcd39000 DEOPT UNPACKING pc=0x000001db8002742f sp=0x000000c0bbffaac0 mode 2
Event: 7.405 Thread 0x000001dbfcd39000 Uncommon trap: trap_request=0xffffff4d fr.pc=0x000001db87b199e8 relative=0x0000000000000428
Event: 7.405 Thread 0x000001dbfcd39000 Uncommon trap: reason=unstable_if action=reinterpret pc=0x000001db87b199e8 method=java.lang.String.substring(I)Ljava/lang/String; @ 34 c2
Event: 7.405 Thread 0x000001dbfcd39000 DEOPT PACKING pc=0x000001db87b199e8 sp=0x000000c0bbffaa70
Event: 7.405 Thread 0x000001dbfcd39000 DEOPT UNPACKING pc=0x000001db8002742f sp=0x000000c0bbffaa48 mode 2

Classes redefined (0 events):
No events

Internal exceptions (20 events):
Event: 6.257 Thread 0x000001dbfd26c000 Exception <a 'java/lang/NoSuchMethodError'{0x00000000863f3d00}: <clinit>> (0x00000000863f3d00) thrown at [./src/hotspot/share/prims/jni.cpp, line 1362]
Event: 6.261 Thread 0x000001dbfd26c000 Exception <a 'java/lang/NoSuchMethodError'{0x00000000862040d8}: <clinit>> (0x00000000862040d8) thrown at [./src/hotspot/share/prims/jni.cpp, line 1362]
Event: 6.266 Thread 0x000001dbfd26c000 Exception <a 'java/lang/NoSuchMethodError'{0x0000000086215eb8}: <clinit>> (0x0000000086215eb8) thrown at [./src/hotspot/share/prims/jni.cpp, line 1362]
Event: 6.272 Thread 0x000001dbfd26c000 Exception <a 'java/lang/NoSuchMethodError'{0x000000008623c9e0}: <clinit>> (0x000000008623c9e0) thrown at [./src/hotspot/share/prims/jni.cpp, line 1362]
Event: 6.275 Thread 0x000001dbfd26c000 Exception <a 'java/lang/NoSuchMethodError'{0x00000000862545c0}: <clinit>> (0x00000000862545c0) thrown at [./src/hotspot/share/prims/jni.cpp, line 1362]
Event: 6.276 Thread 0x000001dbfd26c000 Exception <a 'java/lang/NoSuchMethodError'{0x000000008625df88}: <clinit>> (0x000000008625df88) thrown at [./src/hotspot/share/prims/jni.cpp, line 1362]
Event: 6.279 Thread 0x000001dbfd26c000 Exception <a 'java/lang/NoSuchMethodError'{0x0000000086273970}: <clinit>> (0x0000000086273970) thrown at [./src/hotspot/share/prims/jni.cpp, line 1362]
Event: 6.305 Thread 0x000001dbfd26c000 Exception <a 'java/lang/NoSuchMethodError'{0x00000000862c3348}: <clinit>> (0x00000000862c3348) thrown at [./src/hotspot/share/prims/jni.cpp, line 1362]
Event: 6.311 Thread 0x000001dbfd26c000 Exception <a 'java/lang/NoSuchMethodError'{0x00000000862f0f18}: <clinit>> (0x00000000862f0f18) thrown at [./src/hotspot/share/prims/jni.cpp, line 1362]
Event: 6.318 Thread 0x000001dbfd26c000 Exception <a 'java/lang/NoSuchMethodError'{0x000000008611a110}: <clinit>> (0x000000008611a110) thrown at [./src/hotspot/share/prims/jni.cpp, line 1362]
Event: 6.320 Thread 0x000001dbfd26c000 Exception <a 'java/lang/NoSuchMethodError'{0x0000000086124330}: <clinit>> (0x0000000086124330) thrown at [./src/hotspot/share/prims/jni.cpp, line 1362]
Event: 6.447 Thread 0x000001dbfcd39000 Exception <a 'java/lang/NoSuchMethodError'{0x0000000085ffa818}: 'void java.lang.invoke.DelegatingMethodHandle$Holder.reinvoke_L(java.lang.Object, java.lang.Object, java.lang.Object, java.lang.Object)'> (0x0000000085ffa818) thrown at [./src/hotspot/share/interpreter/linkResolver.cpp, line 773]
Event: 6.462 Thread 0x000001dbfcd39000 Exception <a 'java/lang/NoSuchMethodError'{0x0000000085e31320}: 'long java.lang.invoke.DirectMethodHandle$Holder.invokeInterface(java.lang.Object, java.lang.Object)'> (0x0000000085e31320) thrown at [./src/hotspot/share/interpreter/linkResolver.cpp, line 773]
Event: 6.467 Thread 0x000001dbfcd39000 Exception <a 'java/lang/NoSuchMethodError'{0x0000000085e51820}: 'void java.lang.invoke.DelegatingMethodHandle$Holder.reinvoke_L(java.lang.Object, java.lang.Object, java.lang.Object, java.lang.Object, java.lang.Object, java.lang.Object, java.lang.Object)'> (0x0000000085e51820) thrown at [./src/hotspot/share/interpreter/linkResolver.cpp, line 773]
Event: 6.829 Thread 0x000001dbfcd39000 Exception <a 'java/lang/NoSuchMethodError'{0x00000000853d5150}: 'java.lang.Object java.lang.invoke.DirectMethodHandle$Holder.invokeVirtual(java.lang.Object, java.lang.Object, java.lang.Object)'> (0x00000000853d5150) thrown at [./src/hotspot/share/interpreter/linkResolver.cpp, line 773]
Event: 7.035 Thread 0x000001dbfcd39000 Exception <a 'java/lang/NoSuchMethodError'{0x00000000878ad888}: 'void java.lang.invoke.DirectMethodHandle$Holder.invokeStaticInit(java.lang.Object)'> (0x00000000878ad888) thrown at [./src/hotspot/share/interpreter/linkResolver.cpp, line 773]
Event: 7.351 Thread 0x000001dbfcd39000 Exception <a 'java/lang/NoSuchMethodError'{0x000000008792f100}: 'java.lang.Object java.lang.invoke.DirectMethodHandle$Holder.invokeVirtual(java.lang.Object, java.lang.Object, java.lang.Object, java.lang.Object)'> (0x000000008792f100) thrown at [./src/hotspot/share/interpreter/linkResolver.cpp, line 773]
Event: 7.473 Thread 0x000001dbfcd39000 Exception <a 'java/lang/NoSuchMethodError'{0x000000008755b9d0}: 'int java.lang.invoke.DirectMethodHandle$Holder.invokeSpecialIFC(java.lang.Object, java.lang.Object, java.lang.Object, java.lang.Object)'> (0x000000008755b9d0) thrown at [./src/hotspot/share/interpreter/linkResolver.cpp, line 773]
Event: 7.477 Thread 0x000001dbfcd39000 Exception <a 'java/lang/NoSuchMethodError'{0x0000000087569da0}: 'java.lang.Object java.lang.invoke.DirectMethodHandle$Holder.invokeInterface(java.lang.Object, java.lang.Object, java.lang.Object)'> (0x0000000087569da0) thrown at [./src/hotspot/share/interpreter/linkResolver.cpp, line 773]
Event: 7.477 Thread 0x000001dbfcd39000 Exception <a 'java/lang/IncompatibleClassChangeError'{0x000000008756d520}: Found class java.lang.Object, but interface was expected> (0x000000008756d520) thrown at [./src/hotspot/share/interpreter/linkResolver.cpp, line 839]

Events (20 events):
Event: 7.515 Executing VM operation: RevokeBias
Event: 7.515 Executing VM operation: RevokeBias done
Event: 7.515 Executing VM operation: RevokeBias
Event: 7.515 Executing VM operation: RevokeBias done
Event: 7.515 Executing VM operation: RevokeBias
Event: 7.515 Executing VM operation: RevokeBias done
Event: 7.516 loading class com/google/common/io/CharStreams
Event: 7.516 loading class com/google/common/io/CharStreams done
Event: 7.516 loading class com/google/common/io/CharStreams$NullWriter
Event: 7.516 loading class com/google/common/io/CharStreams$NullWriter done
Event: 7.516 loading class com/google/common/io/AppendableWriter
Event: 7.516 loading class com/google/common/io/AppendableWriter done
Event: 7.517 loading class com/google/common/io/LineReader
Event: 7.517 loading class com/google/common/io/LineReader done
Event: 7.518 loading class com/google/common/io/LineBuffer
Event: 7.518 loading class com/google/common/io/LineBuffer done
Event: 7.518 loading class com/google/common/io/LineReader$1
Event: 7.518 loading class com/google/common/io/LineReader$1 done
Event: 7.521 loading class org/gradle/configuration/DefaultImportsReader$2
Event: 7.521 loading class org/gradle/configuration/DefaultImportsReader$2 done


Dynamic libraries:
0x00007ff650460000 - 0x00007ff65046a000 	C:\Users\Admin\Downloads\android-studio\jre\bin\java.exe
0x00007ffdaee90000 - 0x00007ffdaf086000 	C:\Windows\SYSTEM32\ntdll.dll
0x00007ffdad960000 - 0x00007ffdada1d000 	C:\Windows\System32\KERNEL32.DLL
0x00007ffdaca20000 - 0x00007ffdacce9000 	C:\Windows\System32\KERNELBASE.dll
0x00007ffdacda0000 - 0x00007ffdacea0000 	C:\Windows\System32\ucrtbase.dll
0x00007ffd99270000 - 0x00007ffd99287000 	C:\Users\Admin\Downloads\android-studio\jre\bin\VCRUNTIME140.dll
0x00007ffd9eea0000 - 0x00007ffd9eeb9000 	C:\Users\Admin\Downloads\android-studio\jre\bin\jli.dll
0x00007ffdaeaa0000 - 0x00007ffdaec40000 	C:\Windows\System32\USER32.dll
0x00007ffdac950000 - 0x00007ffdac972000 	C:\Windows\System32\win32u.dll
0x00007ffdad340000 - 0x00007ffdad36a000 	C:\Windows\System32\GDI32.dll
0x00007ffdac790000 - 0x00007ffdac899000 	C:\Windows\System32\gdi32full.dll
0x00007ffdac980000 - 0x00007ffdaca1d000 	C:\Windows\System32\msvcp_win.dll
0x00007ffd9bdc0000 - 0x00007ffd9c05b000 	C:\Windows\WinSxS\amd64_microsoft.windows.common-controls_6595b64144ccf1df_6.0.19041.488_none_ca04af081b815d21\COMCTL32.dll
0x00007ffdad680000 - 0x00007ffdad71e000 	C:\Windows\System32\msvcrt.dll
0x00007ffdae6e0000 - 0x00007ffdae710000 	C:\Windows\System32\IMM32.DLL
0x00007ffd991d0000 - 0x00007ffd9926d000 	C:\Users\Admin\Downloads\android-studio\jre\bin\msvcp140.dll
0x00007ffd806e0000 - 0x00007ffd8119c000 	C:\Users\Admin\Downloads\android-studio\jre\bin\server\jvm.dll
0x00007ffdae830000 - 0x00007ffdae8dc000 	C:\Windows\System32\ADVAPI32.dll
0x00007ffdad370000 - 0x00007ffdad40c000 	C:\Windows\System32\sechost.dll
0x00007ffdad410000 - 0x00007ffdad53b000 	C:\Windows\System32\RPCRT4.dll
0x00007ffdad670000 - 0x00007ffdad678000 	C:\Windows\System32\PSAPI.DLL
0x00007ffd9b600000 - 0x00007ffd9b627000 	C:\Windows\SYSTEM32\WINMM.dll
0x00007ffda5190000 - 0x00007ffda519a000 	C:\Windows\SYSTEM32\VERSION.dll
0x00007ffda34b0000 - 0x00007ffda34b9000 	C:\Windows\SYSTEM32\WSOCK32.dll
0x00007ffdad540000 - 0x00007ffdad5ab000 	C:\Windows\System32\WS2_32.dll
0x00007ffdaaeb0000 - 0x00007ffdaaec2000 	C:\Windows\SYSTEM32\kernel.appcore.dll
0x00007ffda3490000 - 0x00007ffda34a1000 	C:\Users\Admin\Downloads\android-studio\jre\bin\verify.dll
0x00007ffd9a360000 - 0x00007ffd9a544000 	C:\Windows\SYSTEM32\DBGHELP.DLL
0x00007ffd9a020000 - 0x00007ffd9a04c000 	C:\Windows\SYSTEM32\dbgcore.DLL
0x00007ffdac8d0000 - 0x00007ffdac950000 	C:\Windows\System32\bcryptPrimitives.dll
0x00007ffd9fa60000 - 0x00007ffd9fa89000 	C:\Users\Admin\Downloads\android-studio\jre\bin\java.dll
0x00007ffda2dc0000 - 0x00007ffda2dcb000 	C:\Users\Admin\Downloads\android-studio\jre\bin\jimage.dll
0x00007ffd9f8c0000 - 0x00007ffd9f8d8000 	C:\Users\Admin\Downloads\android-studio\jre\bin\zip.dll
0x00007ffdadb10000 - 0x00007ffdae252000 	C:\Windows\System32\SHELL32.dll
0x00007ffdaa5f0000 - 0x00007ffdaad85000 	C:\Windows\SYSTEM32\windows.storage.dll
0x00007ffdacfe0000 - 0x00007ffdad336000 	C:\Windows\System32\combase.dll
0x00007ffdabf70000 - 0x00007ffdabf9c000 	C:\Windows\SYSTEM32\Wldp.dll
0x00007ffdae8e0000 - 0x00007ffdae98e000 	C:\Windows\System32\SHCORE.dll
0x00007ffdad900000 - 0x00007ffdad955000 	C:\Windows\System32\shlwapi.dll
0x00007ffdac500000 - 0x00007ffdac526000 	C:\Windows\SYSTEM32\profapi.dll
0x00007ffd9f8a0000 - 0x00007ffd9f8ba000 	C:\Users\Admin\Downloads\android-studio\jre\bin\net.dll
0x00007ffd9f150000 - 0x00007ffd9f250000 	C:\Windows\SYSTEM32\WINHTTP.dll
0x00007ffdabcf0000 - 0x00007ffdabd5a000 	C:\Windows\system32\mswsock.dll
0x00007ffd9f880000 - 0x00007ffd9f894000 	C:\Users\Admin\Downloads\android-studio\jre\bin\nio.dll
0x00007ffda2f70000 - 0x00007ffda2f96000 	C:\Users\Admin\.gradle\native\31\windows-amd64\native-platform.dll
0x00007ffda22a0000 - 0x00007ffda22aa000 	C:\Users\Admin\Downloads\android-studio\jre\bin\management.dll
0x00007ffda02e0000 - 0x00007ffda02ec000 	C:\Users\Admin\Downloads\android-studio\jre\bin\management_ext.dll
0x00007ffdabed0000 - 0x00007ffdabee8000 	C:\Windows\SYSTEM32\CRYPTSP.dll
0x00007ffdab680000 - 0x00007ffdab6b4000 	C:\Windows\system32\rsaenh.dll
0x00007ffdac8a0000 - 0x00007ffdac8c7000 	C:\Windows\System32\bcrypt.dll
0x00007ffdac480000 - 0x00007ffdac4ae000 	C:\Windows\SYSTEM32\USERENV.dll
0x00007ffdabec0000 - 0x00007ffdabecc000 	C:\Windows\SYSTEM32\CRYPTBASE.dll
0x00007ffdab9e0000 - 0x00007ffdaba1b000 	C:\Windows\SYSTEM32\IPHLPAPI.DLL
0x00007ffdacef0000 - 0x00007ffdacef8000 	C:\Windows\System32\NSI.dll
0x00007ffda4160000 - 0x00007ffda4177000 	C:\Windows\SYSTEM32\dhcpcsvc6.DLL
0x00007ffda4100000 - 0x00007ffda411d000 	C:\Windows\SYSTEM32\dhcpcsvc.DLL
0x00007ffdaba20000 - 0x00007ffdabaeb000 	C:\Windows\SYSTEM32\DNSAPI.dll

dbghelp: loaded successfully - version: 4.0.5 - missing functions: none
symbol engine: initialized successfully - sym options: 0x614 - pdb path: .;C:\Users\Admin\Downloads\android-studio\jre\bin;C:\Windows\SYSTEM32;C:\Windows\WinSxS\amd64_microsoft.windows.common-controls_6595b64144ccf1df_6.0.19041.488_none_ca04af081b815d21;C:\Users\Admin\Downloads\android-studio\jre\bin\server;C:\Users\Admin\.gradle\native\31\windows-amd64

VM Arguments:
jvm_args: --add-opens=java.base/java.util=ALL-UNNAMED --add-opens=java.base/java.lang=ALL-UNNAMED --add-opens=java.base/java.lang.invoke=ALL-UNNAMED --add-opens=java.prefs/java.util.prefs=ALL-UNNAMED -Xmx2048m -Dfile.encoding=windows-1252 -Duser.country=US -Duser.language=en -Duser.variant 
java_command: org.gradle.launcher.daemon.bootstrap.GradleDaemon 6.1.1
java_class_path (initial): C:\Users\Admin\.gradle\wrapper\dists\gradle-6.1.1-all\cfmwm155h49vnt3hynmlrsdst\gradle-6.1.1\lib\gradle-launcher-6.1.1.jar
Launcher Type: SUN_STANDARD

[Global flags]
     intx CICompilerCount                          = 3                                         {product} {ergonomic}
     uint ConcGCThreads                            = 1                                         {product} {ergonomic}
     uint G1ConcRefinementThreads                  = 4                                         {product} {ergonomic}
   size_t G1HeapRegionSize                         = 1048576                                   {product} {ergonomic}
    uintx GCDrainStackTargetSize                   = 64                                        {product} {ergonomic}
   size_t InitialHeapSize                          = 127926272                                 {product} {ergonomic}
   size_t MarkStackSize                            = 4194304                                   {product} {ergonomic}
   size_t MaxHeapSize                              = 2147483648                                {product} {command line}
   size_t MaxNewSize                               = 1287651328                                {product} {ergonomic}
   size_t MinHeapDeltaBytes                        = 1048576                                   {product} {ergonomic}
    uintx NonNMethodCodeHeapSize                   = 5830732                                {pd product} {ergonomic}
    uintx NonProfiledCodeHeapSize                  = 122913754                              {pd product} {ergonomic}
    uintx ProfiledCodeHeapSize                     = 122913754                              {pd product} {ergonomic}
    uintx ReservedCodeCacheSize                    = 251658240                              {pd product} {ergonomic}
     bool SegmentedCodeCache                       = true                                      {product} {ergonomic}
     bool UseCompressedClassPointers               = true                                 {lp64_product} {ergonomic}
     bool UseCompressedOops                        = true                                 {lp64_product} {ergonomic}
     bool UseG1GC                                  = true                                      {product} {ergonomic}
     bool UseLargePagesIndividualAllocation        = false                                  {pd product} {ergonomic}

Logging:
Log output configuration:
 #0: stdout all=warning uptime,level,tags
 #1: stderr all=off uptime,level,tags

Environment Variables:
PATH=C:\Program Files (x86)\Common Files\Oracle\Java\javapath;C:\Windows\system32;C:\Windows;C:\Windows\System32\Wbem;C:\Windows\System32\WindowsPowerShell\v1.0\;C:\Windows\System32\OpenSSH\;C:\Program Files\Microsoft VS Code\bin;C:\Program Files\Git\cmd;C:\Program Files\MySQL\MySQL Shell 8.0\bin\;C:\Users\Admin\AppData\Local\Microsoft\WindowsApps;
USERNAME=Admin
OS=Windows_NT
PROCESSOR_IDENTIFIER=Intel64 Family 6 Model 58 Stepping 9, GenuineIntel



---------------  S Y S T E M  ---------------

OS: Windows 10 , 64 bit Build 19041 (10.0.19041.662)
OS uptime: 0 days 2:25 hours

CPU:total 4 (initial active 4) (2 cores per cpu, 2 threads per core) family 6 model 58 stepping 9, cmov, cx8, fxsr, mmx, sse, sse2, sse3, ssse3, sse4.1, sse4.2, popcnt, avx, clmul, erms, ht, tsc, tscinvbit, tscinv

Memory: 4k page, system-wide physical 7753M (224M free)
TotalPageFile size 23308M (AvailPageFile size 4M)
current process WorkingSet (physical memory assigned to process): 147M, peak: 147M
current process commit charge ("private bytes"): 243M, peak: 244M

vm_info: OpenJDK 64-Bit Server VM (11.0.8+10-b944.6842174) for windows-amd64 JRE (11.0.8+10-b944.6842174), built on Sep 19 2020 01:11:42 by "builder" with MS VC++ 14.0 (VS2015)

END.
