#
# There is insufficient memory for the Java Runtime Environment to continue.
# Native memory allocation (malloc) failed to allocate 32744 bytes for ChunkPool::allocate
# Possible reasons:
#   The system is out of physical RAM or swap space
#   The process is running with CompressedOops enabled, and the Java Heap may be blocking the growth of the native heap
# Possible solutions:
#   Reduce memory load on the system
#   Increase physical memory or swap space
#   Check if swap backing store is full
#   Decrease Java heap size (-Xmx/-Xms)
#   Decrease number of Java threads
#   Decrease Java thread stack sizes (-Xss)
#   Set larger code cache with -XX:ReservedCodeCacheSize=
#   JVM is running with Unscaled Compressed Oops mode in which the Java heap is
#     placed in the first 4GB address space. The Java Heap base address is the
#     maximum limit for the native heap growth. Please use -XX:HeapBaseMinAddress
#     to set the Java Heap base and to place the Java Heap above 4GB virtual address.
# This output file may be truncated or incomplete.
#
#  Out of Memory Error (./src/hotspot/share/memory/arena.cpp:81), pid=6172, tid=12956
#
# JRE version: OpenJDK Runtime Environment (11.0.8+10) (build 11.0.8+10-b944.6842174)
# Java VM: OpenJDK 64-Bit Server VM (11.0.8+10-b944.6842174, mixed mode, tiered, compressed oops, g1 gc, windows-amd64)
# No core dump will be written. Minidumps are not enabled by default on client versions of Windows
#

---------------  S U M M A R Y ------------

Command Line: --add-opens=java.base/java.util=ALL-UNNAMED --add-opens=java.base/java.lang=ALL-UNNAMED --add-opens=java.base/java.lang.invoke=ALL-UNNAMED --add-opens=java.prefs/java.util.prefs=ALL-UNNAMED -Xmx2048m -Dfile.encoding=windows-1252 -Duser.country=US -Duser.language=en -Duser.variant org.gradle.launcher.daemon.bootstrap.GradleDaemon 6.1.1

Host: Intel(R) Core(TM) i3-3110M CPU @ 2.40GHz, 4 cores, 7G,  Windows 10 , 64 bit Build 19041 (10.0.19041.662)
Time: Mon Dec 21 17:02:07 2020 India Standard Time elapsed time: 36 seconds (0d 0h 0m 36s)

---------------  T H R E A D  ---------------

Current thread (0x000002705c91b000):  JavaThread "C2 CompilerThread0" daemon [_thread_in_native, id=12956, stack(0x000000bdc2000000,0x000000bdc2100000)]


Current CompileTask:
C2:  36658 3643       4       org.codehaus.groovy.runtime.metaclass.MetaMethodIndex::addMethodToList (298 bytes)

Stack: [0x000000bdc2000000,0x000000bdc2100000]
Native frames: (J=compiled Java code, j=interpreted, Vv=VM code, C=native code)
V  [jvm.dll+0x5de50a]
V  [jvm.dll+0x7122f5]
V  [jvm.dll+0x71384d]
V  [jvm.dll+0x713f03]
V  [jvm.dll+0x23e728]
V  [jvm.dll+0xb8beb]
V  [jvm.dll+0xb8e9c]
V  [jvm.dll+0x35555e]
V  [jvm.dll+0x35027e]
V  [jvm.dll+0x31dea3]
V  [jvm.dll+0x31d39a]
V  [jvm.dll+0x1f7702]
V  [jvm.dll+0x1f68d4]
V  [jvm.dll+0x17f32c]
V  [jvm.dll+0x205047]
V  [jvm.dll+0x203891]
V  [jvm.dll+0x6dad3f]
V  [jvm.dll+0x6d3895]
V  [jvm.dll+0x5dd4a6]
C  [ucrtbase.dll+0x214c2]
C  [KERNEL32.DLL+0x17034]
C  [ntdll.dll+0x4d0d1]


---------------  P R O C E S S  ---------------

Threads class SMR info:
_java_thread_list=0x000002705f687b70, length=29, elements={
0x0000027040f47800, 0x000002705c8f8800, 0x000002705c8fd000, 0x000002705c917800,
0x000002705c919800, 0x000002705c91b000, 0x000002705c91f800, 0x000002705c92d800,
0x000002705d3ea800, 0x000002705d3ee800, 0x000002705ef3c800, 0x000002705efa3800,
0x000002705e13f800, 0x000002705e9a4000, 0x000002705ee8c800, 0x000002705e9b5800,
0x000002705d7b2800, 0x000002705d6a6800, 0x000002705d6a7000, 0x000002705e093800,
0x000002705dde4000, 0x000002705dde3000, 0x000002705dde4800, 0x000002705dde2000,
0x000002705dde5800, 0x000002705dde7000, 0x000002705dde1800, 0x000002705dde6800,
0x000002705dde8000
}

Java Threads: ( => current thread )
  0x0000027040f47800 JavaThread "main" [_thread_blocked, id=11348, stack(0x000000bdc1500000,0x000000bdc1600000)]
  0x000002705c8f8800 JavaThread "Reference Handler" daemon [_thread_blocked, id=16812, stack(0x000000bdc1c00000,0x000000bdc1d00000)]
  0x000002705c8fd000 JavaThread "Finalizer" daemon [_thread_blocked, id=10412, stack(0x000000bdc1d00000,0x000000bdc1e00000)]
  0x000002705c917800 JavaThread "Signal Dispatcher" daemon [_thread_blocked, id=7020, stack(0x000000bdc1e00000,0x000000bdc1f00000)]
  0x000002705c919800 JavaThread "Attach Listener" daemon [_thread_blocked, id=15780, stack(0x000000bdc1f00000,0x000000bdc2000000)]
=>0x000002705c91b000 JavaThread "C2 CompilerThread0" daemon [_thread_in_native, id=12956, stack(0x000000bdc2000000,0x000000bdc2100000)]
  0x000002705c91f800 JavaThread "C1 CompilerThread0" daemon [_thread_in_native, id=9356, stack(0x000000bdc2100000,0x000000bdc2200000)]
  0x000002705c92d800 JavaThread "Sweeper thread" daemon [_thread_blocked, id=11768, stack(0x000000bdc2200000,0x000000bdc2300000)]
  0x000002705d3ea800 JavaThread "Common-Cleaner" daemon [_thread_blocked, id=16616, stack(0x000000bdc2300000,0x000000bdc2400000)]
  0x000002705d3ee800 JavaThread "Service Thread" daemon [_thread_blocked, id=448, stack(0x000000bdc2400000,0x000000bdc2500000)]
  0x000002705ef3c800 JavaThread "Daemon health stats" [_thread_blocked, id=6976, stack(0x000000bdc2700000,0x000000bdc2800000)]
  0x000002705efa3800 JavaThread "Incoming local TCP Connector on port 64144" [_thread_in_native, id=3416, stack(0x000000bdc2800000,0x000000bdc2900000)]
  0x000002705e13f800 JavaThread "Daemon periodic checks" [_thread_blocked, id=13916, stack(0x000000bdc2900000,0x000000bdc2a00000)]
  0x000002705e9a4000 JavaThread "Daemon" [_thread_blocked, id=15964, stack(0x000000bdc2a00000,0x000000bdc2b00000)]
  0x000002705ee8c800 JavaThread "Handler for socket connection from /127.0.0.1:64144 to /127.0.0.1:64145" [_thread_in_native, id=3864, stack(0x000000bdc2b00000,0x000000bdc2c00000)]
  0x000002705e9b5800 JavaThread "Cancel handler" [_thread_blocked, id=6588, stack(0x000000bdc2c00000,0x000000bdc2d00000)]
  0x000002705d7b2800 JavaThread "Daemon worker" [_thread_in_native, id=4000, stack(0x000000bdc2d00000,0x000000bdc2e00000)]
  0x000002705d6a6800 JavaThread "Asynchronous log dispatcher for DefaultDaemonConnection: socket connection from /127.0.0.1:64144 to /127.0.0.1:64145" [_thread_blocked, id=7356, stack(0x000000bdc2e00000,0x000000bdc2f00000)]
  0x000002705d6a7000 JavaThread "Stdin handler" [_thread_blocked, id=5076, stack(0x000000bdc2f00000,0x000000bdc3000000)]
  0x000002705e093800 JavaThread "Thread-8" [_thread_blocked, id=8152, stack(0x000000bdc3000000,0x000000bdc3100000)]
  0x000002705dde4000 JavaThread "Cache worker for journal cache (C:\Users\Admin\.gradle\caches\journal-1)" [_thread_blocked, id=13420, stack(0x000000bdc3300000,0x000000bdc3400000)]
  0x000002705dde3000 JavaThread "File lock request listener" [_thread_in_native, id=6724, stack(0x000000bdc3400000,0x000000bdc3500000)]
  0x000002705dde4800 JavaThread "File lock release action executor" [_thread_blocked, id=8440, stack(0x000000bdc3500000,0x000000bdc3600000)]
  0x000002705dde2000 JavaThread "Cache worker for file hash cache (C:\Users\Admin\.gradle\caches\6.1.1\fileHashes)" [_thread_blocked, id=16556, stack(0x000000bdc3600000,0x000000bdc3700000)]
  0x000002705dde5800 JavaThread "Cache worker for checksums cache (D:\TransporterVendor\.gradle\checksums)" [_thread_blocked, id=14984, stack(0x000000bdc3700000,0x000000bdc3800000)]
  0x000002705dde7000 JavaThread "Cache worker for file hash cache (D:\TransporterVendor\.gradle\6.1.1\fileHashes)" [_thread_blocked, id=14308, stack(0x000000bdc3800000,0x000000bdc3900000)]
  0x000002705dde1800 JavaThread "Cache worker for cache directory md-supplier (C:\Users\Admin\.gradle\caches\6.1.1\md-supplier)" [_thread_blocked, id=10128, stack(0x000000bdc3900000,0x000000bdc3a00000)]
  0x000002705dde6800 JavaThread "Cache worker for cache directory md-rule (C:\Users\Admin\.gradle\caches\6.1.1\md-rule)" [_thread_blocked, id=2356, stack(0x000000bdc3a00000,0x000000bdc3b00000)]
  0x000002705dde8000 JavaThread "Cache worker for execution history cache (C:\Users\Admin\.gradle\caches\6.1.1\executionHistory)" [_thread_blocked, id=8232, stack(0x000000bdc3b00000,0x000000bdc3c00000)]

Other Threads:
  0x000002705c8f5800 VMThread "VM Thread" [stack: 0x000000bdc1b00000,0x000000bdc1c00000] [id=2856]
  0x000002705d3f0000 WatcherThread [stack: 0x000000bdc2500000,0x000000bdc2600000] [id=7024]
  0x0000027040f60800 GCTaskThread "GC Thread#0" [stack: 0x000000bdc1600000,0x000000bdc1700000] [id=1256]
  0x000002705d733800 GCTaskThread "GC Thread#1" [stack: 0x000000bdc2600000,0x000000bdc2700000] [id=17256]
  0x000002705ed64800 GCTaskThread "GC Thread#2" [stack: 0x000000bdc3100000,0x000000bdc3200000] [id=11784]
  0x000002705d806800 GCTaskThread "GC Thread#3" [stack: 0x000000bdc3200000,0x000000bdc3300000] [id=12972]
  0x0000027040f93000 ConcurrentGCThread "G1 Main Marker" [stack: 0x000000bdc1700000,0x000000bdc1800000] [id=7540]
  0x0000027040f96800 ConcurrentGCThread "G1 Conc#0" [stack: 0x000000bdc1800000,0x000000bdc1900000] [id=8400]
  0x0000027041010000 ConcurrentGCThread "G1 Refine#0" [stack: 0x000000bdc1900000,0x000000bdc1a00000] [id=12556]
  0x0000027041011000 ConcurrentGCThread "G1 Young RemSet Sampling" [stack: 0x000000bdc1a00000,0x000000bdc1b00000] [id=11996]

Threads with active compile tasks:
C2 CompilerThread0  36713 3643       4       org.codehaus.groovy.runtime.metaclass.MetaMethodIndex::addMethodToList (298 bytes)
C1 CompilerThread0  36713 3731   !   3       org.codehaus.groovy.antlr.parser.GroovyLexer::nextToken (2683 bytes)

VM state:not at safepoint (normal execution)

VM Mutex/Monitor currently owned by a thread: None

Heap address: 0x0000000080000000, size: 2048 MB, Compressed Oops mode: 32-bit
Narrow klass base: 0x0000000000000000, Narrow klass shift: 3
Compressed class space size: 1073741824 Address: 0x0000000100000000

Heap:
 garbage-first heap   total 124928K, used 58536K [0x0000000080000000, 0x0000000100000000)
  region size 1024K, 23 young (23552K), 5 survivors (5120K)
 Metaspace       used 41898K, capacity 42799K, committed 42984K, reserved 1087488K
  class space    used 5175K, capacity 5490K, committed 5504K, reserved 1048576K
Heap Regions: E=young(eden), S=young(survivor), O=old, HS=humongous(starts), HC=humongous(continues), CS=collection set, F=free, A=archive, TAMS=top-at-mark-start (previous, next)
|   0|0x0000000080000000, 0x0000000080100000, 0x0000000080100000|100%| O|  |TAMS 0x0000000080100000, 0x0000000080000000| Untracked 
|   1|0x0000000080100000, 0x0000000080200000, 0x0000000080200000|100%| O|  |TAMS 0x0000000080200000, 0x0000000080100000| Untracked 
|   2|0x0000000080200000, 0x0000000080300000, 0x0000000080300000|100%| O|  |TAMS 0x0000000080300000, 0x0000000080200000| Untracked 
|   3|0x0000000080300000, 0x0000000080400000, 0x0000000080400000|100%|HS|  |TAMS 0x0000000080400000, 0x0000000080300000| Complete 
|   4|0x0000000080400000, 0x0000000080500000, 0x0000000080500000|100%|HC|  |TAMS 0x0000000080500000, 0x0000000080400000| Complete 
|   5|0x0000000080500000, 0x0000000080600000, 0x0000000080600000|100%|HC|  |TAMS 0x0000000080600000, 0x0000000080500000| Complete 
|   6|0x0000000080600000, 0x0000000080700000, 0x0000000080700000|100%| O|  |TAMS 0x0000000080700000, 0x0000000080600000| Untracked 
|   7|0x0000000080700000, 0x0000000080800000, 0x0000000080800000|100%| O|  |TAMS 0x0000000080800000, 0x0000000080700000| Untracked 
|   8|0x0000000080800000, 0x0000000080900000, 0x0000000080900000|100%| O|  |TAMS 0x0000000080900000, 0x0000000080800000| Untracked 
|   9|0x0000000080900000, 0x0000000080a00000, 0x0000000080a00000|100%| O|  |TAMS 0x0000000080a00000, 0x0000000080900000| Untracked 
|  10|0x0000000080a00000, 0x0000000080b00000, 0x0000000080b00000|100%| O|  |TAMS 0x0000000080b00000, 0x0000000080a00000| Untracked 
|  11|0x0000000080b00000, 0x0000000080c00000, 0x0000000080c00000|100%| O|  |TAMS 0x0000000080c00000, 0x0000000080b00000| Untracked 
|  12|0x0000000080c00000, 0x0000000080d00000, 0x0000000080d00000|100%| O|  |TAMS 0x0000000080d00000, 0x0000000080c00000| Untracked 
|  13|0x0000000080d00000, 0x0000000080e00000, 0x0000000080e00000|100%|HS|  |TAMS 0x0000000080e00000, 0x0000000080d00000| Complete 
|  14|0x0000000080e00000, 0x0000000080f00000, 0x0000000080f00000|100%|HC|  |TAMS 0x0000000080f00000, 0x0000000080e00000| Complete 
|  15|0x0000000080f00000, 0x0000000081000000, 0x0000000081000000|100%|HS|  |TAMS 0x0000000081000000, 0x0000000080f00000| Complete 
|  16|0x0000000081000000, 0x0000000081100000, 0x0000000081100000|100%|HC|  |TAMS 0x0000000081100000, 0x0000000081000000| Complete 
|  17|0x0000000081100000, 0x0000000081200000, 0x0000000081200000|100%|HC|  |TAMS 0x0000000081200000, 0x0000000081100000| Complete 
|  18|0x0000000081200000, 0x0000000081300000, 0x0000000081300000|100%|HS|  |TAMS 0x0000000081300000, 0x0000000081200000| Complete 
|  19|0x0000000081300000, 0x0000000081400000, 0x0000000081400000|100%|HC|  |TAMS 0x0000000081400000, 0x0000000081300000| Complete 
|  20|0x0000000081400000, 0x0000000081500000, 0x0000000081500000|100%|HC|  |TAMS 0x0000000081500000, 0x0000000081400000| Complete 
|  21|0x0000000081500000, 0x0000000081600000, 0x0000000081600000|100%|HC|  |TAMS 0x0000000081600000, 0x0000000081500000| Complete 
|  22|0x0000000081600000, 0x0000000081700000, 0x0000000081700000|100%| O|  |TAMS 0x0000000081700000, 0x0000000081600000| Untracked 
|  23|0x0000000081700000, 0x0000000081800000, 0x0000000081800000|100%| O|  |TAMS 0x0000000081800000, 0x0000000081700000| Untracked 
|  24|0x0000000081800000, 0x0000000081900000, 0x0000000081900000|100%| O|  |TAMS 0x0000000081900000, 0x0000000081800000| Untracked 
|  25|0x0000000081900000, 0x0000000081a00000, 0x0000000081a00000|100%| O|  |TAMS 0x0000000081a00000, 0x0000000081900000| Untracked 
|  26|0x0000000081a00000, 0x0000000081b00000, 0x0000000081b00000|100%| O|  |TAMS 0x0000000081b00000, 0x0000000081a00000| Untracked 
|  27|0x0000000081b00000, 0x0000000081c00000, 0x0000000081c00000|100%| O|  |TAMS 0x0000000081c00000, 0x0000000081b00000| Untracked 
|  28|0x0000000081c00000, 0x0000000081d00000, 0x0000000081d00000|100%| O|  |TAMS 0x0000000081cda000, 0x0000000081c00000| Untracked 
|  29|0x0000000081d00000, 0x0000000081e00000, 0x0000000081e00000|100%| O|  |TAMS 0x0000000081d00000, 0x0000000081d00000| Untracked 
|  30|0x0000000081e00000, 0x0000000081f00000, 0x0000000081f00000|100%| O|  |TAMS 0x0000000081e00000, 0x0000000081e00000| Untracked 
|  31|0x0000000081f00000, 0x0000000082000000, 0x0000000082000000|100%| O|  |TAMS 0x0000000081f00000, 0x0000000081f00000| Untracked 
|  32|0x0000000082000000, 0x0000000082100000, 0x0000000082100000|100%| O|  |TAMS 0x0000000082000000, 0x0000000082000000| Untracked 
|  33|0x0000000082100000, 0x0000000082200000, 0x0000000082200000|100%| O|  |TAMS 0x0000000082100000, 0x0000000082100000| Untracked 
|  34|0x0000000082200000, 0x0000000082300000, 0x0000000082300000|100%| O|  |TAMS 0x0000000082200000, 0x0000000082200000| Untracked 
|  35|0x0000000082300000, 0x0000000082331c00, 0x0000000082400000| 19%| O|  |TAMS 0x0000000082300000, 0x0000000082300000| Untracked 
|  36|0x0000000082400000, 0x0000000082400000, 0x0000000082500000|  0%| F|  |TAMS 0x0000000082400000, 0x0000000082400000| Untracked 
|  37|0x0000000082500000, 0x0000000082500000, 0x0000000082600000|  0%| F|  |TAMS 0x0000000082500000, 0x0000000082500000| Untracked 
|  38|0x0000000082600000, 0x0000000082600000, 0x0000000082700000|  0%| F|  |TAMS 0x0000000082600000, 0x0000000082600000| Untracked 
|  39|0x0000000082700000, 0x0000000082700000, 0x0000000082800000|  0%| F|  |TAMS 0x0000000082700000, 0x0000000082700000| Untracked 
|  40|0x0000000082800000, 0x0000000082800000, 0x0000000082900000|  0%| F|  |TAMS 0x0000000082800000, 0x0000000082800000| Untracked 
|  41|0x0000000082900000, 0x0000000082900000, 0x0000000082a00000|  0%| F|  |TAMS 0x0000000082900000, 0x0000000082900000| Untracked 
|  42|0x0000000082a00000, 0x0000000082a00000, 0x0000000082b00000|  0%| F|  |TAMS 0x0000000082a00000, 0x0000000082a00000| Untracked 
|  43|0x0000000082b00000, 0x0000000082b00000, 0x0000000082c00000|  0%| F|  |TAMS 0x0000000082b00000, 0x0000000082b00000| Untracked 
|  44|0x0000000082c00000, 0x0000000082c00000, 0x0000000082d00000|  0%| F|  |TAMS 0x0000000082c00000, 0x0000000082c00000| Untracked 
|  45|0x0000000082d00000, 0x0000000082d00000, 0x0000000082e00000|  0%| F|  |TAMS 0x0000000082d00000, 0x0000000082d00000| Untracked 
|  46|0x0000000082e00000, 0x0000000082e00000, 0x0000000082f00000|  0%| F|  |TAMS 0x0000000082e00000, 0x0000000082e00000| Untracked 
|  47|0x0000000082f00000, 0x0000000082f00000, 0x0000000083000000|  0%| F|  |TAMS 0x0000000082f00000, 0x0000000082f00000| Untracked 
|  48|0x0000000083000000, 0x0000000083000000, 0x0000000083100000|  0%| F|  |TAMS 0x0000000083000000, 0x0000000083000000| Untracked 
|  49|0x0000000083100000, 0x0000000083100000, 0x0000000083200000|  0%| F|  |TAMS 0x0000000083100000, 0x0000000083100000| Untracked 
|  50|0x0000000083200000, 0x0000000083200000, 0x0000000083300000|  0%| F|  |TAMS 0x0000000083200000, 0x0000000083200000| Untracked 
|  51|0x0000000083300000, 0x0000000083300000, 0x0000000083400000|  0%| F|  |TAMS 0x0000000083300000, 0x0000000083300000| Untracked 
|  52|0x0000000083400000, 0x0000000083400000, 0x0000000083500000|  0%| F|  |TAMS 0x0000000083400000, 0x0000000083400000| Untracked 
|  53|0x0000000083500000, 0x0000000083500000, 0x0000000083600000|  0%| F|  |TAMS 0x0000000083500000, 0x0000000083500000| Untracked 
|  54|0x0000000083600000, 0x0000000083600000, 0x0000000083700000|  0%| F|  |TAMS 0x0000000083600000, 0x0000000083600000| Untracked 
|  55|0x0000000083700000, 0x0000000083700000, 0x0000000083800000|  0%| F|  |TAMS 0x0000000083700000, 0x0000000083700000| Untracked 
|  56|0x0000000083800000, 0x0000000083800000, 0x0000000083900000|  0%| F|  |TAMS 0x0000000083800000, 0x0000000083800000| Untracked 
|  57|0x0000000083900000, 0x0000000083900000, 0x0000000083a00000|  0%| F|  |TAMS 0x0000000083900000, 0x0000000083900000| Untracked 
|  58|0x0000000083a00000, 0x0000000083a00000, 0x0000000083b00000|  0%| F|  |TAMS 0x0000000083a00000, 0x0000000083a00000| Untracked 
|  59|0x0000000083b00000, 0x0000000083b00000, 0x0000000083c00000|  0%| F|  |TAMS 0x0000000083b00000, 0x0000000083b00000| Untracked 
|  60|0x0000000083c00000, 0x0000000083c00000, 0x0000000083d00000|  0%| F|  |TAMS 0x0000000083c00000, 0x0000000083c00000| Untracked 
|  61|0x0000000083d00000, 0x0000000083df8480, 0x0000000083e00000| 96%| S|CS|TAMS 0x0000000083d00000, 0x0000000083d00000| Complete 
|  62|0x0000000083e00000, 0x0000000083f00000, 0x0000000083f00000|100%| S|CS|TAMS 0x0000000083e00000, 0x0000000083e00000| Complete 
|  63|0x0000000083f00000, 0x0000000084000000, 0x0000000084000000|100%| S|CS|TAMS 0x0000000083f00000, 0x0000000083f00000| Complete 
|  64|0x0000000084000000, 0x0000000084100000, 0x0000000084100000|100%| S|CS|TAMS 0x0000000084000000, 0x0000000084000000| Complete 
|  65|0x0000000084100000, 0x0000000084100000, 0x0000000084200000|  0%| F|  |TAMS 0x0000000084100000, 0x0000000084100000| Untracked 
|  66|0x0000000084200000, 0x0000000084300000, 0x0000000084300000|100%| S|CS|TAMS 0x0000000084200000, 0x0000000084200000| Complete 
|  67|0x0000000084300000, 0x0000000084300000, 0x0000000084400000|  0%| F|  |TAMS 0x0000000084300000, 0x0000000084300000| Untracked 
|  68|0x0000000084400000, 0x0000000084400000, 0x0000000084500000|  0%| F|  |TAMS 0x0000000084400000, 0x0000000084400000| Untracked 
|  69|0x0000000084500000, 0x0000000084500000, 0x0000000084600000|  0%| F|  |TAMS 0x0000000084500000, 0x0000000084500000| Untracked 
|  70|0x0000000084600000, 0x0000000084600000, 0x0000000084700000|  0%| F|  |TAMS 0x0000000084600000, 0x0000000084600000| Untracked 
|  71|0x0000000084700000, 0x0000000084700000, 0x0000000084800000|  0%| F|  |TAMS 0x0000000084700000, 0x0000000084700000| Untracked 
|  72|0x0000000084800000, 0x0000000084800000, 0x0000000084900000|  0%| F|  |TAMS 0x0000000084800000, 0x0000000084800000| Untracked 
|  73|0x0000000084900000, 0x0000000084900000, 0x0000000084a00000|  0%| F|  |TAMS 0x0000000084900000, 0x0000000084900000| Untracked 
|  74|0x0000000084a00000, 0x0000000084a00000, 0x0000000084b00000|  0%| F|  |TAMS 0x0000000084a00000, 0x0000000084a00000| Untracked 
|  75|0x0000000084b00000, 0x0000000084b00000, 0x0000000084c00000|  0%| F|  |TAMS 0x0000000084b00000, 0x0000000084b00000| Untracked 
|  76|0x0000000084c00000, 0x0000000084c00000, 0x0000000084d00000|  0%| F|  |TAMS 0x0000000084c00000, 0x0000000084c00000| Untracked 
|  77|0x0000000084d00000, 0x0000000084d00000, 0x0000000084e00000|  0%| F|  |TAMS 0x0000000084d00000, 0x0000000084d00000| Untracked 
|  78|0x0000000084e00000, 0x0000000084e00000, 0x0000000084f00000|  0%| F|  |TAMS 0x0000000084e00000, 0x0000000084e00000| Untracked 
|  79|0x0000000084f00000, 0x0000000084f00000, 0x0000000085000000|  0%| F|  |TAMS 0x0000000084f00000, 0x0000000084f00000| Untracked 
|  80|0x0000000085000000, 0x0000000085000000, 0x0000000085100000|  0%| F|  |TAMS 0x0000000085000000, 0x0000000085000000| Untracked 
|  81|0x0000000085100000, 0x0000000085100000, 0x0000000085200000|  0%| F|  |TAMS 0x0000000085100000, 0x0000000085100000| Untracked 
|  82|0x0000000085200000, 0x0000000085200000, 0x0000000085300000|  0%| F|  |TAMS 0x0000000085200000, 0x0000000085200000| Untracked 
|  83|0x0000000085300000, 0x0000000085300000, 0x0000000085400000|  0%| F|  |TAMS 0x0000000085300000, 0x0000000085300000| Untracked 
|  84|0x0000000085400000, 0x0000000085400000, 0x0000000085500000|  0%| F|  |TAMS 0x0000000085400000, 0x0000000085400000| Untracked 
|  85|0x0000000085500000, 0x0000000085500000, 0x0000000085600000|  0%| F|  |TAMS 0x0000000085500000, 0x0000000085500000| Untracked 
|  86|0x0000000085600000, 0x0000000085600000, 0x0000000085700000|  0%| F|  |TAMS 0x0000000085600000, 0x0000000085600000| Untracked 
|  87|0x0000000085700000, 0x0000000085700000, 0x0000000085800000|  0%| F|  |TAMS 0x0000000085700000, 0x0000000085700000| Untracked 
|  88|0x0000000085800000, 0x0000000085800000, 0x0000000085900000|  0%| F|  |TAMS 0x0000000085800000, 0x0000000085800000| Untracked 
|  89|0x0000000085900000, 0x0000000085900000, 0x0000000085a00000|  0%| F|  |TAMS 0x0000000085900000, 0x0000000085900000| Untracked 
|  90|0x0000000085a00000, 0x0000000085a00000, 0x0000000085b00000|  0%| F|  |TAMS 0x0000000085a00000, 0x0000000085a00000| Untracked 
|  91|0x0000000085b00000, 0x0000000085b00000, 0x0000000085c00000|  0%| F|  |TAMS 0x0000000085b00000, 0x0000000085b00000| Untracked 
|  92|0x0000000085c00000, 0x0000000085c00000, 0x0000000085d00000|  0%| F|  |TAMS 0x0000000085c00000, 0x0000000085c00000| Untracked 
|  93|0x0000000085d00000, 0x0000000085d00000, 0x0000000085e00000|  0%| F|  |TAMS 0x0000000085d00000, 0x0000000085d00000| Untracked 
|  94|0x0000000085e00000, 0x0000000085e00000, 0x0000000085f00000|  0%| F|  |TAMS 0x0000000085e00000, 0x0000000085e00000| Untracked 
|  95|0x0000000085f00000, 0x0000000085f00000, 0x0000000086000000|  0%| F|  |TAMS 0x0000000085f00000, 0x0000000085f00000| Untracked 
|  96|0x0000000086000000, 0x0000000086000000, 0x0000000086100000|  0%| F|  |TAMS 0x0000000086000000, 0x0000000086000000| Untracked 
|  97|0x0000000086100000, 0x0000000086100000, 0x0000000086200000|  0%| F|  |TAMS 0x0000000086100000, 0x0000000086100000| Untracked 
|  98|0x0000000086200000, 0x0000000086200000, 0x0000000086300000|  0%| F|  |TAMS 0x0000000086200000, 0x0000000086200000| Untracked 
|  99|0x0000000086300000, 0x0000000086300000, 0x0000000086400000|  0%| F|  |TAMS 0x0000000086300000, 0x0000000086300000| Untracked 
| 100|0x0000000086400000, 0x0000000086400000, 0x0000000086500000|  0%| F|  |TAMS 0x0000000086400000, 0x0000000086400000| Untracked 
| 101|0x0000000086500000, 0x0000000086500000, 0x0000000086600000|  0%| F|  |TAMS 0x0000000086500000, 0x0000000086500000| Untracked 
| 102|0x0000000086600000, 0x0000000086600000, 0x0000000086700000|  0%| F|  |TAMS 0x0000000086600000, 0x0000000086600000| Untracked 
| 103|0x0000000086700000, 0x0000000086700000, 0x0000000086800000|  0%| F|  |TAMS 0x0000000086700000, 0x0000000086700000| Untracked 
| 104|0x0000000086800000, 0x0000000086800800, 0x0000000086900000|  0%| E|  |TAMS 0x0000000086800000, 0x0000000086800000| Complete 
| 105|0x0000000086900000, 0x0000000086a00000, 0x0000000086a00000|100%| E|CS|TAMS 0x0000000086900000, 0x0000000086900000| Complete 
| 106|0x0000000086a00000, 0x0000000086b00000, 0x0000000086b00000|100%| E|CS|TAMS 0x0000000086a00000, 0x0000000086a00000| Complete 
| 107|0x0000000086b00000, 0x0000000086c00000, 0x0000000086c00000|100%| E|CS|TAMS 0x0000000086b00000, 0x0000000086b00000| Complete 
| 108|0x0000000086c00000, 0x0000000086d00000, 0x0000000086d00000|100%| E|CS|TAMS 0x0000000086c00000, 0x0000000086c00000| Complete 
| 109|0x0000000086d00000, 0x0000000086e00000, 0x0000000086e00000|100%| E|CS|TAMS 0x0000000086d00000, 0x0000000086d00000| Complete 
| 110|0x0000000086e00000, 0x0000000086f00000, 0x0000000086f00000|100%| E|CS|TAMS 0x0000000086e00000, 0x0000000086e00000| Complete 
| 111|0x0000000086f00000, 0x0000000087000000, 0x0000000087000000|100%| E|CS|TAMS 0x0000000086f00000, 0x0000000086f00000| Complete 
| 112|0x0000000087000000, 0x0000000087100000, 0x0000000087100000|100%| E|CS|TAMS 0x0000000087000000, 0x0000000087000000| Complete 
| 113|0x0000000087100000, 0x0000000087200000, 0x0000000087200000|100%| E|CS|TAMS 0x0000000087100000, 0x0000000087100000| Complete 
| 114|0x0000000087200000, 0x0000000087300000, 0x0000000087300000|100%| E|CS|TAMS 0x0000000087200000, 0x0000000087200000| Complete 
| 115|0x0000000087300000, 0x0000000087400000, 0x0000000087400000|100%| E|CS|TAMS 0x0000000087300000, 0x0000000087300000| Complete 
| 116|0x0000000087400000, 0x0000000087500000, 0x0000000087500000|100%| E|CS|TAMS 0x0000000087400000, 0x0000000087400000| Complete 
| 117|0x0000000087500000, 0x0000000087600000, 0x0000000087600000|100%| E|CS|TAMS 0x0000000087500000, 0x0000000087500000| Complete 
| 118|0x0000000087600000, 0x0000000087700000, 0x0000000087700000|100%| E|CS|TAMS 0x0000000087600000, 0x0000000087600000| Complete 
| 119|0x0000000087700000, 0x0000000087800000, 0x0000000087800000|100%| E|CS|TAMS 0x0000000087700000, 0x0000000087700000| Complete 
| 120|0x0000000087800000, 0x0000000087900000, 0x0000000087900000|100%| E|CS|TAMS 0x0000000087800000, 0x0000000087800000| Complete 
| 121|0x0000000087900000, 0x0000000087a00000, 0x0000000087a00000|100%| E|CS|TAMS 0x0000000087900000, 0x0000000087900000| Complete 

Card table byte_map: [0x0000027055b20000,0x0000027055f20000] _byte_map_base: 0x0000027055720000

Marking Bits (Prev, Next): (CMBitMap*) 0x0000027040f8a690, (CMBitMap*) 0x0000027040f8a658
 Prev Bits: [0x0000027058320000, 0x000002705a320000)
 Next Bits: [0x0000027056320000, 0x0000027058320000)

Polling page: 0x0000027040dc0000

Metaspace:

Usage:
  Non-class:     36.43 MB capacity,    35.86 MB ( 98%) used,   513.36 KB (  1%) free+waste,    73.00 KB ( <1%) overhead. 
      Class:      5.36 MB capacity,     5.05 MB ( 94%) used,   280.59 KB (  5%) free+waste,    33.69 KB ( <1%) overhead. 
       Both:     41.80 MB capacity,    40.92 MB ( 98%) used,   793.95 KB (  2%) free+waste,   106.69 KB ( <1%) overhead. 

Virtual space:
  Non-class space:       38.00 MB reserved,      36.60 MB ( 96%) committed 
      Class space:        1.00 GB reserved,       5.38 MB ( <1%) committed 
             Both:        1.04 GB reserved,      41.98 MB (  4%) committed 

Chunk freelists:
   Non-Class:  43.00 KB
       Class:  14.00 KB
        Both:  57.00 KB

MaxMetaspaceSize: 17179869184.00 GB
CompressedClassSpaceSize: 1.00 GB

CodeHeap 'non-profiled nmethods': size=120064Kb used=1722Kb max_used=1722Kb free=118341Kb
 bounds [0x000002704dbc0000, 0x000002704de30000, 0x0000027055100000]
CodeHeap 'profiled nmethods': size=120000Kb used=7325Kb max_used=7325Kb free=112675Kb
 bounds [0x0000027046690000, 0x0000027046dc0000, 0x000002704dbc0000]
CodeHeap 'non-nmethods': size=5696Kb used=2206Kb max_used=2231Kb free=3489Kb
 bounds [0x0000027046100000, 0x0000027046370000, 0x0000027046690000]
 total_blobs=4251 nmethods=3476 adapters=686
 compilation: enabled
              stopped_count=0, restarted_count=0
 full_count=0

Compilation events (20 events):
Event: 36.522 Thread 0x000002705c91f800 nmethod 3706 0x0000027046db4690 code [0x0000027046db4860, 0x0000027046db4aa8]
Event: 36.522 Thread 0x000002705c91f800 3716       3       groovyjarjarantlr.collections.impl.ASTArray::add (19 bytes)
Event: 36.522 Thread 0x000002705c91f800 nmethod 3716 0x0000027046db4b90 code [0x0000027046db4d60, 0x0000027046db4ff8]
Event: 36.522 Thread 0x000002705c91f800 3704       1       org.codehaus.groovy.antlr.GroovySourceAST::setColumnLast (6 bytes)
Event: 36.523 Thread 0x000002705c91f800 nmethod 3704 0x000002704dd6e290 code [0x000002704dd6e440, 0x000002704dd6e4f8]
Event: 36.523 Thread 0x000002705c91f800 3705       1       org.codehaus.groovy.antlr.GroovySourceAST::setLineLast (6 bytes)
Event: 36.523 Thread 0x000002705c91f800 nmethod 3705 0x000002704dd6e590 code [0x000002704dd6e740, 0x000002704dd6e7f8]
Event: 36.523 Thread 0x000002705c91f800 3713       3       groovyjarjarantlr.ASTFactory::create (22 bytes)
Event: 36.523 Thread 0x000002705c91f800 nmethod 3713 0x0000027046db5110 code [0x0000027046db5300, 0x0000027046db5798]
Event: 36.523 Thread 0x000002705c91f800 3714       3       org.codehaus.groovy.antlr.GroovySourceAST::initialize (54 bytes)
Event: 36.524 Thread 0x000002705c91f800 nmethod 3714 0x0000027046db5990 code [0x0000027046db5bc0, 0x0000027046db6568]
Event: 36.524 Thread 0x000002705c91f800 3715       3       groovyjarjarantlr.CommonAST::initialize (17 bytes)
Event: 36.524 Thread 0x000002705c91f800 nmethod 3715 0x0000027046db6710 code [0x0000027046db68e0, 0x0000027046db6cc8]
Event: 36.524 Thread 0x000002705c91f800 3724       3       groovyjarjarantlr.BaseAST::setFirstChild (9 bytes)
Event: 36.524 Thread 0x000002705c91f800 nmethod 3724 0x0000027046db6e10 code [0x0000027046db6fc0, 0x0000027046db71f8]
Event: 36.527 Thread 0x000002705c91f800 3726       3       org.codehaus.groovy.antlr.parser.GroovyRecognizer::nls (104 bytes)
Event: 36.529 Thread 0x000002705c91f800 nmethod 3726 0x0000027046db7290 code [0x0000027046db75c0, 0x0000027046db8a98]
Event: 36.529 Thread 0x000002705c91f800 3727       3       groovyjarjarantlr.Parser::mark (11 bytes)
Event: 36.529 Thread 0x000002705c91f800 nmethod 3727 0x0000027046db9390 code [0x0000027046db9560, 0x0000027046db9708]
Event: 36.529 Thread 0x000002705c91f800 3731   !   3       org.codehaus.groovy.antlr.parser.GroovyLexer::nextToken (2683 bytes)

GC Heap History (20 events):
Event: 9.700 GC heap before
{Heap before GC invocations=4 (full 0):
 garbage-first heap   total 124928K, used 28096K [0x0000000080000000, 0x0000000100000000)
  region size 1024K, 17 young (17408K), 3 survivors (3072K)
 Metaspace       used 20739K, capacity 21175K, committed 21296K, reserved 1069056K
  class space    used 2479K, capacity 2636K, committed 2688K, reserved 1048576K
}
Event: 9.712 GC heap after
{Heap after GC invocations=5 (full 0):
 garbage-first heap   total 124928K, used 16353K [0x0000000080000000, 0x0000000100000000)
  region size 1024K, 4 young (4096K), 4 survivors (4096K)
 Metaspace       used 20739K, capacity 21175K, committed 21296K, reserved 1069056K
  class space    used 2479K, capacity 2636K, committed 2688K, reserved 1048576K
}
Event: 23.882 GC heap before
{Heap before GC invocations=6 (full 0):
 garbage-first heap   total 124928K, used 70625K [0x0000000080000000, 0x0000000100000000)
  region size 1024K, 48 young (49152K), 4 survivors (4096K)
 Metaspace       used 26064K, capacity 26788K, committed 27056K, reserved 1073152K
  class space    used 3311K, capacity 3550K, committed 3584K, reserved 1048576K
}
Event: 23.893 GC heap after
{Heap after GC invocations=7 (full 0):
 garbage-first heap   total 124928K, used 30242K [0x0000000080000000, 0x0000000100000000)
  region size 1024K, 6 young (6144K), 6 survivors (6144K)
 Metaspace       used 26064K, capacity 26788K, committed 27056K, reserved 1073152K
  class space    used 3311K, capacity 3550K, committed 3584K, reserved 1048576K
}
Event: 27.163 GC heap before
{Heap before GC invocations=7 (full 0):
 garbage-first heap   total 124928K, used 77346K [0x0000000080000000, 0x0000000100000000)
  region size 1024K, 53 young (54272K), 6 survivors (6144K)
 Metaspace       used 32504K, capacity 33171K, committed 33328K, reserved 1079296K
  class space    used 4162K, capacity 4396K, committed 4480K, reserved 1048576K
}
Event: 27.172 GC heap after
{Heap after GC invocations=8 (full 0):
 garbage-first heap   total 124928K, used 31592K [0x0000000080000000, 0x0000000100000000)
  region size 1024K, 2 young (2048K), 2 survivors (2048K)
 Metaspace       used 32504K, capacity 33171K, committed 33328K, reserved 1079296K
  class space    used 4162K, capacity 4396K, committed 4480K, reserved 1048576K
}
Event: 27.559 GC heap before
{Heap before GC invocations=8 (full 0):
 garbage-first heap   total 124928K, used 41832K [0x0000000080000000, 0x0000000100000000)
  region size 1024K, 14 young (14336K), 2 survivors (2048K)
 Metaspace       used 35040K, capacity 35723K, committed 35888K, reserved 1081344K
  class space    used 4384K, capacity 4627K, committed 4736K, reserved 1048576K
}
Event: 27.565 GC heap after
{Heap after GC invocations=9 (full 0):
 garbage-first heap   total 124928K, used 32616K [0x0000000080000000, 0x0000000100000000)
  region size 1024K, 3 young (3072K), 3 survivors (3072K)
 Metaspace       used 35040K, capacity 35723K, committed 35888K, reserved 1081344K
  class space    used 4384K, capacity 4627K, committed 4736K, reserved 1048576K
}
Event: 32.605 GC heap before
{Heap before GC invocations=10 (full 0):
 garbage-first heap   total 124928K, used 77672K [0x0000000080000000, 0x0000000100000000)
  region size 1024K, 45 young (46080K), 3 survivors (3072K)
 Metaspace       used 41356K, capacity 42267K, committed 42472K, reserved 1087488K
  class space    used 5127K, capacity 5443K, committed 5504K, reserved 1048576K
}
Event: 32.623 GC heap after
{Heap after GC invocations=11 (full 0):
 garbage-first heap   total 124928K, used 35116K [0x0000000080000000, 0x0000000100000000)
  region size 1024K, 6 young (6144K), 6 survivors (6144K)
 Metaspace       used 41356K, capacity 42267K, committed 42472K, reserved 1087488K
  class space    used 5127K, capacity 5443K, committed 5504K, reserved 1048576K
}
Event: 33.051 GC heap before
{Heap before GC invocations=12 (full 0):
 garbage-first heap   total 124928K, used 79148K [0x0000000080000000, 0x0000000100000000)
  region size 1024K, 49 young (50176K), 6 survivors (6144K)
 Metaspace       used 41368K, capacity 42267K, committed 42472K, reserved 1087488K
  class space    used 5128K, capacity 5443K, committed 5504K, reserved 1048576K
}
Event: 33.063 GC heap after
{Heap after GC invocations=13 (full 0):
 garbage-first heap   total 124928K, used 36426K [0x0000000080000000, 0x0000000100000000)
  region size 1024K, 4 young (4096K), 4 survivors (4096K)
 Metaspace       used 41368K, capacity 42267K, committed 42472K, reserved 1087488K
  class space    used 5128K, capacity 5443K, committed 5504K, reserved 1048576K
}
Event: 33.372 GC heap before
{Heap before GC invocations=13 (full 0):
 garbage-first heap   total 124928K, used 82506K [0x0000000080000000, 0x0000000100000000)
  region size 1024K, 49 young (50176K), 4 survivors (4096K)
 Metaspace       used 41368K, capacity 42267K, committed 42472K, reserved 1087488K
  class space    used 5128K, capacity 5443K, committed 5504K, reserved 1048576K
}
Event: 33.380 GC heap after
{Heap after GC invocations=14 (full 0):
 garbage-first heap   total 124928K, used 37295K [0x0000000080000000, 0x0000000100000000)
  region size 1024K, 5 young (5120K), 5 survivors (5120K)
 Metaspace       used 41368K, capacity 42267K, committed 42472K, reserved 1087488K
  class space    used 5128K, capacity 5443K, committed 5504K, reserved 1048576K
}
Event: 33.951 GC heap before
{Heap before GC invocations=14 (full 0):
 garbage-first heap   total 124928K, used 85423K [0x0000000080000000, 0x0000000100000000)
  region size 1024K, 52 young (53248K), 5 survivors (5120K)
 Metaspace       used 41369K, capacity 42267K, committed 42472K, reserved 1087488K
  class space    used 5128K, capacity 5443K, committed 5504K, reserved 1048576K
}
Event: 33.960 GC heap after
{Heap after GC invocations=15 (full 0):
 garbage-first heap   total 124928K, used 38547K [0x0000000080000000, 0x0000000100000000)
  region size 1024K, 4 young (4096K), 4 survivors (4096K)
 Metaspace       used 41369K, capacity 42267K, committed 42472K, reserved 1087488K
  class space    used 5128K, capacity 5443K, committed 5504K, reserved 1048576K
}
Event: 34.954 GC heap before
{Heap before GC invocations=15 (full 0):
 garbage-first heap   total 124928K, used 87699K [0x0000000080000000, 0x0000000100000000)
  region size 1024K, 52 young (53248K), 4 survivors (4096K)
 Metaspace       used 41395K, capacity 42267K, committed 42472K, reserved 1087488K
  class space    used 5131K, capacity 5443K, committed 5504K, reserved 1048576K
}
Event: 34.959 GC heap after
{Heap after GC invocations=16 (full 0):
 garbage-first heap   total 124928K, used 39475K [0x0000000080000000, 0x0000000100000000)
  region size 1024K, 5 young (5120K), 5 survivors (5120K)
 Metaspace       used 41395K, capacity 42267K, committed 42472K, reserved 1087488K
  class space    used 5131K, capacity 5443K, committed 5504K, reserved 1048576K
}
Event: 36.128 GC heap before
{Heap before GC invocations=16 (full 0):
 garbage-first heap   total 124928K, used 91699K [0x0000000080000000, 0x0000000100000000)
  region size 1024K, 56 young (57344K), 5 survivors (5120K)
 Metaspace       used 41430K, capacity 42267K, committed 42472K, reserved 1087488K
  class space    used 5134K, capacity 5443K, committed 5504K, reserved 1048576K
}
Event: 36.137 GC heap after
{Heap after GC invocations=17 (full 0):
 garbage-first heap   total 124928K, used 41128K [0x0000000080000000, 0x0000000100000000)
  region size 1024K, 5 young (5120K), 5 survivors (5120K)
 Metaspace       used 41430K, capacity 42267K, committed 42472K, reserved 1087488K
  class space    used 5134K, capacity 5443K, committed 5504K, reserved 1048576K
}

Deoptimization events (20 events):
Event: 36.267 Thread 0x000002705d7b2800 Uncommon trap: trap_request=0xffffff4d fr.pc=0x000002704dcdb240 relative=0x00000000000006e0
Event: 36.267 Thread 0x000002705d7b2800 Uncommon trap: reason=unstable_if action=reinterpret pc=0x000002704dcdb240 method=groovyjarjarasm.asm.ClassReader.readUtf(II[C)Ljava/lang/String; @ 41 c2
Event: 36.267 Thread 0x000002705d7b2800 DEOPT PACKING pc=0x000002704dcdb240 sp=0x000000bdc2df82d0
Event: 36.267 Thread 0x000002705d7b2800 DEOPT UNPACKING pc=0x000002704612742f sp=0x000000bdc2df8188 mode 2
Event: 36.519 Thread 0x000002705d7b2800 Uncommon trap: trap_request=0xffffff7e fr.pc=0x000002704dd63578 relative=0x00000000000004d8
Event: 36.519 Thread 0x000002705d7b2800 Uncommon trap: reason=predicate action=maybe_recompile pc=0x000002704dd63578 method=groovyjarjarantlr.InputBuffer.syncConsume()V @ 4 c2
Event: 36.519 Thread 0x000002705d7b2800 DEOPT PACKING pc=0x000002704dd63578 sp=0x000000bdc2df9870
Event: 36.519 Thread 0x000002705d7b2800 DEOPT UNPACKING pc=0x000002704612742f sp=0x000000bdc2df96f8 mode 2
Event: 36.519 Thread 0x000002705d7b2800 Uncommon trap: trap_request=0xffffff7e fr.pc=0x000002704dd688cc relative=0x00000000000000ac
Event: 36.519 Thread 0x000002705d7b2800 Uncommon trap: reason=predicate action=maybe_recompile pc=0x000002704dd688cc method=groovyjarjarantlr.InputBuffer.syncConsume()V @ 4 c2
Event: 36.519 Thread 0x000002705d7b2800 DEOPT PACKING pc=0x000002704dd688cc sp=0x000000bdc2df9830
Event: 36.519 Thread 0x000002705d7b2800 DEOPT UNPACKING pc=0x000002704612742f sp=0x000000bdc2df97d0 mode 2
Event: 36.519 Thread 0x000002705d7b2800 Uncommon trap: trap_request=0xffffff7e fr.pc=0x000002704dd68008 relative=0x00000000000003e8
Event: 36.519 Thread 0x000002705d7b2800 Uncommon trap: reason=predicate action=maybe_recompile pc=0x000002704dd68008 method=groovyjarjarantlr.InputBuffer.syncConsume()V @ 4 c2
Event: 36.519 Thread 0x000002705d7b2800 DEOPT PACKING pc=0x000002704dd68008 sp=0x000000bdc2df97a0
Event: 36.519 Thread 0x000002705d7b2800 DEOPT UNPACKING pc=0x000002704612742f sp=0x000000bdc2df96d8 mode 2
Event: 36.572 Thread 0x000002705d7b2800 Uncommon trap: trap_request=0xffffff4d fr.pc=0x000002704dd4930c relative=0x000000000000006c
Event: 36.572 Thread 0x000002705d7b2800 Uncommon trap: reason=unstable_if action=reinterpret pc=0x000002704dd4930c method=java.nio.ByteBuffer.order(Ljava/nio/ByteOrder;)Ljava/nio/ByteBuffer; @ 5 c2
Event: 36.572 Thread 0x000002705d7b2800 DEOPT PACKING pc=0x000002704dd4930c sp=0x000000bdc2df9960
Event: 36.572 Thread 0x000002705d7b2800 DEOPT UNPACKING pc=0x000002704612742f sp=0x000000bdc2df98f0 mode 2

Classes redefined (0 events):
No events

Internal exceptions (20 events):
Event: 28.234 Thread 0x000002705d7b2800 Exception <a 'java/lang/ClassNotFoundException'{0x00000000868486b0}: org/gradle/api/internal/initialization/DefaultScriptHandlerCustomizer> (0x00000000868486b0) thrown at [./src/hotspot/share/classfile/systemDictionary.cpp, line 231]
Event: 28.614 Thread 0x000002705d7b2800 Exception <a 'java/lang/ClassNotFoundException'{0x0000000086145460}: org/gradle/api/internal/artifacts/dsl/dependencies/DefaultDependencyHandler_DecoratedBeanInfo> (0x0000000086145460) thrown at [./src/hotspot/share/classfile/systemDictionary.cpp, line 231]
Event: 28.623 Thread 0x000002705d7b2800 Exception <a 'java/lang/ClassNotFoundException'{0x0000000086176318}: org/gradle/api/internal/artifacts/dsl/dependencies/DefaultDependencyHandlerBeanInfo> (0x0000000086176318) thrown at [./src/hotspot/share/classfile/systemDictionary.cpp, line 231]
Event: 28.624 Thread 0x000002705d7b2800 Exception <a 'java/lang/ClassNotFoundException'{0x00000000861a72b0}: org/gradle/api/internal/artifacts/dsl/dependencies/DefaultDependencyHandlerCustomizer> (0x00000000861a72b0) thrown at [./src/hotspot/share/classfile/systemDictionary.cpp, line 231]
Event: 28.644 Thread 0x000002705d7b2800 Exception <a 'java/lang/ClassNotFoundException'{0x00000000861f6a58}: org/gradle/api/internal/artifacts/dsl/dependencies/DefaultDependencyHandler_DecoratedCustomizer> (0x00000000861f6a58) thrown at [./src/hotspot/share/classfile/systemDictionary.cpp, line 231]
Event: 29.126 Thread 0x000002705d7b2800 Exception <a 'java/lang/NoSuchMethodError'{0x0000000085561938}: 'int java.lang.invoke.DirectMethodHandle$Holder.invokeInterface(java.lang.Object, java.lang.Object)'> (0x0000000085561938) thrown at [./src/hotspot/share/interpreter/linkResolver.cpp, line 773]
Event: 29.126 Thread 0x000002705d7b2800 Exception <a 'java/lang/IncompatibleClassChangeError'{0x0000000085565170}: Found class java.lang.Object, but interface was expected> (0x0000000085565170) thrown at [./src/hotspot/share/interpreter/linkResolver.cpp, line 839]
Event: 29.132 Thread 0x000002705d7b2800 Exception <a 'java/lang/NoSuchMethodError'{0x000000008557dbc0}: 'int java.lang.invoke.DirectMethodHandle$Holder.invokeStatic(java.lang.Object, java.lang.Object, java.lang.Object, java.lang.Object, java.lang.Object)'> (0x000000008557dbc0) thrown at [./src/hotspot/share/interpreter/linkResolver.cpp, line 773]
Event: 29.229 Thread 0x000002705d7b2800 Exception <a 'java/lang/NoSuchMethodError'{0x0000000085118008}: 'void java.lang.invoke.DirectMethodHandle$Holder.invokeStaticInit(java.lang.Object, java.lang.Object)'> (0x0000000085118008) thrown at [./src/hotspot/share/interpreter/linkResolver.cpp, line 773]
Event: 32.545 Thread 0x000002705d7b2800 Exception <a 'java/lang/NoSuchMethodError'{0x0000000084fb1138}: 'int java.lang.invoke.DirectMethodHandle$Holder.invokeStaticInit(java.lang.Object, java.lang.Object, java.lang.Object)'> (0x0000000084fb1138) thrown at [./src/hotspot/share/interpreter/linkResolver.cpp, line 773]
Event: 36.234 Thread 0x000002705d7b2800 Implicit null exception at 0x000002704dccdf94 to 0x000002704dcceae8
Event: 36.234 Thread 0x000002705d7b2800 Implicit null exception at 0x000002704dccf4d3 to 0x000002704dccfcc8
Event: 36.395 Thread 0x000002705d7b2800 Exception <a 'java/lang/ClassNotFoundException'{0x0000000086d4ee68}: sync_studio_tooling2373_7caamubfc824n067zuv7xx54tBeanInfo> (0x0000000086d4ee68) thrown at [./src/hotspot/share/classfile/systemDictionary.cpp, line 231]
Event: 36.397 Thread 0x000002705d7b2800 Exception <a 'java/lang/ClassNotFoundException'{0x0000000086d58840}: sync_studio_tooling2373_7caamubfc824n067zuv7xx54tCustomizer> (0x0000000086d58840) thrown at [./src/hotspot/share/classfile/systemDictionary.cpp, line 231]
Event: 36.445 Thread 0x000002705d7b2800 Exception <a 'java/lang/ClassNotFoundException'{0x0000000086c7c5b8}: org/gradle/invocation/DefaultGradle_DecoratedBeanInfo> (0x0000000086c7c5b8) thrown at [./src/hotspot/share/classfile/systemDictionary.cpp, line 231]
Event: 36.446 Thread 0x000002705d7b2800 Exception <a 'java/lang/ClassNotFoundException'{0x0000000086c97840}: org/gradle/invocation/DefaultGradleBeanInfo> (0x0000000086c97840) thrown at [./src/hotspot/share/classfile/systemDictionary.cpp, line 231]
Event: 36.447 Thread 0x000002705d7b2800 Exception <a 'java/lang/ClassNotFoundException'{0x0000000086cb6220}: org/gradle/api/internal/project/AbstractPluginAwareBeanInfo> (0x0000000086cb6220) thrown at [./src/hotspot/share/classfile/systemDictionary.cpp, line 231]
Event: 36.448 Thread 0x000002705d7b2800 Exception <a 'java/lang/ClassNotFoundException'{0x0000000086cd4970}: org/gradle/api/internal/project/AbstractPluginAwareCustomizer> (0x0000000086cd4970) thrown at [./src/hotspot/share/classfile/systemDictionary.cpp, line 231]
Event: 36.451 Thread 0x000002705d7b2800 Exception <a 'java/lang/ClassNotFoundException'{0x0000000086cf7ee8}: org/gradle/invocation/DefaultGradleCustomizer> (0x0000000086cf7ee8) thrown at [./src/hotspot/share/classfile/systemDictionary.cpp, line 231]
Event: 36.456 Thread 0x000002705d7b2800 Exception <a 'java/lang/ClassNotFoundException'{0x0000000086b43090}: org/gradle/invocation/DefaultGradle_DecoratedCustomizer> (0x0000000086b43090) thrown at [./src/hotspot/share/classfile/systemDictionary.cpp, line 231]

Events (20 events):
Event: 36.456 loading class org/gradle/invocation/DefaultGradle_DecoratedCustomizer
Event: 36.456 loading class org/gradle/invocation/DefaultGradle_DecoratedCustomizer done
Event: 36.468 Executing VM operation: RevokeBias
Event: 36.469 Executing VM operation: RevokeBias done
Event: 36.469 Executing VM operation: RevokeBias
Event: 36.470 Executing VM operation: RevokeBias done
Event: 36.470 Executing VM operation: RevokeBias
Event: 36.471 Executing VM operation: RevokeBias done
Event: 36.472 loading class org/gradle/invocation/DefaultGradle$2
Event: 36.472 loading class org/gradle/invocation/DefaultGradle$2 done
Event: 36.473 loading class org/gradle/configuration/internal/DefaultListenerBuildOperationDecorator$BuildOperationEmittingAction
Event: 36.473 loading class org/gradle/configuration/internal/DefaultListenerBuildOperationDecorator$BuildOperationEmittingAction done
Event: 36.563 loading class org/jetbrains/plugins/gradle/tooling/internal/ExtraModelBuilder
Event: 36.563 loading class org/jetbrains/plugins/gradle/tooling/internal/ExtraModelBuilder done
Event: 36.564 loading class org/gradle/tooling/provider/model/ToolingModelBuilderRegistry
Event: 36.564 loading class org/gradle/tooling/provider/model/ToolingModelBuilderRegistry done
Event: 36.565 loading class org/gradle/api/internal/project/ProjectInternal
Event: 36.565 loading class org/gradle/api/internal/project/ProjectInternal done
Event: 36.565 loading class org/gradle/util/GradleVersion
Event: 36.565 loading class org/gradle/util/GradleVersion done


Dynamic libraries:
0x00007ff650460000 - 0x00007ff65046a000 	C:\Users\Admin\Downloads\android-studio\jre\bin\java.exe
0x00007ffdaee90000 - 0x00007ffdaf086000 	C:\Windows\SYSTEM32\ntdll.dll
0x00007ffdad960000 - 0x00007ffdada1d000 	C:\Windows\System32\KERNEL32.DLL
0x00007ffdaca20000 - 0x00007ffdacce9000 	C:\Windows\System32\KERNELBASE.dll
0x00007ffdacda0000 - 0x00007ffdacea0000 	C:\Windows\System32\ucrtbase.dll
0x00007ffd99270000 - 0x00007ffd99287000 	C:\Users\Admin\Downloads\android-studio\jre\bin\VCRUNTIME140.dll
0x00007ffd9eea0000 - 0x00007ffd9eeb9000 	C:\Users\Admin\Downloads\android-studio\jre\bin\jli.dll
0x00007ffdaeaa0000 - 0x00007ffdaec40000 	C:\Windows\System32\USER32.dll
0x00007ffdac950000 - 0x00007ffdac972000 	C:\Windows\System32\win32u.dll
0x00007ffdad340000 - 0x00007ffdad36a000 	C:\Windows\System32\GDI32.dll
0x00007ffdac790000 - 0x00007ffdac899000 	C:\Windows\System32\gdi32full.dll
0x00007ffdac980000 - 0x00007ffdaca1d000 	C:\Windows\System32\msvcp_win.dll
0x00007ffd9bdc0000 - 0x00007ffd9c05b000 	C:\Windows\WinSxS\amd64_microsoft.windows.common-controls_6595b64144ccf1df_6.0.19041.488_none_ca04af081b815d21\COMCTL32.dll
0x00007ffdad680000 - 0x00007ffdad71e000 	C:\Windows\System32\msvcrt.dll
0x00007ffdae6e0000 - 0x00007ffdae710000 	C:\Windows\System32\IMM32.DLL
0x00007ffd991d0000 - 0x00007ffd9926d000 	C:\Users\Admin\Downloads\android-studio\jre\bin\msvcp140.dll
0x00007ffd806e0000 - 0x00007ffd8119c000 	C:\Users\Admin\Downloads\android-studio\jre\bin\server\jvm.dll
0x00007ffdae830000 - 0x00007ffdae8dc000 	C:\Windows\System32\ADVAPI32.dll
0x00007ffdad370000 - 0x00007ffdad40c000 	C:\Windows\System32\sechost.dll
0x00007ffdad410000 - 0x00007ffdad53b000 	C:\Windows\System32\RPCRT4.dll
0x00007ffdad670000 - 0x00007ffdad678000 	C:\Windows\System32\PSAPI.DLL
0x00007ffda34b0000 - 0x00007ffda34b9000 	C:\Windows\SYSTEM32\WSOCK32.dll
0x00007ffdad540000 - 0x00007ffdad5ab000 	C:\Windows\System32\WS2_32.dll
0x00007ffd9b600000 - 0x00007ffd9b627000 	C:\Windows\SYSTEM32\WINMM.dll
0x00007ffda5190000 - 0x00007ffda519a000 	C:\Windows\SYSTEM32\VERSION.dll
0x00007ffdaaeb0000 - 0x00007ffdaaec2000 	C:\Windows\SYSTEM32\kernel.appcore.dll
0x00007ffda3490000 - 0x00007ffda34a1000 	C:\Users\Admin\Downloads\android-studio\jre\bin\verify.dll
0x00007ffd9a360000 - 0x00007ffd9a544000 	C:\Windows\SYSTEM32\DBGHELP.DLL
0x00007ffd9a020000 - 0x00007ffd9a04c000 	C:\Windows\SYSTEM32\dbgcore.DLL
0x00007ffdac8d0000 - 0x00007ffdac950000 	C:\Windows\System32\bcryptPrimitives.dll
0x00007ffd9fa60000 - 0x00007ffd9fa89000 	C:\Users\Admin\Downloads\android-studio\jre\bin\java.dll
0x00007ffda2dc0000 - 0x00007ffda2dcb000 	C:\Users\Admin\Downloads\android-studio\jre\bin\jimage.dll
0x00007ffd9f8c0000 - 0x00007ffd9f8d8000 	C:\Users\Admin\Downloads\android-studio\jre\bin\zip.dll
0x00007ffdadb10000 - 0x00007ffdae252000 	C:\Windows\System32\SHELL32.dll
0x00007ffdaa5f0000 - 0x00007ffdaad85000 	C:\Windows\SYSTEM32\windows.storage.dll
0x00007ffdacfe0000 - 0x00007ffdad336000 	C:\Windows\System32\combase.dll
0x00007ffdabf70000 - 0x00007ffdabf9c000 	C:\Windows\SYSTEM32\Wldp.dll
0x00007ffdae8e0000 - 0x00007ffdae98e000 	C:\Windows\System32\SHCORE.dll
0x00007ffdad900000 - 0x00007ffdad955000 	C:\Windows\System32\shlwapi.dll
0x00007ffdac500000 - 0x00007ffdac526000 	C:\Windows\SYSTEM32\profapi.dll
0x00007ffd9f8a0000 - 0x00007ffd9f8ba000 	C:\Users\Admin\Downloads\android-studio\jre\bin\net.dll
0x00007ffd9f150000 - 0x00007ffd9f250000 	C:\Windows\SYSTEM32\WINHTTP.dll
0x00007ffdabcf0000 - 0x00007ffdabd5a000 	C:\Windows\system32\mswsock.dll
0x00007ffd9f880000 - 0x00007ffd9f894000 	C:\Users\Admin\Downloads\android-studio\jre\bin\nio.dll
0x00007ffda2f70000 - 0x00007ffda2f96000 	C:\Users\Admin\.gradle\native\31\windows-amd64\native-platform.dll
0x00007ffda22a0000 - 0x00007ffda22aa000 	C:\Users\Admin\Downloads\android-studio\jre\bin\management.dll
0x00007ffda02e0000 - 0x00007ffda02ec000 	C:\Users\Admin\Downloads\android-studio\jre\bin\management_ext.dll
0x00007ffdabed0000 - 0x00007ffdabee8000 	C:\Windows\SYSTEM32\CRYPTSP.dll
0x00007ffdab680000 - 0x00007ffdab6b4000 	C:\Windows\system32\rsaenh.dll
0x00007ffdac8a0000 - 0x00007ffdac8c7000 	C:\Windows\System32\bcrypt.dll
0x00007ffdac480000 - 0x00007ffdac4ae000 	C:\Windows\SYSTEM32\USERENV.dll
0x00007ffdabec0000 - 0x00007ffdabecc000 	C:\Windows\SYSTEM32\CRYPTBASE.dll
0x00007ffdab9e0000 - 0x00007ffdaba1b000 	C:\Windows\SYSTEM32\IPHLPAPI.DLL
0x00007ffdacef0000 - 0x00007ffdacef8000 	C:\Windows\System32\NSI.dll
0x00007ffda4160000 - 0x00007ffda4177000 	C:\Windows\SYSTEM32\dhcpcsvc6.DLL
0x00007ffda4100000 - 0x00007ffda411d000 	C:\Windows\SYSTEM32\dhcpcsvc.DLL
0x00007ffdaba20000 - 0x00007ffdabaeb000 	C:\Windows\SYSTEM32\DNSAPI.dll

dbghelp: loaded successfully - version: 4.0.5 - missing functions: none
symbol engine: initialized successfully - sym options: 0x614 - pdb path: .;C:\Users\Admin\Downloads\android-studio\jre\bin;C:\Windows\SYSTEM32;C:\Windows\WinSxS\amd64_microsoft.windows.common-controls_6595b64144ccf1df_6.0.19041.488_none_ca04af081b815d21;C:\Users\Admin\Downloads\android-studio\jre\bin\server;C:\Users\Admin\.gradle\native\31\windows-amd64

VM Arguments:
jvm_args: --add-opens=java.base/java.util=ALL-UNNAMED --add-opens=java.base/java.lang=ALL-UNNAMED --add-opens=java.base/java.lang.invoke=ALL-UNNAMED --add-opens=java.prefs/java.util.prefs=ALL-UNNAMED -Xmx2048m -Dfile.encoding=windows-1252 -Duser.country=US -Duser.language=en -Duser.variant 
java_command: org.gradle.launcher.daemon.bootstrap.GradleDaemon 6.1.1
java_class_path (initial): C:\Users\Admin\.gradle\wrapper\dists\gradle-6.1.1-all\cfmwm155h49vnt3hynmlrsdst\gradle-6.1.1\lib\gradle-launcher-6.1.1.jar
Launcher Type: SUN_STANDARD

[Global flags]
     intx CICompilerCount                          = 3                                         {product} {ergonomic}
     uint ConcGCThreads                            = 1                                         {product} {ergonomic}
     uint G1ConcRefinementThreads                  = 4                                         {product} {ergonomic}
   size_t G1HeapRegionSize                         = 1048576                                   {product} {ergonomic}
    uintx GCDrainStackTargetSize                   = 64                                        {product} {ergonomic}
   size_t InitialHeapSize                          = 127926272                                 {product} {ergonomic}
   size_t MarkStackSize                            = 4194304                                   {product} {ergonomic}
   size_t MaxHeapSize                              = 2147483648                                {product} {command line}
   size_t MaxNewSize                               = 1287651328                                {product} {ergonomic}
   size_t MinHeapDeltaBytes                        = 1048576                                   {product} {ergonomic}
    uintx NonNMethodCodeHeapSize                   = 5830732                                {pd product} {ergonomic}
    uintx NonProfiledCodeHeapSize                  = 122913754                              {pd product} {ergonomic}
    uintx ProfiledCodeHeapSize                     = 122913754                              {pd product} {ergonomic}
    uintx ReservedCodeCacheSize                    = 251658240                              {pd product} {ergonomic}
     bool SegmentedCodeCache                       = true                                      {product} {ergonomic}
     bool UseCompressedClassPointers               = true                                 {lp64_product} {ergonomic}
     bool UseCompressedOops                        = true                                 {lp64_product} {ergonomic}
     bool UseG1GC                                  = true                                      {product} {ergonomic}
     bool UseLargePagesIndividualAllocation        = false                                  {pd product} {ergonomic}

Logging:
Log output configuration:
 #0: stdout all=warning uptime,level,tags
 #1: stderr all=off uptime,level,tags

Environment Variables:
PATH=C:\Program Files (x86)\Common Files\Oracle\Java\javapath;C:\Windows\system32;C:\Windows;C:\Windows\System32\Wbem;C:\Windows\System32\WindowsPowerShell\v1.0\;C:\Windows\System32\OpenSSH\;C:\Program Files\Microsoft VS Code\bin;C:\Program Files\Git\cmd;C:\Program Files\MySQL\MySQL Shell 8.0\bin\;C:\Users\Admin\AppData\Local\Microsoft\WindowsApps;
USERNAME=Admin
OS=Windows_NT
PROCESSOR_IDENTIFIER=Intel64 Family 6 Model 58 Stepping 9, GenuineIntel



---------------  S Y S T E M  ---------------

OS: Windows 10 , 64 bit Build 19041 (10.0.19041.662)
OS uptime: 0 days 1:57 hours

CPU:total 4 (initial active 4) (2 cores per cpu, 2 threads per core) family 6 model 58 stepping 9, cmov, cx8, fxsr, mmx, sse, sse2, sse3, ssse3, sse4.1, sse4.2, popcnt, avx, clmul, erms, ht, tsc, tscinvbit, tscinv

Memory: 4k page, system-wide physical 7753M (108M free)
TotalPageFile size 23308M (AvailPageFile size 0M)
current process WorkingSet (physical memory assigned to process): 241M, peak: 241M
current process commit charge ("private bytes"): 298M, peak: 298M

vm_info: OpenJDK 64-Bit Server VM (11.0.8+10-b944.6842174) for windows-amd64 JRE (11.0.8+10-b944.6842174), built on Sep 19 2020 01:11:42 by "builder" with MS VC++ 14.0 (VS2015)

END.
