#
# There is insufficient memory for the Java Runtime Environment to continue.
# Native memory allocation (malloc) failed to allocate 32744 bytes for ChunkPool::allocate
# Possible reasons:
#   The system is out of physical RAM or swap space
#   The process is running with CompressedOops enabled, and the Java Heap may be blocking the growth of the native heap
# Possible solutions:
#   Reduce memory load on the system
#   Increase physical memory or swap space
#   Check if swap backing store is full
#   Decrease Java heap size (-Xmx/-Xms)
#   Decrease number of Java threads
#   Decrease Java thread stack sizes (-Xss)
#   Set larger code cache with -XX:ReservedCodeCacheSize=
#   JVM is running with Unscaled Compressed Oops mode in which the Java heap is
#     placed in the first 4GB address space. The Java Heap base address is the
#     maximum limit for the native heap growth. Please use -XX:HeapBaseMinAddress
#     to set the Java Heap base and to place the Java Heap above 4GB virtual address.
# This output file may be truncated or incomplete.
#
#  Out of Memory Error (./src/hotspot/share/memory/arena.cpp:81), pid=8824, tid=1120
#
# JRE version: OpenJDK Runtime Environment (11.0.8+10) (build 11.0.8+10-b944.6842174)
# Java VM: OpenJDK 64-Bit Server VM (11.0.8+10-b944.6842174, mixed mode, tiered, compressed oops, g1 gc, windows-amd64)
# No core dump will be written. Minidumps are not enabled by default on client versions of Windows
#

---------------  S U M M A R Y ------------

Command Line: --add-opens=java.base/java.util=ALL-UNNAMED --add-opens=java.base/java.lang=ALL-UNNAMED --add-opens=java.base/java.lang.invoke=ALL-UNNAMED --add-opens=java.prefs/java.util.prefs=ALL-UNNAMED -Xmx2048m -Dfile.encoding=windows-1252 -Duser.country=US -Duser.language=en -Duser.variant org.gradle.launcher.daemon.bootstrap.GradleDaemon 6.1.1

Host: Intel(R) Core(TM) i3-3110M CPU @ 2.40GHz, 4 cores, 7G,  Windows 10 , 64 bit Build 19041 (10.0.19041.662)
Time: Mon Dec 21 17:02:07 2020 India Standard Time elapsed time: 36 seconds (0d 0h 0m 36s)

---------------  T H R E A D  ---------------

Current thread (0x0000021d7ef8c000):  JavaThread "C2 CompilerThread0" daemon [_thread_in_native, id=1120, stack(0x00000039aa500000,0x00000039aa600000)]


Current CompileTask:
C2:  36595 3383       4       org.codehaus.groovy.runtime.metaclass.MetaMethodIndex::addMethodToList (298 bytes)

Stack: [0x00000039aa500000,0x00000039aa600000]
Native frames: (J=compiled Java code, j=interpreted, Vv=VM code, C=native code)
V  [jvm.dll+0x5de50a]
V  [jvm.dll+0x7122f5]
V  [jvm.dll+0x71384d]
V  [jvm.dll+0x713f03]
V  [jvm.dll+0x23e728]
V  [jvm.dll+0xb8beb]
V  [jvm.dll+0xb8e9c]
V  [jvm.dll+0xb8a98]
V  [jvm.dll+0x5be3b0]
V  [jvm.dll+0x60eabe]
V  [jvm.dll+0x193f88]
V  [jvm.dll+0x1f780e]
V  [jvm.dll+0x1f68d4]
V  [jvm.dll+0x17f32c]
V  [jvm.dll+0x205047]
V  [jvm.dll+0x203891]
V  [jvm.dll+0x6dad3f]
V  [jvm.dll+0x6d3895]
V  [jvm.dll+0x5dd4a6]
C  [ucrtbase.dll+0x214c2]
C  [KERNEL32.DLL+0x17034]
C  [ntdll.dll+0x4d0d1]


---------------  P R O C E S S  ---------------

Threads class SMR info:
_java_thread_list=0x0000021d17bde0b0, length=29, elements={
0x0000021d79d88800, 0x0000021d7ef6b000, 0x0000021d7ef70800, 0x0000021d7ef89000,
0x0000021d7ef8b000, 0x0000021d7ef8c000, 0x0000021d7ef96800, 0x0000021d7efa0000,
0x0000021d7fa32000, 0x0000021d7fa3b800, 0x0000021d159c3800, 0x0000021d15fbf000,
0x0000021d160a0800, 0x0000021d15052800, 0x0000021d15a6a000, 0x0000021d150d4800,
0x0000021d16154000, 0x0000021d152d8000, 0x0000021d157f9000, 0x0000021d157f9800,
0x0000021d1665a000, 0x0000021d16660000, 0x0000021d1665c000, 0x0000021d1665c800,
0x0000021d1665b000, 0x0000021d1665d800, 0x0000021d1665f000, 0x0000021d1665e800,
0x0000021d16661000
}

Java Threads: ( => current thread )
  0x0000021d79d88800 JavaThread "main" [_thread_blocked, id=5968, stack(0x00000039a9a00000,0x00000039a9b00000)]
  0x0000021d7ef6b000 JavaThread "Reference Handler" daemon [_thread_blocked, id=360, stack(0x00000039aa100000,0x00000039aa200000)]
  0x0000021d7ef70800 JavaThread "Finalizer" daemon [_thread_blocked, id=14508, stack(0x00000039aa200000,0x00000039aa300000)]
  0x0000021d7ef89000 JavaThread "Signal Dispatcher" daemon [_thread_blocked, id=13824, stack(0x00000039aa300000,0x00000039aa400000)]
  0x0000021d7ef8b000 JavaThread "Attach Listener" daemon [_thread_blocked, id=12008, stack(0x00000039aa400000,0x00000039aa500000)]
=>0x0000021d7ef8c000 JavaThread "C2 CompilerThread0" daemon [_thread_in_native, id=1120, stack(0x00000039aa500000,0x00000039aa600000)]
  0x0000021d7ef96800 JavaThread "C1 CompilerThread0" daemon [_thread_blocked, id=6096, stack(0x00000039aa600000,0x00000039aa700000)]
  0x0000021d7efa0000 JavaThread "Sweeper thread" daemon [_thread_blocked, id=2268, stack(0x00000039aa700000,0x00000039aa800000)]
  0x0000021d7fa32000 JavaThread "Common-Cleaner" daemon [_thread_blocked, id=6524, stack(0x00000039aa800000,0x00000039aa900000)]
  0x0000021d7fa3b800 JavaThread "Service Thread" daemon [_thread_blocked, id=5148, stack(0x00000039aa900000,0x00000039aaa00000)]
  0x0000021d159c3800 JavaThread "Daemon health stats" [_thread_blocked, id=2420, stack(0x00000039aac00000,0x00000039aad00000)]
  0x0000021d15fbf000 JavaThread "Incoming local TCP Connector on port 64143" [_thread_in_native, id=2904, stack(0x00000039aad00000,0x00000039aae00000)]
  0x0000021d160a0800 JavaThread "Daemon periodic checks" [_thread_blocked, id=2608, stack(0x00000039aae00000,0x00000039aaf00000)]
  0x0000021d15052800 JavaThread "Daemon" [_thread_blocked, id=16104, stack(0x00000039aaf00000,0x00000039ab000000)]
  0x0000021d15a6a000 JavaThread "Handler for socket connection from /127.0.0.1:64143 to /127.0.0.1:64146" [_thread_in_native, id=13588, stack(0x00000039ab000000,0x00000039ab100000)]
  0x0000021d150d4800 JavaThread "Cancel handler" [_thread_blocked, id=16648, stack(0x00000039ab100000,0x00000039ab200000)]
  0x0000021d16154000 JavaThread "Daemon worker" [_thread_blocked, id=16272, stack(0x00000039ab200000,0x00000039ab300000)]
  0x0000021d152d8000 JavaThread "Asynchronous log dispatcher for DefaultDaemonConnection: socket connection from /127.0.0.1:64143 to /127.0.0.1:64146" [_thread_blocked, id=6808, stack(0x00000039ab300000,0x00000039ab400000)]
  0x0000021d157f9000 JavaThread "Stdin handler" [_thread_blocked, id=16364, stack(0x00000039ab400000,0x00000039ab500000)]
  0x0000021d157f9800 JavaThread "Thread-8" [_thread_blocked, id=6200, stack(0x00000039ab500000,0x00000039ab600000)]
  0x0000021d1665a000 JavaThread "Cache worker for journal cache (C:\Users\Admin\.gradle\caches\journal-1)" [_thread_blocked, id=14280, stack(0x00000039ab800000,0x00000039ab900000)]
  0x0000021d16660000 JavaThread "File lock request listener" [_thread_in_native, id=5992, stack(0x00000039ab900000,0x00000039aba00000)]
  0x0000021d1665c000 JavaThread "Cache worker for file hash cache (C:\Users\Admin\.gradle\caches\6.1.1\fileHashes)" [_thread_blocked, id=2492, stack(0x00000039aba00000,0x00000039abb00000)]
  0x0000021d1665c800 JavaThread "File lock release action executor" [_thread_blocked, id=5032, stack(0x00000039abb00000,0x00000039abc00000)]
  0x0000021d1665b000 JavaThread "Cache worker for checksums cache (D:\transporterUser\transporter_user_update\.gradle\checksums)" [_thread_blocked, id=10116, stack(0x00000039abc00000,0x00000039abd00000)]
  0x0000021d1665d800 JavaThread "Cache worker for file hash cache (D:\transporterUser\transporter_user_update\.gradle\6.1.1\fileHashes)" [_thread_blocked, id=4820, stack(0x00000039abd00000,0x00000039abe00000)]
  0x0000021d1665f000 JavaThread "Cache worker for cache directory md-supplier (C:\Users\Admin\.gradle\caches\6.1.1\md-supplier)" [_thread_blocked, id=13676, stack(0x00000039abe00000,0x00000039abf00000)]
  0x0000021d1665e800 JavaThread "Cache worker for cache directory md-rule (C:\Users\Admin\.gradle\caches\6.1.1\md-rule)" [_thread_blocked, id=13440, stack(0x00000039abf00000,0x00000039ac000000)]
  0x0000021d16661000 JavaThread "Cache worker for execution history cache (C:\Users\Admin\.gradle\caches\6.1.1\executionHistory)" [_thread_blocked, id=13928, stack(0x00000039ac000000,0x00000039ac100000)]

Other Threads:
  0x0000021d7ef69800 VMThread "VM Thread" [stack: 0x00000039aa000000,0x00000039aa100000] [id=10436]
  0x0000021d7fa7a000 WatcherThread [stack: 0x00000039aaa00000,0x00000039aab00000] [id=6908]
  0x0000021d79da1000 GCTaskThread "GC Thread#0" [stack: 0x00000039a9b00000,0x00000039a9c00000] [id=3616]
  0x0000021d155b9000 GCTaskThread "GC Thread#1" [stack: 0x00000039aab00000,0x00000039aac00000] [id=10460]
  0x0000021d16441800 GCTaskThread "GC Thread#2" [stack: 0x00000039ab600000,0x00000039ab700000] [id=16128]
  0x0000021d7fb7d800 GCTaskThread "GC Thread#3" [stack: 0x00000039ab700000,0x00000039ab800000] [id=14376]
  0x0000021d79dd3800 ConcurrentGCThread "G1 Main Marker" [stack: 0x00000039a9c00000,0x00000039a9d00000] [id=780]
  0x0000021d79dd7000 ConcurrentGCThread "G1 Conc#0" [stack: 0x00000039a9d00000,0x00000039a9e00000] [id=10640]
  0x0000021d79e52000 ConcurrentGCThread "G1 Refine#0" [stack: 0x00000039a9e00000,0x00000039a9f00000] [id=13460]
  0x0000021d79e53000 ConcurrentGCThread "G1 Young RemSet Sampling" [stack: 0x00000039a9f00000,0x00000039aa000000] [id=11896]

Threads with active compile tasks:
C2 CompilerThread0  36635 3383       4       org.codehaus.groovy.runtime.metaclass.MetaMethodIndex::addMethodToList (298 bytes)

VM state:not at safepoint (normal execution)

VM Mutex/Monitor currently owned by a thread: None

Heap address: 0x0000000080000000, size: 2048 MB, Compressed Oops mode: 32-bit
Narrow klass base: 0x0000000000000000, Narrow klass shift: 3
Compressed class space size: 1073741824 Address: 0x0000000100000000

Heap:
 garbage-first heap   total 124928K, used 86994K [0x0000000080000000, 0x0000000100000000)
  region size 1024K, 54 young (55296K), 6 survivors (6144K)
 Metaspace       used 38755K, capacity 39634K, committed 39728K, reserved 1083392K
  class space    used 4861K, capacity 5182K, committed 5248K, reserved 1048576K
Heap Regions: E=young(eden), S=young(survivor), O=old, HS=humongous(starts), HC=humongous(continues), CS=collection set, F=free, A=archive, TAMS=top-at-mark-start (previous, next)
|   0|0x0000000080000000, 0x0000000080100000, 0x0000000080100000|100%| O|  |TAMS 0x0000000080100000, 0x0000000080000000| Untracked 
|   1|0x0000000080100000, 0x0000000080200000, 0x0000000080200000|100%| O|  |TAMS 0x0000000080200000, 0x0000000080100000| Untracked 
|   2|0x0000000080200000, 0x0000000080300000, 0x0000000080300000|100%| O|  |TAMS 0x0000000080300000, 0x0000000080200000| Untracked 
|   3|0x0000000080300000, 0x0000000080400000, 0x0000000080400000|100%|HS|  |TAMS 0x0000000080400000, 0x0000000080300000| Complete 
|   4|0x0000000080400000, 0x0000000080500000, 0x0000000080500000|100%|HC|  |TAMS 0x0000000080500000, 0x0000000080400000| Complete 
|   5|0x0000000080500000, 0x0000000080600000, 0x0000000080600000|100%|HC|  |TAMS 0x0000000080600000, 0x0000000080500000| Complete 
|   6|0x0000000080600000, 0x0000000080700000, 0x0000000080700000|100%| O|  |TAMS 0x0000000080700000, 0x0000000080600000| Untracked 
|   7|0x0000000080700000, 0x0000000080800000, 0x0000000080800000|100%| O|  |TAMS 0x0000000080800000, 0x0000000080700000| Untracked 
|   8|0x0000000080800000, 0x0000000080900000, 0x0000000080900000|100%| O|  |TAMS 0x0000000080900000, 0x0000000080800000| Untracked 
|   9|0x0000000080900000, 0x0000000080a00000, 0x0000000080a00000|100%| O|  |TAMS 0x0000000080a00000, 0x0000000080900000| Untracked 
|  10|0x0000000080a00000, 0x0000000080b00000, 0x0000000080b00000|100%| O|  |TAMS 0x0000000080b00000, 0x0000000080a00000| Untracked 
|  11|0x0000000080b00000, 0x0000000080c00000, 0x0000000080c00000|100%| O|  |TAMS 0x0000000080c00000, 0x0000000080b00000| Untracked 
|  12|0x0000000080c00000, 0x0000000080d00000, 0x0000000080d00000|100%| O|  |TAMS 0x0000000080d00000, 0x0000000080c00000| Untracked 
|  13|0x0000000080d00000, 0x0000000080e00000, 0x0000000080e00000|100%|HS|  |TAMS 0x0000000080e00000, 0x0000000080d00000| Complete 
|  14|0x0000000080e00000, 0x0000000080f00000, 0x0000000080f00000|100%|HC|  |TAMS 0x0000000080f00000, 0x0000000080e00000| Complete 
|  15|0x0000000080f00000, 0x0000000081000000, 0x0000000081000000|100%|HS|  |TAMS 0x0000000081000000, 0x0000000080f00000| Complete 
|  16|0x0000000081000000, 0x0000000081100000, 0x0000000081100000|100%|HC|  |TAMS 0x0000000081100000, 0x0000000081000000| Complete 
|  17|0x0000000081100000, 0x0000000081200000, 0x0000000081200000|100%|HC|  |TAMS 0x0000000081200000, 0x0000000081100000| Complete 
|  18|0x0000000081200000, 0x0000000081300000, 0x0000000081300000|100%|HS|  |TAMS 0x0000000081300000, 0x0000000081200000| Complete 
|  19|0x0000000081300000, 0x0000000081400000, 0x0000000081400000|100%|HC|  |TAMS 0x0000000081400000, 0x0000000081300000| Complete 
|  20|0x0000000081400000, 0x0000000081500000, 0x0000000081500000|100%|HC|  |TAMS 0x0000000081500000, 0x0000000081400000| Complete 
|  21|0x0000000081500000, 0x0000000081600000, 0x0000000081600000|100%|HC|  |TAMS 0x0000000081600000, 0x0000000081500000| Complete 
|  22|0x0000000081600000, 0x0000000081700000, 0x0000000081700000|100%| O|  |TAMS 0x0000000081600000, 0x0000000081600000| Untracked 
|  23|0x0000000081700000, 0x0000000081800000, 0x0000000081800000|100%| O|  |TAMS 0x0000000081700000, 0x0000000081700000| Untracked 
|  24|0x0000000081800000, 0x0000000081838a00, 0x0000000081900000| 22%| O|  |TAMS 0x0000000081800000, 0x0000000081800000| Untracked 
|  25|0x0000000081900000, 0x0000000081a00000, 0x0000000081a00000|100%| O|  |TAMS 0x0000000081a00000, 0x0000000081900000| Untracked 
|  26|0x0000000081a00000, 0x0000000081b00000, 0x0000000081b00000|100%| O|  |TAMS 0x0000000081b00000, 0x0000000081a00000| Untracked 
|  27|0x0000000081b00000, 0x0000000081c00000, 0x0000000081c00000|100%| O|  |TAMS 0x0000000081c00000, 0x0000000081b00000| Untracked 
|  28|0x0000000081c00000, 0x0000000081d00000, 0x0000000081d00000|100%| O|  |TAMS 0x0000000081d00000, 0x0000000081c00000| Untracked 
|  29|0x0000000081d00000, 0x0000000081e00000, 0x0000000081e00000|100%| O|  |TAMS 0x0000000081e00000, 0x0000000081d00000| Untracked 
|  30|0x0000000081e00000, 0x0000000081f00000, 0x0000000081f00000|100%| O|  |TAMS 0x0000000081f00000, 0x0000000081e00000| Untracked 
|  31|0x0000000081f00000, 0x0000000082000000, 0x0000000082000000|100%| O|  |TAMS 0x0000000082000000, 0x0000000081f00000| Untracked 
|  32|0x0000000082000000, 0x0000000082100000, 0x0000000082100000|100%| O|  |TAMS 0x000000008200f600, 0x0000000082000000| Untracked 
|  33|0x0000000082100000, 0x0000000082100000, 0x0000000082200000|  0%| F|  |TAMS 0x0000000082100000, 0x0000000082100000| Untracked 
|  34|0x0000000082200000, 0x0000000082200000, 0x0000000082300000|  0%| F|  |TAMS 0x0000000082200000, 0x0000000082200000| Untracked 
|  35|0x0000000082300000, 0x0000000082300000, 0x0000000082400000|  0%| F|  |TAMS 0x0000000082300000, 0x0000000082300000| Untracked 
|  36|0x0000000082400000, 0x0000000082400000, 0x0000000082500000|  0%| F|  |TAMS 0x0000000082400000, 0x0000000082400000| Untracked 
|  37|0x0000000082500000, 0x0000000082500000, 0x0000000082600000|  0%| F|  |TAMS 0x0000000082500000, 0x0000000082500000| Untracked 
|  38|0x0000000082600000, 0x0000000082600000, 0x0000000082700000|  0%| F|  |TAMS 0x0000000082600000, 0x0000000082600000| Untracked 
|  39|0x0000000082700000, 0x0000000082700000, 0x0000000082800000|  0%| F|  |TAMS 0x0000000082700000, 0x0000000082700000| Untracked 
|  40|0x0000000082800000, 0x0000000082800000, 0x0000000082900000|  0%| F|  |TAMS 0x0000000082800000, 0x0000000082800000| Untracked 
|  41|0x0000000082900000, 0x0000000082900000, 0x0000000082a00000|  0%| F|  |TAMS 0x0000000082900000, 0x0000000082900000| Untracked 
|  42|0x0000000082a00000, 0x0000000082a00000, 0x0000000082b00000|  0%| F|  |TAMS 0x0000000082a00000, 0x0000000082a00000| Untracked 
|  43|0x0000000082b00000, 0x0000000082b00000, 0x0000000082c00000|  0%| F|  |TAMS 0x0000000082b00000, 0x0000000082b00000| Untracked 
|  44|0x0000000082c00000, 0x0000000082c00000, 0x0000000082d00000|  0%| F|  |TAMS 0x0000000082c00000, 0x0000000082c00000| Untracked 
|  45|0x0000000082d00000, 0x0000000082d00000, 0x0000000082e00000|  0%| F|  |TAMS 0x0000000082d00000, 0x0000000082d00000| Untracked 
|  46|0x0000000082e00000, 0x0000000082e00000, 0x0000000082f00000|  0%| F|  |TAMS 0x0000000082e00000, 0x0000000082e00000| Untracked 
|  47|0x0000000082f00000, 0x0000000082f00000, 0x0000000083000000|  0%| F|  |TAMS 0x0000000082f00000, 0x0000000082f00000| Untracked 
|  48|0x0000000083000000, 0x0000000083000000, 0x0000000083100000|  0%| F|  |TAMS 0x0000000083000000, 0x0000000083000000| Untracked 
|  49|0x0000000083100000, 0x0000000083100000, 0x0000000083200000|  0%| F|  |TAMS 0x0000000083100000, 0x0000000083100000| Untracked 
|  50|0x0000000083200000, 0x0000000083200000, 0x0000000083300000|  0%| F|  |TAMS 0x0000000083200000, 0x0000000083200000| Untracked 
|  51|0x0000000083300000, 0x0000000083300000, 0x0000000083400000|  0%| F|  |TAMS 0x0000000083300000, 0x0000000083300000| Untracked 
|  52|0x0000000083400000, 0x0000000083400000, 0x0000000083500000|  0%| F|  |TAMS 0x0000000083400000, 0x0000000083400000| Untracked 
|  53|0x0000000083500000, 0x0000000083500000, 0x0000000083600000|  0%| F|  |TAMS 0x0000000083500000, 0x0000000083500000| Untracked 
|  54|0x0000000083600000, 0x00000000836bc100, 0x0000000083700000| 73%| S|CS|TAMS 0x0000000083600000, 0x0000000083600000| Complete 
|  55|0x0000000083700000, 0x0000000083800000, 0x0000000083800000|100%| S|CS|TAMS 0x0000000083700000, 0x0000000083700000| Complete 
|  56|0x0000000083800000, 0x0000000083900000, 0x0000000083900000|100%| S|CS|TAMS 0x0000000083800000, 0x0000000083800000| Complete 
|  57|0x0000000083900000, 0x0000000083a00000, 0x0000000083a00000|100%| S|CS|TAMS 0x0000000083900000, 0x0000000083900000| Complete 
|  58|0x0000000083a00000, 0x0000000083b00000, 0x0000000083b00000|100%| S|CS|TAMS 0x0000000083a00000, 0x0000000083a00000| Complete 
|  59|0x0000000083b00000, 0x0000000083c00000, 0x0000000083c00000|100%| S|CS|TAMS 0x0000000083b00000, 0x0000000083b00000| Complete 
|  60|0x0000000083c00000, 0x0000000083c00000, 0x0000000083d00000|  0%| F|  |TAMS 0x0000000083c00000, 0x0000000083c00000| Untracked 
|  61|0x0000000083d00000, 0x0000000083d00000, 0x0000000083e00000|  0%| F|  |TAMS 0x0000000083d00000, 0x0000000083d00000| Untracked 
|  62|0x0000000083e00000, 0x0000000083e00000, 0x0000000083f00000|  0%| F|  |TAMS 0x0000000083e00000, 0x0000000083e00000| Untracked 
|  63|0x0000000083f00000, 0x0000000083f00000, 0x0000000084000000|  0%| F|  |TAMS 0x0000000083f00000, 0x0000000083f00000| Untracked 
|  64|0x0000000084000000, 0x0000000084000000, 0x0000000084100000|  0%| F|  |TAMS 0x0000000084000000, 0x0000000084000000| Untracked 
|  65|0x0000000084100000, 0x0000000084100000, 0x0000000084200000|  0%| F|  |TAMS 0x0000000084100000, 0x0000000084100000| Untracked 
|  66|0x0000000084200000, 0x0000000084200000, 0x0000000084300000|  0%| F|  |TAMS 0x0000000084200000, 0x0000000084200000| Untracked 
|  67|0x0000000084300000, 0x0000000084300000, 0x0000000084400000|  0%| F|  |TAMS 0x0000000084300000, 0x0000000084300000| Untracked 
|  68|0x0000000084400000, 0x0000000084400000, 0x0000000084500000|  0%| F|  |TAMS 0x0000000084400000, 0x0000000084400000| Untracked 
|  69|0x0000000084500000, 0x0000000084500000, 0x0000000084600000|  0%| F|  |TAMS 0x0000000084500000, 0x0000000084500000| Untracked 
|  70|0x0000000084600000, 0x0000000084600000, 0x0000000084700000|  0%| F|  |TAMS 0x0000000084600000, 0x0000000084600000| Untracked 
|  71|0x0000000084700000, 0x0000000084700000, 0x0000000084800000|  0%| F|  |TAMS 0x0000000084700000, 0x0000000084700000| Untracked 
|  72|0x0000000084800000, 0x0000000084800000, 0x0000000084900000|  0%| F|  |TAMS 0x0000000084800000, 0x0000000084800000| Untracked 
|  73|0x0000000084900000, 0x0000000084900000, 0x0000000084a00000|  0%| F|  |TAMS 0x0000000084900000, 0x0000000084900000| Untracked 
|  74|0x0000000084a00000, 0x0000000084a80800, 0x0000000084b00000| 50%| E|  |TAMS 0x0000000084a00000, 0x0000000084a00000| Complete 
|  75|0x0000000084b00000, 0x0000000084c00000, 0x0000000084c00000|100%| E|CS|TAMS 0x0000000084b00000, 0x0000000084b00000| Complete 
|  76|0x0000000084c00000, 0x0000000084d00000, 0x0000000084d00000|100%| E|CS|TAMS 0x0000000084c00000, 0x0000000084c00000| Complete 
|  77|0x0000000084d00000, 0x0000000084e00000, 0x0000000084e00000|100%| E|CS|TAMS 0x0000000084d00000, 0x0000000084d00000| Complete 
|  78|0x0000000084e00000, 0x0000000084f00000, 0x0000000084f00000|100%| E|CS|TAMS 0x0000000084e00000, 0x0000000084e00000| Complete 
|  79|0x0000000084f00000, 0x0000000085000000, 0x0000000085000000|100%| E|CS|TAMS 0x0000000084f00000, 0x0000000084f00000| Complete 
|  80|0x0000000085000000, 0x0000000085100000, 0x0000000085100000|100%| E|CS|TAMS 0x0000000085000000, 0x0000000085000000| Complete 
|  81|0x0000000085100000, 0x0000000085200000, 0x0000000085200000|100%| E|CS|TAMS 0x0000000085100000, 0x0000000085100000| Complete 
|  82|0x0000000085200000, 0x0000000085300000, 0x0000000085300000|100%| E|CS|TAMS 0x0000000085200000, 0x0000000085200000| Complete 
|  83|0x0000000085300000, 0x0000000085400000, 0x0000000085400000|100%| E|CS|TAMS 0x0000000085300000, 0x0000000085300000| Complete 
|  84|0x0000000085400000, 0x0000000085500000, 0x0000000085500000|100%| E|CS|TAMS 0x0000000085400000, 0x0000000085400000| Complete 
|  85|0x0000000085500000, 0x0000000085600000, 0x0000000085600000|100%| E|CS|TAMS 0x0000000085500000, 0x0000000085500000| Complete 
|  86|0x0000000085600000, 0x0000000085700000, 0x0000000085700000|100%| E|CS|TAMS 0x0000000085600000, 0x0000000085600000| Complete 
|  87|0x0000000085700000, 0x0000000085800000, 0x0000000085800000|100%| E|CS|TAMS 0x0000000085700000, 0x0000000085700000| Complete 
|  88|0x0000000085800000, 0x0000000085900000, 0x0000000085900000|100%| E|CS|TAMS 0x0000000085800000, 0x0000000085800000| Complete 
|  89|0x0000000085900000, 0x0000000085a00000, 0x0000000085a00000|100%| E|CS|TAMS 0x0000000085900000, 0x0000000085900000| Complete 
|  90|0x0000000085a00000, 0x0000000085b00000, 0x0000000085b00000|100%| E|CS|TAMS 0x0000000085a00000, 0x0000000085a00000| Complete 
|  91|0x0000000085b00000, 0x0000000085c00000, 0x0000000085c00000|100%| E|CS|TAMS 0x0000000085b00000, 0x0000000085b00000| Complete 
|  92|0x0000000085c00000, 0x0000000085d00000, 0x0000000085d00000|100%| E|CS|TAMS 0x0000000085c00000, 0x0000000085c00000| Complete 
|  93|0x0000000085d00000, 0x0000000085e00000, 0x0000000085e00000|100%| E|CS|TAMS 0x0000000085d00000, 0x0000000085d00000| Complete 
|  94|0x0000000085e00000, 0x0000000085f00000, 0x0000000085f00000|100%| E|CS|TAMS 0x0000000085e00000, 0x0000000085e00000| Complete 
|  95|0x0000000085f00000, 0x0000000086000000, 0x0000000086000000|100%| E|CS|TAMS 0x0000000085f00000, 0x0000000085f00000| Complete 
|  96|0x0000000086000000, 0x0000000086100000, 0x0000000086100000|100%| E|CS|TAMS 0x0000000086000000, 0x0000000086000000| Complete 
|  97|0x0000000086100000, 0x0000000086200000, 0x0000000086200000|100%| E|CS|TAMS 0x0000000086100000, 0x0000000086100000| Complete 
|  98|0x0000000086200000, 0x0000000086300000, 0x0000000086300000|100%| E|CS|TAMS 0x0000000086200000, 0x0000000086200000| Complete 
|  99|0x0000000086300000, 0x0000000086400000, 0x0000000086400000|100%| E|CS|TAMS 0x0000000086300000, 0x0000000086300000| Complete 
| 100|0x0000000086400000, 0x0000000086500000, 0x0000000086500000|100%| E|CS|TAMS 0x0000000086400000, 0x0000000086400000| Complete 
| 101|0x0000000086500000, 0x0000000086600000, 0x0000000086600000|100%| E|CS|TAMS 0x0000000086500000, 0x0000000086500000| Complete 
| 102|0x0000000086600000, 0x0000000086700000, 0x0000000086700000|100%| E|CS|TAMS 0x0000000086600000, 0x0000000086600000| Complete 
| 103|0x0000000086700000, 0x0000000086800000, 0x0000000086800000|100%| E|CS|TAMS 0x0000000086700000, 0x0000000086700000| Complete 
| 104|0x0000000086800000, 0x0000000086900000, 0x0000000086900000|100%| E|CS|TAMS 0x0000000086800000, 0x0000000086800000| Complete 
| 105|0x0000000086900000, 0x0000000086a00000, 0x0000000086a00000|100%| E|CS|TAMS 0x0000000086900000, 0x0000000086900000| Complete 
| 106|0x0000000086a00000, 0x0000000086b00000, 0x0000000086b00000|100%| E|CS|TAMS 0x0000000086a00000, 0x0000000086a00000| Complete 
| 107|0x0000000086b00000, 0x0000000086c00000, 0x0000000086c00000|100%| E|CS|TAMS 0x0000000086b00000, 0x0000000086b00000| Complete 
| 108|0x0000000086c00000, 0x0000000086d00000, 0x0000000086d00000|100%| E|CS|TAMS 0x0000000086c00000, 0x0000000086c00000| Complete 
| 109|0x0000000086d00000, 0x0000000086e00000, 0x0000000086e00000|100%| E|CS|TAMS 0x0000000086d00000, 0x0000000086d00000| Complete 
| 110|0x0000000086e00000, 0x0000000086f00000, 0x0000000086f00000|100%| E|CS|TAMS 0x0000000086e00000, 0x0000000086e00000| Complete 
| 111|0x0000000086f00000, 0x0000000087000000, 0x0000000087000000|100%| E|CS|TAMS 0x0000000086f00000, 0x0000000086f00000| Complete 
| 112|0x0000000087000000, 0x0000000087100000, 0x0000000087100000|100%| E|CS|TAMS 0x0000000087000000, 0x0000000087000000| Complete 
| 113|0x0000000087100000, 0x0000000087200000, 0x0000000087200000|100%| E|CS|TAMS 0x0000000087100000, 0x0000000087100000| Complete 
| 114|0x0000000087200000, 0x0000000087300000, 0x0000000087300000|100%| E|CS|TAMS 0x0000000087200000, 0x0000000087200000| Complete 
| 115|0x0000000087300000, 0x0000000087400000, 0x0000000087400000|100%| E|CS|TAMS 0x0000000087300000, 0x0000000087300000| Complete 
| 116|0x0000000087400000, 0x0000000087500000, 0x0000000087500000|100%| E|CS|TAMS 0x0000000087400000, 0x0000000087400000| Complete 
| 117|0x0000000087500000, 0x0000000087600000, 0x0000000087600000|100%| E|CS|TAMS 0x0000000087500000, 0x0000000087500000| Complete 
| 118|0x0000000087600000, 0x0000000087700000, 0x0000000087700000|100%| E|CS|TAMS 0x0000000087600000, 0x0000000087600000| Complete 
| 119|0x0000000087700000, 0x0000000087800000, 0x0000000087800000|100%| E|CS|TAMS 0x0000000087700000, 0x0000000087700000| Complete 
| 120|0x0000000087800000, 0x0000000087900000, 0x0000000087900000|100%| E|CS|TAMS 0x0000000087800000, 0x0000000087800000| Complete 
| 121|0x0000000087900000, 0x0000000087a00000, 0x0000000087a00000|100%| E|CS|TAMS 0x0000000087900000, 0x0000000087900000| Complete 

Card table byte_map: [0x0000021d7e130000,0x0000021d7e530000] _byte_map_base: 0x0000021d7dd30000

Marking Bits (Prev, Next): (CMBitMap*) 0x0000021d79dcac50, (CMBitMap*) 0x0000021d79dcac18
 Prev Bits: [0x0000021d11000000, 0x0000021d13000000)
 Next Bits: [0x0000021d0f000000, 0x0000021d11000000)

Polling page: 0x0000021d78580000

Metaspace:

Usage:
  Non-class:     33.64 MB capacity,    33.10 MB ( 98%) used,   489.13 KB (  1%) free+waste,    69.38 KB ( <1%) overhead. 
      Class:      5.06 MB capacity,     4.75 MB ( 94%) used,   287.91 KB (  6%) free+waste,    32.38 KB ( <1%) overhead. 
       Both:     38.71 MB capacity,    37.85 MB ( 98%) used,   777.05 KB (  2%) free+waste,   101.75 KB ( <1%) overhead. 

Virtual space:
  Non-class space:       34.00 MB reserved,      33.67 MB (>99%) committed 
      Class space:        1.00 GB reserved,       5.13 MB ( <1%) committed 
             Both:        1.03 GB reserved,      38.80 MB (  4%) committed 

Chunk freelists:
   Non-Class:  28.00 KB
       Class:  2.00 KB
        Both:  30.00 KB

MaxMetaspaceSize: 17179869184.00 GB
CompressedClassSpaceSize: 1.00 GB

CodeHeap 'non-profiled nmethods': size=120064Kb used=1600Kb max_used=1600Kb free=118463Kb
 bounds [0x0000021d07ac0000, 0x0000021d07d30000, 0x0000021d0f000000]
CodeHeap 'profiled nmethods': size=120000Kb used=6636Kb max_used=6636Kb free=113363Kb
 bounds [0x0000021d00590000, 0x0000021d00c10000, 0x0000021d07ac0000]
CodeHeap 'non-nmethods': size=5696Kb used=2189Kb max_used=2211Kb free=3506Kb
 bounds [0x0000021d00000000, 0x0000021d00270000, 0x0000021d00590000]
 total_blobs=3908 nmethods=3160 adapters=659
 compilation: enabled
              stopped_count=0, restarted_count=0
 full_count=0

Compilation events (20 events):
Event: 36.580 Thread 0x0000021d7ef96800 nmethod 3389 0x0000021d00bfae10 code [0x0000021d00bfafe0, 0x0000021d00bfb3e8]
Event: 36.580 Thread 0x0000021d7ef96800 3390       1       java.util.TreeMap::size (5 bytes)
Event: 36.580 Thread 0x0000021d7ef96800 nmethod 3390 0x0000021d07c4df90 code [0x0000021d07c4e140, 0x0000021d07c4e1f8]
Event: 36.580 Thread 0x0000021d7ef96800 3391       3       java.util.AbstractCollection::toArray (144 bytes)
Event: 36.582 Thread 0x0000021d7ef96800 nmethod 3391 0x0000021d00bfb590 code [0x0000021d00bfb860, 0x0000021d00bfc978]
Event: 36.584 Thread 0x0000021d7ef96800 3392       3       sun.reflect.generics.repository.GenericDeclRepository::<init> (7 bytes)
Event: 36.585 Thread 0x0000021d7ef96800 nmethod 3392 0x0000021d00bfcd90 code [0x0000021d00bfcf60, 0x0000021d00bfd2a8]
Event: 36.585 Thread 0x0000021d7ef96800 3393       3       sun.reflect.generics.repository.AbstractRepository::<init> (19 bytes)
Event: 36.585 Thread 0x0000021d7ef96800 nmethod 3393 0x0000021d00bfd390 code [0x0000021d00bfd560, 0x0000021d00bfd848]
Event: 36.586 Thread 0x0000021d7ef96800 3394       1       sun.reflect.generics.tree.MethodTypeSignature::getParameterTypes (5 bytes)
Event: 36.586 Thread 0x0000021d7ef96800 nmethod 3394 0x0000021d07c4e290 code [0x0000021d07c4e440, 0x0000021d07c4e4f8]
Event: 36.586 Thread 0x0000021d7ef96800 3395       3       java.lang.reflect.Method::getGenericInfo (27 bytes)
Event: 36.587 Thread 0x0000021d7ef96800 nmethod 3395 0x0000021d00bfd910 code [0x0000021d00bfdba0, 0x0000021d00bfe998]
Event: 36.587 Thread 0x0000021d7ef96800 3397  s    3       java.beans.MethodDescriptor::setParams (74 bytes)
Event: 36.589 Thread 0x0000021d7ef96800 nmethod 3397 0x0000021d00bfee90 code [0x0000021d00bff0e0, 0x0000021d00bffd48]
Event: 36.589 Thread 0x0000021d7ef96800 3396       3       java.beans.MethodDescriptor::<init> (48 bytes)
Event: 36.589 Thread 0x0000021d7ef96800 nmethod 3396 0x0000021d00c00090 code [0x0000021d00c002a0, 0x0000021d00c00918]
Event: 36.589 Thread 0x0000021d7ef96800 3398       3       java.util.Collections$UnmodifiableMap$UnmodifiableEntrySet$UnmodifiableEntry::getValue (10 bytes)
Event: 36.589 Thread 0x0000021d7ef96800 nmethod 3398 0x0000021d00c00b10 code [0x0000021d00c00cc0, 0x0000021d00c00e88]
Event: 36.593 Thread 0x0000021d7ef96800 3399       3       com.sun.beans.introspect.PropertyInfo::isPrefix (25 bytes)

GC Heap History (20 events):
Event: 2.849 GC heap before
{Heap before GC invocations=1 (full 0):
 garbage-first heap   total 124928K, used 19472K [0x0000000080000000, 0x0000000100000000)
  region size 1024K, 13 young (13312K), 2 survivors (2048K)
 Metaspace       used 10437K, capacity 10630K, committed 10752K, reserved 1058816K
  class space    used 1095K, capacity 1163K, committed 1280K, reserved 1048576K
}
Event: 2.855 GC heap after
{Heap after GC invocations=2 (full 0):
 garbage-first heap   total 124928K, used 8868K [0x0000000080000000, 0x0000000100000000)
  region size 1024K, 1 young (1024K), 1 survivors (1024K)
 Metaspace       used 10437K, capacity 10630K, committed 10752K, reserved 1058816K
  class space    used 1095K, capacity 1163K, committed 1280K, reserved 1048576K
}
Event: 4.073 GC heap before
{Heap before GC invocations=2 (full 0):
 garbage-first heap   total 124928K, used 36516K [0x0000000080000000, 0x0000000100000000)
  region size 1024K, 29 young (29696K), 1 survivors (1024K)
 Metaspace       used 10682K, capacity 11006K, committed 11264K, reserved 1058816K
  class space    used 1116K, capacity 1203K, committed 1280K, reserved 1048576K
}
Event: 4.080 GC heap after
{Heap after GC invocations=3 (full 0):
 garbage-first heap   total 124928K, used 12946K [0x0000000080000000, 0x0000000100000000)
  region size 1024K, 4 young (4096K), 4 survivors (4096K)
 Metaspace       used 10682K, capacity 11006K, committed 11264K, reserved 1058816K
  class space    used 1116K, capacity 1203K, committed 1280K, reserved 1048576K
}
Event: 9.404 GC heap before
{Heap before GC invocations=3 (full 0):
 garbage-first heap   total 124928K, used 53906K [0x0000000080000000, 0x0000000100000000)
  region size 1024K, 44 young (45056K), 4 survivors (4096K)
 Metaspace       used 19064K, capacity 19504K, committed 19712K, reserved 1067008K
  class space    used 2298K, capacity 2441K, committed 2560K, reserved 1048576K
}
Event: 9.414 GC heap after
{Heap after GC invocations=4 (full 0):
 garbage-first heap   total 124928K, used 16088K [0x0000000080000000, 0x0000000100000000)
  region size 1024K, 3 young (3072K), 3 survivors (3072K)
 Metaspace       used 19064K, capacity 19504K, committed 19712K, reserved 1067008K
  class space    used 2298K, capacity 2441K, committed 2560K, reserved 1048576K
}
Event: 9.622 GC heap before
{Heap before GC invocations=4 (full 0):
 garbage-first heap   total 124928K, used 25304K [0x0000000080000000, 0x0000000100000000)
  region size 1024K, 14 young (14336K), 3 survivors (3072K)
 Metaspace       used 20738K, capacity 21179K, committed 21296K, reserved 1069056K
  class space    used 2480K, capacity 2636K, committed 2688K, reserved 1048576K
}
Event: 9.634 GC heap after
{Heap after GC invocations=5 (full 0):
 garbage-first heap   total 124928K, used 16458K [0x0000000080000000, 0x0000000100000000)
  region size 1024K, 4 young (4096K), 4 survivors (4096K)
 Metaspace       used 20738K, capacity 21179K, committed 21296K, reserved 1069056K
  class space    used 2480K, capacity 2636K, committed 2688K, reserved 1048576K
}
Event: 24.152 GC heap before
{Heap before GC invocations=6 (full 0):
 garbage-first heap   total 124928K, used 76874K [0x0000000080000000, 0x0000000100000000)
  region size 1024K, 54 young (55296K), 4 survivors (4096K)
 Metaspace       used 26733K, capacity 27490K, committed 27696K, reserved 1073152K
  class space    used 3411K, capacity 3677K, committed 3712K, reserved 1048576K
}
Event: 24.163 GC heap after
{Heap after GC invocations=7 (full 0):
 garbage-first heap   total 124928K, used 29599K [0x0000000080000000, 0x0000000100000000)
  region size 1024K, 7 young (7168K), 7 survivors (7168K)
 Metaspace       used 26733K, capacity 27490K, committed 27696K, reserved 1073152K
  class space    used 3411K, capacity 3677K, committed 3712K, reserved 1048576K
}
Event: 29.734 GC heap before
{Heap before GC invocations=7 (full 0):
 garbage-first heap   total 124928K, used 79775K [0x0000000080000000, 0x0000000100000000)
  region size 1024K, 55 young (56320K), 7 survivors (7168K)
 Metaspace       used 35039K, capacity 35824K, committed 35888K, reserved 1081344K
  class space    used 4415K, capacity 4686K, committed 4736K, reserved 1048576K
}
Event: 29.758 GC heap after
{Heap after GC invocations=8 (full 0):
 garbage-first heap   total 124928K, used 35775K [0x0000000080000000, 0x0000000100000000)
  region size 1024K, 4 young (4096K), 4 survivors (4096K)
 Metaspace       used 35039K, capacity 35824K, committed 35888K, reserved 1081344K
  class space    used 4415K, capacity 4686K, committed 4736K, reserved 1048576K
}
Event: 32.429 GC heap before
{Heap before GC invocations=9 (full 0):
 garbage-first heap   total 124928K, used 89023K [0x0000000080000000, 0x0000000100000000)
  region size 1024K, 56 young (57344K), 4 survivors (4096K)
 Metaspace       used 38552K, capacity 39378K, committed 39728K, reserved 1083392K
  class space    used 4839K, capacity 5144K, committed 5248K, reserved 1048576K
}
Event: 32.443 GC heap after
{Heap after GC invocations=10 (full 0):
 garbage-first heap   total 124928K, used 34734K [0x0000000080000000, 0x0000000100000000)
  region size 1024K, 5 young (5120K), 5 survivors (5120K)
 Metaspace       used 38552K, capacity 39378K, committed 39728K, reserved 1083392K
  class space    used 4839K, capacity 5144K, committed 5248K, reserved 1048576K
}
Event: 33.225 GC heap before
{Heap before GC invocations=11 (full 0):
 garbage-first heap   total 124928K, used 92078K [0x0000000080000000, 0x0000000100000000)
  region size 1024K, 61 young (62464K), 5 survivors (5120K)
 Metaspace       used 38554K, capacity 39378K, committed 39728K, reserved 1083392K
  class space    used 4839K, capacity 5144K, committed 5248K, reserved 1048576K
}
Event: 33.237 GC heap after
{Heap after GC invocations=12 (full 0):
 garbage-first heap   total 124928K, used 35910K [0x0000000080000000, 0x0000000100000000)
  region size 1024K, 3 young (3072K), 3 survivors (3072K)
 Metaspace       used 38554K, capacity 39378K, committed 39728K, reserved 1083392K
  class space    used 4839K, capacity 5144K, committed 5248K, reserved 1048576K
}
Event: 33.801 GC heap before
{Heap before GC invocations=12 (full 0):
 garbage-first heap   total 124928K, used 93254K [0x0000000080000000, 0x0000000100000000)
  region size 1024K, 59 young (60416K), 3 survivors (3072K)
 Metaspace       used 38554K, capacity 39378K, committed 39728K, reserved 1083392K
  class space    used 4839K, capacity 5144K, committed 5248K, reserved 1048576K
}
Event: 33.807 GC heap after
{Heap after GC invocations=13 (full 0):
 garbage-first heap   total 124928K, used 37245K [0x0000000080000000, 0x0000000100000000)
  region size 1024K, 5 young (5120K), 5 survivors (5120K)
 Metaspace       used 38554K, capacity 39378K, committed 39728K, reserved 1083392K
  class space    used 4839K, capacity 5144K, committed 5248K, reserved 1048576K
}
Event: 35.032 GC heap before
{Heap before GC invocations=13 (full 0):
 garbage-first heap   total 124928K, used 95613K [0x0000000080000000, 0x0000000100000000)
  region size 1024K, 62 young (63488K), 5 survivors (5120K)
 Metaspace       used 38576K, capacity 39442K, committed 39728K, reserved 1083392K
  class space    used 4843K, capacity 5144K, committed 5248K, reserved 1048576K
}
Event: 35.041 GC heap after
{Heap after GC invocations=14 (full 0):
 garbage-first heap   total 124928K, used 38866K [0x0000000080000000, 0x0000000100000000)
  region size 1024K, 6 young (6144K), 6 survivors (6144K)
 Metaspace       used 38576K, capacity 39442K, committed 39728K, reserved 1083392K
  class space    used 4843K, capacity 5144K, committed 5248K, reserved 1048576K
}

Deoptimization events (20 events):
Event: 33.997 Thread 0x0000021d16154000 DEOPT PACKING pc=0x0000021d07c3bdb4 sp=0x00000039ab2fab90
Event: 33.997 Thread 0x0000021d16154000 DEOPT UNPACKING pc=0x0000021d0002742f sp=0x00000039ab2fab28 mode 2
Event: 33.997 Thread 0x0000021d16154000 Uncommon trap: trap_request=0xffffffde fr.pc=0x0000021d07c3a71c relative=0x000000000000023c
Event: 33.997 Thread 0x0000021d16154000 Uncommon trap: reason=class_check action=maybe_recompile pc=0x0000021d07c3a71c method=com.google.common.io.ByteStreams.copy(Ljava/io/InputStream;Ljava/io/OutputStream;)J @ 18 c2
Event: 33.997 Thread 0x0000021d16154000 DEOPT PACKING pc=0x0000021d07c3a71c sp=0x00000039ab2fab30
Event: 33.997 Thread 0x0000021d16154000 DEOPT UNPACKING pc=0x0000021d0002742f sp=0x00000039ab2faae8 mode 2
Event: 35.958 Thread 0x0000021d16154000 Uncommon trap: trap_request=0xffffff4d fr.pc=0x0000021d07c3eaa8 relative=0x0000000000000888
Event: 35.958 Thread 0x0000021d16154000 Uncommon trap: reason=unstable_if action=reinterpret pc=0x0000021d07c3eaa8 method=java.util.zip.ZipFile$ZipEntryIterator.hasNext()Z @ 8 c2
Event: 35.958 Thread 0x0000021d16154000 DEOPT PACKING pc=0x0000021d07c3eaa8 sp=0x00000039ab2fac40
Event: 35.958 Thread 0x0000021d16154000 DEOPT UNPACKING pc=0x0000021d0002742f sp=0x00000039ab2faa38 mode 2
Event: 35.976 Thread 0x0000021d16154000 Uncommon trap: trap_request=0xffffff4d fr.pc=0x0000021d07bb8580 relative=0x0000000000000400
Event: 35.976 Thread 0x0000021d16154000 Uncommon trap: reason=unstable_if action=reinterpret pc=0x0000021d07bb8580 method=sun.security.provider.DigestBase.engineUpdate([BII)V @ 1 c2
Event: 35.976 Thread 0x0000021d16154000 DEOPT PACKING pc=0x0000021d07bb8580 sp=0x00000039ab2faa60
Event: 35.976 Thread 0x0000021d16154000 DEOPT UNPACKING pc=0x0000021d0002742f sp=0x00000039ab2faa28 mode 2
Event: 36.409 Thread 0x0000021d16154000 DEOPT PACKING pc=0x0000021d00701cb4 sp=0x00000039ab2faad0
Event: 36.409 Thread 0x0000021d16154000 DEOPT UNPACKING pc=0x0000021d0002724e sp=0x00000039ab2fa020 mode 0
Event: 36.445 Thread 0x0000021d16154000 Uncommon trap: trap_request=0xffffffc6 fr.pc=0x0000021d07c44608 relative=0x00000000000003e8
Event: 36.445 Thread 0x0000021d16154000 Uncommon trap: reason=bimorphic_or_optimized_type_check action=maybe_recompile pc=0x0000021d07c44608 method=com.google.common.io.ByteStreams.copy(Ljava/io/InputStream;Ljava/io/OutputStream;)J @ 18 c2
Event: 36.445 Thread 0x0000021d16154000 DEOPT PACKING pc=0x0000021d07c44608 sp=0x00000039ab2fac90
Event: 36.445 Thread 0x0000021d16154000 DEOPT UNPACKING pc=0x0000021d0002742f sp=0x00000039ab2fac48 mode 2

Classes redefined (0 events):
No events

Internal exceptions (20 events):
Event: 29.997 Thread 0x0000021d16154000 Exception <a 'java/lang/ClassNotFoundException'{0x0000000087639140}: org/gradle/internal/metaobject/ConfigureDelegateCustomizer> (0x0000000087639140) thrown at [./src/hotspot/share/classfile/systemDictionary.cpp, line 231]
Event: 30.026 Thread 0x0000021d16154000 Exception <a 'java/lang/ClassNotFoundException'{0x0000000087692ee8}: org/gradle/api/internal/initialization/DefaultScriptHandlerBeanInfo> (0x0000000087692ee8) thrown at [./src/hotspot/share/classfile/systemDictionary.cpp, line 231]
Event: 30.027 Thread 0x0000021d16154000 Exception <a 'java/lang/ClassNotFoundException'{0x00000000876b2f90}: org/gradle/api/internal/initialization/DefaultScriptHandlerCustomizer> (0x00000000876b2f90) thrown at [./src/hotspot/share/classfile/systemDictionary.cpp, line 231]
Event: 30.214 Thread 0x0000021d16154000 Exception <a 'java/lang/ClassNotFoundException'{0x0000000086fd0968}: org/gradle/api/internal/artifacts/dsl/dependencies/DefaultDependencyHandler_DecoratedBeanInfo> (0x0000000086fd0968) thrown at [./src/hotspot/share/classfile/systemDictionary.cpp, line 231]
Event: 30.218 Thread 0x0000021d16154000 Exception <a 'java/lang/ClassNotFoundException'{0x0000000086e02c80}: org/gradle/api/internal/artifacts/dsl/dependencies/DefaultDependencyHandlerBeanInfo> (0x0000000086e02c80) thrown at [./src/hotspot/share/classfile/systemDictionary.cpp, line 231]
Event: 30.221 Thread 0x0000021d16154000 Exception <a 'java/lang/ClassNotFoundException'{0x0000000086e34c18}: org/gradle/api/internal/artifacts/dsl/dependencies/DefaultDependencyHandlerCustomizer> (0x0000000086e34c18) thrown at [./src/hotspot/share/classfile/systemDictionary.cpp, line 231]
Event: 30.245 Thread 0x0000021d16154000 Exception <a 'java/lang/ClassNotFoundException'{0x0000000086e85808}: org/gradle/api/internal/artifacts/dsl/dependencies/DefaultDependencyHandler_DecoratedCustomizer> (0x0000000086e85808) thrown at [./src/hotspot/share/classfile/systemDictionary.cpp, line 231]
Event: 30.621 Thread 0x0000021d16154000 Exception <a 'java/lang/NoSuchMethodError'{0x0000000086274bf0}: 'int java.lang.invoke.DirectMethodHandle$Holder.invokeInterface(java.lang.Object, java.lang.Object)'> (0x0000000086274bf0) thrown at [./src/hotspot/share/interpreter/linkResolver.cpp, line 773]
Event: 30.622 Thread 0x0000021d16154000 Exception <a 'java/lang/IncompatibleClassChangeError'{0x0000000086278428}: Found class java.lang.Object, but interface was expected> (0x0000000086278428) thrown at [./src/hotspot/share/interpreter/linkResolver.cpp, line 839]
Event: 30.627 Thread 0x0000021d16154000 Exception <a 'java/lang/NoSuchMethodError'{0x00000000862912a8}: 'int java.lang.invoke.DirectMethodHandle$Holder.invokeStatic(java.lang.Object, java.lang.Object, java.lang.Object, java.lang.Object, java.lang.Object)'> (0x00000000862912a8) thrown at [./src/hotspot/share/interpreter/linkResolver.cpp, line 773]
Event: 30.701 Thread 0x0000021d16154000 Exception <a 'java/lang/NoSuchMethodError'{0x0000000085e668d0}: 'void java.lang.invoke.DirectMethodHandle$Holder.invokeStaticInit(java.lang.Object, java.lang.Object)'> (0x0000000085e668d0) thrown at [./src/hotspot/share/interpreter/linkResolver.cpp, line 773]
Event: 32.167 Thread 0x0000021d16154000 Exception <a 'java/lang/NoSuchMethodError'{0x0000000085b1fc58}: 'int java.lang.invoke.DirectMethodHandle$Holder.invokeStaticInit(java.lang.Object, java.lang.Object, java.lang.Object)'> (0x0000000085b1fc58) thrown at [./src/hotspot/share/interpreter/linkResolver.cpp, line 773]
Event: 36.498 Thread 0x0000021d16154000 Exception <a 'java/lang/ClassNotFoundException'{0x0000000084df7ce8}: sync_studio_tooling5669_r0li3w0rw0asio7z9nu4glmoBeanInfo> (0x0000000084df7ce8) thrown at [./src/hotspot/share/classfile/systemDictionary.cpp, line 231]
Event: 36.499 Thread 0x0000021d16154000 Exception <a 'java/lang/ClassNotFoundException'{0x0000000084c01858}: sync_studio_tooling5669_r0li3w0rw0asio7z9nu4glmoCustomizer> (0x0000000084c01858) thrown at [./src/hotspot/share/classfile/systemDictionary.cpp, line 231]
Event: 36.575 Thread 0x0000021d16154000 Exception <a 'java/lang/ClassNotFoundException'{0x0000000084b2a9b0}: org/gradle/invocation/DefaultGradle_DecoratedBeanInfo> (0x0000000084b2a9b0) thrown at [./src/hotspot/share/classfile/systemDictionary.cpp, line 231]
Event: 36.577 Thread 0x0000021d16154000 Exception <a 'java/lang/ClassNotFoundException'{0x0000000084b46640}: org/gradle/invocation/DefaultGradleBeanInfo> (0x0000000084b46640) thrown at [./src/hotspot/share/classfile/systemDictionary.cpp, line 231]
Event: 36.578 Thread 0x0000021d16154000 Exception <a 'java/lang/ClassNotFoundException'{0x0000000084b65a40}: org/gradle/api/internal/project/AbstractPluginAwareBeanInfo> (0x0000000084b65a40) thrown at [./src/hotspot/share/classfile/systemDictionary.cpp, line 231]
Event: 36.579 Thread 0x0000021d16154000 Exception <a 'java/lang/ClassNotFoundException'{0x0000000084b84df8}: org/gradle/api/internal/project/AbstractPluginAwareCustomizer> (0x0000000084b84df8) thrown at [./src/hotspot/share/classfile/systemDictionary.cpp, line 231]
Event: 36.583 Thread 0x0000021d16154000 Exception <a 'java/lang/ClassNotFoundException'{0x0000000084ba8cd0}: org/gradle/invocation/DefaultGradleCustomizer> (0x0000000084ba8cd0) thrown at [./src/hotspot/share/classfile/systemDictionary.cpp, line 231]
Event: 36.590 Thread 0x0000021d16154000 Exception <a 'java/lang/ClassNotFoundException'{0x0000000084bf4438}: org/gradle/invocation/DefaultGradle_DecoratedCustomizer> (0x0000000084bf4438) thrown at [./src/hotspot/share/classfile/systemDictionary.cpp, line 231]

Events (20 events):
Event: 36.578 loading class org/gradle/api/internal/project/AbstractPluginAwareCustomizer
Event: 36.578 loading class org/gradle/api/internal/project/AbstractPluginAwareCustomizer done
Event: 36.579 loading class org/gradle/api/internal/project/AbstractPluginAwareCustomizer
Event: 36.579 loading class org/gradle/api/internal/project/AbstractPluginAwareCustomizer done
Event: 36.580 loading class org/gradle/invocation/DefaultGradleCustomizer
Event: 36.580 loading class org/gradle/invocation/DefaultGradleCustomizer done
Event: 36.581 loading class org/gradle/invocation/DefaultGradleCustomizer
Event: 36.581 loading class org/gradle/invocation/DefaultGradleCustomizer done
Event: 36.582 loading class org/gradle/invocation/DefaultGradleCustomizer
Event: 36.582 loading class org/gradle/invocation/DefaultGradleCustomizer done
Event: 36.582 loading class org/gradle/invocation/DefaultGradleCustomizer
Event: 36.582 loading class org/gradle/invocation/DefaultGradleCustomizer done
Event: 36.588 loading class org/gradle/invocation/DefaultGradle_DecoratedCustomizer
Event: 36.588 loading class org/gradle/invocation/DefaultGradle_DecoratedCustomizer done
Event: 36.589 loading class org/gradle/invocation/DefaultGradle_DecoratedCustomizer
Event: 36.589 loading class org/gradle/invocation/DefaultGradle_DecoratedCustomizer done
Event: 36.589 loading class org/gradle/invocation/DefaultGradle_DecoratedCustomizer
Event: 36.589 loading class org/gradle/invocation/DefaultGradle_DecoratedCustomizer done
Event: 36.590 loading class org/gradle/invocation/DefaultGradle_DecoratedCustomizer
Event: 36.590 loading class org/gradle/invocation/DefaultGradle_DecoratedCustomizer done


Dynamic libraries:
0x00007ff650460000 - 0x00007ff65046a000 	C:\Users\Admin\Downloads\android-studio\jre\bin\java.exe
0x00007ffdaee90000 - 0x00007ffdaf086000 	C:\Windows\SYSTEM32\ntdll.dll
0x00007ffdad960000 - 0x00007ffdada1d000 	C:\Windows\System32\KERNEL32.DLL
0x00007ffdaca20000 - 0x00007ffdacce9000 	C:\Windows\System32\KERNELBASE.dll
0x00007ffdacda0000 - 0x00007ffdacea0000 	C:\Windows\System32\ucrtbase.dll
0x00007ffd9eea0000 - 0x00007ffd9eeb9000 	C:\Users\Admin\Downloads\android-studio\jre\bin\jli.dll
0x00007ffd99270000 - 0x00007ffd99287000 	C:\Users\Admin\Downloads\android-studio\jre\bin\VCRUNTIME140.dll
0x00007ffd9bdc0000 - 0x00007ffd9c05b000 	C:\Windows\WinSxS\amd64_microsoft.windows.common-controls_6595b64144ccf1df_6.0.19041.488_none_ca04af081b815d21\COMCTL32.dll
0x00007ffdaeaa0000 - 0x00007ffdaec40000 	C:\Windows\System32\USER32.dll
0x00007ffdad680000 - 0x00007ffdad71e000 	C:\Windows\System32\msvcrt.dll
0x00007ffdad340000 - 0x00007ffdad36a000 	C:\Windows\System32\GDI32.dll
0x00007ffdac950000 - 0x00007ffdac972000 	C:\Windows\System32\win32u.dll
0x00007ffdac790000 - 0x00007ffdac899000 	C:\Windows\System32\gdi32full.dll
0x00007ffdac980000 - 0x00007ffdaca1d000 	C:\Windows\System32\msvcp_win.dll
0x00007ffdae6e0000 - 0x00007ffdae710000 	C:\Windows\System32\IMM32.DLL
0x00007ffd991d0000 - 0x00007ffd9926d000 	C:\Users\Admin\Downloads\android-studio\jre\bin\msvcp140.dll
0x00007ffd806e0000 - 0x00007ffd8119c000 	C:\Users\Admin\Downloads\android-studio\jre\bin\server\jvm.dll
0x00007ffdae830000 - 0x00007ffdae8dc000 	C:\Windows\System32\ADVAPI32.dll
0x00007ffdad370000 - 0x00007ffdad40c000 	C:\Windows\System32\sechost.dll
0x00007ffdad410000 - 0x00007ffdad53b000 	C:\Windows\System32\RPCRT4.dll
0x00007ffdad670000 - 0x00007ffdad678000 	C:\Windows\System32\PSAPI.DLL
0x00007ffda34b0000 - 0x00007ffda34b9000 	C:\Windows\SYSTEM32\WSOCK32.dll
0x00007ffdad540000 - 0x00007ffdad5ab000 	C:\Windows\System32\WS2_32.dll
0x00007ffd9b600000 - 0x00007ffd9b627000 	C:\Windows\SYSTEM32\WINMM.dll
0x00007ffda5190000 - 0x00007ffda519a000 	C:\Windows\SYSTEM32\VERSION.dll
0x00007ffdaaeb0000 - 0x00007ffdaaec2000 	C:\Windows\SYSTEM32\kernel.appcore.dll
0x00007ffda3490000 - 0x00007ffda34a1000 	C:\Users\Admin\Downloads\android-studio\jre\bin\verify.dll
0x00007ffd9a360000 - 0x00007ffd9a544000 	C:\Windows\SYSTEM32\DBGHELP.DLL
0x00007ffd9a020000 - 0x00007ffd9a04c000 	C:\Windows\SYSTEM32\dbgcore.DLL
0x00007ffdac8d0000 - 0x00007ffdac950000 	C:\Windows\System32\bcryptPrimitives.dll
0x00007ffd9fa60000 - 0x00007ffd9fa89000 	C:\Users\Admin\Downloads\android-studio\jre\bin\java.dll
0x00007ffda2dc0000 - 0x00007ffda2dcb000 	C:\Users\Admin\Downloads\android-studio\jre\bin\jimage.dll
0x00007ffd9f8c0000 - 0x00007ffd9f8d8000 	C:\Users\Admin\Downloads\android-studio\jre\bin\zip.dll
0x00007ffdadb10000 - 0x00007ffdae252000 	C:\Windows\System32\SHELL32.dll
0x00007ffdaa5f0000 - 0x00007ffdaad85000 	C:\Windows\SYSTEM32\windows.storage.dll
0x00007ffdacfe0000 - 0x00007ffdad336000 	C:\Windows\System32\combase.dll
0x00007ffdabf70000 - 0x00007ffdabf9c000 	C:\Windows\SYSTEM32\Wldp.dll
0x00007ffdae8e0000 - 0x00007ffdae98e000 	C:\Windows\System32\SHCORE.dll
0x00007ffdad900000 - 0x00007ffdad955000 	C:\Windows\System32\shlwapi.dll
0x00007ffdac500000 - 0x00007ffdac526000 	C:\Windows\SYSTEM32\profapi.dll
0x00007ffd9f8a0000 - 0x00007ffd9f8ba000 	C:\Users\Admin\Downloads\android-studio\jre\bin\net.dll
0x00007ffd9f150000 - 0x00007ffd9f250000 	C:\Windows\SYSTEM32\WINHTTP.dll
0x00007ffdabcf0000 - 0x00007ffdabd5a000 	C:\Windows\system32\mswsock.dll
0x00007ffd9f880000 - 0x00007ffd9f894000 	C:\Users\Admin\Downloads\android-studio\jre\bin\nio.dll
0x00007ffda2f70000 - 0x00007ffda2f96000 	C:\Users\Admin\.gradle\native\31\windows-amd64\native-platform.dll
0x00007ffda22a0000 - 0x00007ffda22aa000 	C:\Users\Admin\Downloads\android-studio\jre\bin\management.dll
0x00007ffda02e0000 - 0x00007ffda02ec000 	C:\Users\Admin\Downloads\android-studio\jre\bin\management_ext.dll
0x00007ffdabed0000 - 0x00007ffdabee8000 	C:\Windows\SYSTEM32\CRYPTSP.dll
0x00007ffdab680000 - 0x00007ffdab6b4000 	C:\Windows\system32\rsaenh.dll
0x00007ffdac8a0000 - 0x00007ffdac8c7000 	C:\Windows\System32\bcrypt.dll
0x00007ffdac480000 - 0x00007ffdac4ae000 	C:\Windows\SYSTEM32\USERENV.dll
0x00007ffdabec0000 - 0x00007ffdabecc000 	C:\Windows\SYSTEM32\CRYPTBASE.dll
0x00007ffdab9e0000 - 0x00007ffdaba1b000 	C:\Windows\SYSTEM32\IPHLPAPI.DLL
0x00007ffdacef0000 - 0x00007ffdacef8000 	C:\Windows\System32\NSI.dll
0x00007ffda4160000 - 0x00007ffda4177000 	C:\Windows\SYSTEM32\dhcpcsvc6.DLL
0x00007ffda4100000 - 0x00007ffda411d000 	C:\Windows\SYSTEM32\dhcpcsvc.DLL
0x00007ffdaba20000 - 0x00007ffdabaeb000 	C:\Windows\SYSTEM32\DNSAPI.dll

dbghelp: loaded successfully - version: 4.0.5 - missing functions: none
symbol engine: initialized successfully - sym options: 0x614 - pdb path: .;C:\Users\Admin\Downloads\android-studio\jre\bin;C:\Windows\SYSTEM32;C:\Windows\WinSxS\amd64_microsoft.windows.common-controls_6595b64144ccf1df_6.0.19041.488_none_ca04af081b815d21;C:\Users\Admin\Downloads\android-studio\jre\bin\server;C:\Users\Admin\.gradle\native\31\windows-amd64

VM Arguments:
jvm_args: --add-opens=java.base/java.util=ALL-UNNAMED --add-opens=java.base/java.lang=ALL-UNNAMED --add-opens=java.base/java.lang.invoke=ALL-UNNAMED --add-opens=java.prefs/java.util.prefs=ALL-UNNAMED -Xmx2048m -Dfile.encoding=windows-1252 -Duser.country=US -Duser.language=en -Duser.variant 
java_command: org.gradle.launcher.daemon.bootstrap.GradleDaemon 6.1.1
java_class_path (initial): C:\Users\Admin\.gradle\wrapper\dists\gradle-6.1.1-all\cfmwm155h49vnt3hynmlrsdst\gradle-6.1.1\lib\gradle-launcher-6.1.1.jar
Launcher Type: SUN_STANDARD

[Global flags]
     intx CICompilerCount                          = 3                                         {product} {ergonomic}
     uint ConcGCThreads                            = 1                                         {product} {ergonomic}
     uint G1ConcRefinementThreads                  = 4                                         {product} {ergonomic}
   size_t G1HeapRegionSize                         = 1048576                                   {product} {ergonomic}
    uintx GCDrainStackTargetSize                   = 64                                        {product} {ergonomic}
   size_t InitialHeapSize                          = 127926272                                 {product} {ergonomic}
   size_t MarkStackSize                            = 4194304                                   {product} {ergonomic}
   size_t MaxHeapSize                              = 2147483648                                {product} {command line}
   size_t MaxNewSize                               = 1287651328                                {product} {ergonomic}
   size_t MinHeapDeltaBytes                        = 1048576                                   {product} {ergonomic}
    uintx NonNMethodCodeHeapSize                   = 5830732                                {pd product} {ergonomic}
    uintx NonProfiledCodeHeapSize                  = 122913754                              {pd product} {ergonomic}
    uintx ProfiledCodeHeapSize                     = 122913754                              {pd product} {ergonomic}
    uintx ReservedCodeCacheSize                    = 251658240                              {pd product} {ergonomic}
     bool SegmentedCodeCache                       = true                                      {product} {ergonomic}
     bool UseCompressedClassPointers               = true                                 {lp64_product} {ergonomic}
     bool UseCompressedOops                        = true                                 {lp64_product} {ergonomic}
     bool UseG1GC                                  = true                                      {product} {ergonomic}
     bool UseLargePagesIndividualAllocation        = false                                  {pd product} {ergonomic}

Logging:
Log output configuration:
 #0: stdout all=warning uptime,level,tags
 #1: stderr all=off uptime,level,tags

Environment Variables:
PATH=C:\Program Files (x86)\Common Files\Oracle\Java\javapath;C:\Windows\system32;C:\Windows;C:\Windows\System32\Wbem;C:\Windows\System32\WindowsPowerShell\v1.0\;C:\Windows\System32\OpenSSH\;C:\Program Files\Microsoft VS Code\bin;C:\Program Files\Git\cmd;C:\Program Files\MySQL\MySQL Shell 8.0\bin\;C:\Users\Admin\AppData\Local\Microsoft\WindowsApps;
USERNAME=Admin
OS=Windows_NT
PROCESSOR_IDENTIFIER=Intel64 Family 6 Model 58 Stepping 9, GenuineIntel



---------------  S Y S T E M  ---------------

OS: Windows 10 , 64 bit Build 19041 (10.0.19041.662)
OS uptime: 0 days 1:57 hours

CPU:total 4 (initial active 4) (2 cores per cpu, 2 threads per core) family 6 model 58 stepping 9, cmov, cx8, fxsr, mmx, sse, sse2, sse3, ssse3, sse4.1, sse4.2, popcnt, avx, clmul, erms, ht, tsc, tscinvbit, tscinv

Memory: 4k page, system-wide physical 7753M (106M free)
TotalPageFile size 23308M (AvailPageFile size 0M)
current process WorkingSet (physical memory assigned to process): 212M, peak: 212M
current process commit charge ("private bytes"): 265M, peak: 267M

vm_info: OpenJDK 64-Bit Server VM (11.0.8+10-b944.6842174) for windows-amd64 JRE (11.0.8+10-b944.6842174), built on Sep 19 2020 01:11:42 by "builder" with MS VC++ 14.0 (VS2015)

END.
