#
# There is insufficient memory for the Java Runtime Environment to continue.
# Native memory allocation (malloc) failed to allocate 131088 bytes for Chunk::new
# Possible reasons:
#   The system is out of physical RAM or swap space
#   The process is running with CompressedOops enabled, and the Java Heap may be blocking the growth of the native heap
# Possible solutions:
#   Reduce memory load on the system
#   Increase physical memory or swap space
#   Check if swap backing store is full
#   Decrease Java heap size (-Xmx/-Xms)
#   Decrease number of Java threads
#   Decrease Java thread stack sizes (-Xss)
#   Set larger code cache with -XX:ReservedCodeCacheSize=
#   JVM is running with Unscaled Compressed Oops mode in which the Java heap is
#     placed in the first 4GB address space. The Java Heap base address is the
#     maximum limit for the native heap growth. Please use -XX:HeapBaseMinAddress
#     to set the Java Heap base and to place the Java Heap above 4GB virtual address.
# This output file may be truncated or incomplete.
#
#  Out of Memory Error (allocation.cpp:389), pid=1348, tid=0x0000000000003574
#
# JRE version: OpenJDK Runtime Environment (8.0_242-b01) (build 1.8.0_242-release-1644-b01)
# Java VM: OpenJDK 64-Bit Server VM (25.242-b01 mixed mode windows-amd64 compressed oops)
# Failed to write core dump. Minidumps are not enabled by default on client versions of Windows
#

---------------  T H R E A D  ---------------

Current thread (0x0000000017799800):  JavaThread "C2 CompilerThread1" daemon [_thread_in_native, id=13684, stack(0x0000000018ee0000,0x0000000018fe0000)]

Stack: [0x0000000018ee0000,0x0000000018fe0000]
[error occurred during error reporting (printing stack bounds), id 0xc0000005]

Native frames: (J=compiled Java code, j=interpreted, Vv=VM code, C=native code)


Current CompileTask:
C2: 245168 13735   !   4       org.gradle.cache.internal.DefaultFileLockManager$DefaultFileLock::doWriteAction (66 bytes)


---------------  P R O C E S S  ---------------

Java Threads: ( => current thread )
  0x000000001b3c7000 JavaThread "Cache worker for Java compile cache (D:\TransporterVendor\.gradle\6.1.1\javaCompile)" [_thread_blocked, id=14792, stack(0x00000000256e0000,0x00000000257e0000)]
  0x000000001b3c6000 JavaThread "Cache worker for Java compile cache (C:\Users\Admin\.gradle\caches\6.1.1\javaCompile)" [_thread_blocked, id=2580, stack(0x00000000254e0000,0x00000000255e0000)]
  0x0000000019cb7000 JavaThread "Cache worker for execution history cache (D:\TransporterVendor\.gradle\6.1.1\executionHistory)" [_thread_blocked, id=15104, stack(0x00000000251d0000,0x00000000252d0000)]
  0x0000000019cb5800 JavaThread "Execution worker for ':' Thread 3" [_thread_in_vm, id=14728, stack(0x0000000024ed0000,0x0000000024fd0000)]
  0x0000000019cb6000 JavaThread "Execution worker for ':' Thread 2" [_thread_blocked, id=13988, stack(0x0000000023760000,0x0000000023860000)]
  0x0000000019cb3000 JavaThread "Execution worker for ':'" [_thread_in_native, id=7472, stack(0x0000000023660000,0x0000000023760000)]
  0x0000000019cb4800 JavaThread "Cache worker for file content cache (D:\TransporterVendor\.gradle\6.1.1\fileContent)" [_thread_blocked, id=15580, stack(0x0000000022760000,0x0000000022860000)]
  0x0000000019cba000 JavaThread "Cache worker for Build Output Cleanup Cache (D:\TransporterVendor\.gradle\buildOutputCleanup)" [_thread_blocked, id=10860, stack(0x0000000022060000,0x0000000022160000)]
  0x0000000019cab800 JavaThread "Build operations Thread 4" [_thread_blocked, id=14380, stack(0x0000000021f60000,0x0000000022060000)]
  0x0000000019cb2800 JavaThread "Build operations Thread 3" [_thread_blocked, id=7424, stack(0x0000000021bf0000,0x0000000021cf0000)]
  0x0000000019cb1000 JavaThread "Build operations Thread 2" [_thread_blocked, id=15372, stack(0x0000000021af0000,0x0000000021bf0000)]
  0x0000000019cb0000 JavaThread "Build operations" [_thread_blocked, id=4784, stack(0x0000000020cf0000,0x0000000020df0000)]
  0x0000000019caf800 JavaThread "Cache worker for cache directory md-rule (C:\Users\Admin\.gradle\caches\6.1.1\md-rule)" [_thread_blocked, id=14392, stack(0x0000000020bf0000,0x0000000020cf0000)]
  0x000000001d90e800 JavaThread "Cache worker for cache directory md-supplier (C:\Users\Admin\.gradle\caches\6.1.1\md-supplier)" [_thread_blocked, id=9004, stack(0x000000001faa0000,0x000000001fba0000)]
  0x000000001d907000 JavaThread "Cache worker for file hash cache (D:\TransporterVendor\.gradle\6.1.1\fileHashes)" [_thread_blocked, id=11568, stack(0x000000001f9a0000,0x000000001faa0000)]
  0x000000001d90c800 JavaThread "Cache worker for checksums cache (D:\TransporterVendor\.gradle\checksums)" [_thread_blocked, id=11356, stack(0x000000001d000000,0x000000001d100000)]
  0x000000001d90b000 JavaThread "Thread-40" [_thread_blocked, id=9824, stack(0x000000001cd00000,0x000000001ce00000)]
  0x000000001d90e000 JavaThread "Stdin handler" [_thread_blocked, id=8088, stack(0x000000001cc00000,0x000000001cd00000)]
  0x000000001d902000 JavaThread "Asynchronous log dispatcher for DefaultDaemonConnection: socket connection from /127.0.0.1:52251 to /127.0.0.1:52285" [_thread_in_native, id=5612, stack(0x000000001c900000,0x000000001ca00000)]
  0x000000001d905800 JavaThread "Daemon worker Thread 2" [_thread_in_Java, id=4476, stack(0x000000001c800000,0x000000001c900000)]
  0x000000001d908800 JavaThread "Cancel handler" [_thread_blocked, id=9996, stack(0x0000000000e80000,0x0000000000f80000)]
  0x000000001d905000 JavaThread "Handler for socket connection from /127.0.0.1:52251 to /127.0.0.1:52285" [_thread_in_native, id=11492, stack(0x0000000000d80000,0x0000000000e80000)]
  0x000000001d903800 JavaThread "Daemon Thread 2" [_thread_blocked, id=12868, stack(0x0000000000c80000,0x0000000000d80000)]
  0x000000001d909800 JavaThread "Cache worker for file content cache (C:\Users\Admin\.gradle\caches\6.1.1\fileContent)" [_thread_blocked, id=8584, stack(0x0000000023560000,0x0000000023660000)]
  0x000000001d90b800 JavaThread "Memory manager" [_thread_blocked, id=15876, stack(0x0000000023260000,0x0000000023360000)]
  0x000000001b3ca000 JavaThread "Cache worker for execution history cache (C:\Users\Admin\.gradle\caches\6.1.1\executionHistory)" [_thread_blocked, id=16240, stack(0x0000000020ff0000,0x00000000210f0000)]
  0x000000001b3ca800 JavaThread "Cache worker for file hash cache (C:\Users\Admin\.gradle\caches\6.1.1\fileHashes)" [_thread_blocked, id=11616, stack(0x000000001d500000,0x000000001d600000)]
  0x000000001b232800 JavaThread "File lock request listener" [_thread_in_native, id=13436, stack(0x000000001d400000,0x000000001d500000)]
  0x000000001b3a0000 JavaThread "Cache worker for journal cache (C:\Users\Admin\.gradle\caches\journal-1)" [_thread_in_Java, id=5172, stack(0x000000001d300000,0x000000001d400000)]
  0x00000000197c2800 JavaThread "Daemon periodic checks" [_thread_blocked, id=14452, stack(0x000000001c700000,0x000000001c800000)]
  0x000000001b0cf000 JavaThread "Incoming local TCP Connector on port 52251" [_thread_in_native, id=10636, stack(0x000000001c4c0000,0x000000001c5c0000)]
  0x000000001aff3800 JavaThread "Daemon health stats" [_thread_blocked, id=4812, stack(0x000000001be80000,0x000000001bf80000)]
  0x0000000019108800 JavaThread "Service Thread" daemon [_thread_blocked, id=10836, stack(0x00000000194e0000,0x00000000195e0000)]
  0x00000000177a3800 JavaThread "C1 CompilerThread2" daemon [_thread_blocked, id=14036, stack(0x0000000018fe0000,0x00000000190e0000)]
=>0x0000000017799800 JavaThread "C2 CompilerThread1" daemon [_thread_in_native, id=13684, stack(0x0000000018ee0000,0x0000000018fe0000)]
  0x0000000017793000 JavaThread "C2 CompilerThread0" daemon [_thread_in_native, id=8884, stack(0x0000000018de0000,0x0000000018ee0000)]
  0x0000000017791800 JavaThread "Attach Listener" daemon [_thread_blocked, id=13060, stack(0x0000000018ce0000,0x0000000018de0000)]
  0x0000000017790000 JavaThread "Signal Dispatcher" daemon [_thread_blocked, id=2904, stack(0x0000000018be0000,0x0000000018ce0000)]
  0x0000000002acb000 JavaThread "Finalizer" daemon [_thread_blocked, id=4336, stack(0x00000000189e0000,0x0000000018ae0000)]
  0x0000000017779000 JavaThread "Reference Handler" daemon [_thread_blocked, id=660, stack(0x00000000188e0000,0x00000000189e0000)]
  0x0000000002b6d800 JavaThread "main" [_thread_blocked, id=11544, stack(0x0000000002860000,0x0000000002960000)]

Other Threads:
  0x0000000017756000 VMThread [stack: 0x00000000187e0000,0x00000000188e0000] [id=6008]
  0x00000000177dc800 WatcherThread [stack: 0x00000000195e0000,0x00000000196e0000] [id=14220]

VM state:not at safepoint (normal execution)

VM Mutex/Monitor currently owned by a thread: None

heap address: 0x0000000080000000, size: 2048 MB, Compressed Oops mode: 32-bit
Narrow klass base: 0x0000000000000000, Narrow klass shift: 3
Compressed class space size: 1073741824 Address: 0x0000000100000000

Heap:
 PSYoungGen      total 342016K, used 322842K [0x00000000d5580000, 0x00000000ec400000, 0x0000000100000000)
  eden space 309760K, 98% used [0x00000000d5580000,0x00000000e7e52418,0x00000000e8400000)
  from space 32256K, 58% used [0x00000000e8400000,0x00000000e9674400,0x00000000ea380000)
  to   space 27136K, 0% used [0x00000000ea380000,0x00000000ea380000,0x00000000ebe00000)
 ParOldGen       total 132096K, used 60925K [0x0000000080000000, 0x0000000088100000, 0x00000000d5580000)
  object space 132096K, 46% used [0x0000000080000000,0x0000000083b7f7d8,0x0000000088100000)
 Metaspace       used 84682K, capacity 88234K, committed 88496K, reserved 1126400K
  class space    used 11155K, capacity 11882K, committed 11952K, reserved 1048576K

Card table byte_map: [0x0000000011f30000,0x0000000012340000] byte_map_base: 0x0000000011b30000

Marking Bits: (ParMarkBitMap*) 0x000000005fadf030
 Begin Bits: [0x00000000129f0000, 0x00000000149f0000)
 End Bits:   [0x00000000149f0000, 0x00000000169f0000)

Polling page: 0x0000000000b70000

CodeCache: size=245760Kb used=38150Kb max_used=38150Kb free=207609Kb
 bounds [0x0000000002b70000, 0x00000000050f0000, 0x0000000011b70000]
 total_blobs=12313 nmethods=11452 adapters=773
 compilation: enabled

Compilation events (10 events):
Event: 245.150 Thread 0x00000000177a3800 13745       3       org.gradle.internal.execution.steps.ResolveChangesStep$$Lambda$575/1950513108::visitInputFileProperty (13 bytes)
Event: 245.151 Thread 0x00000000177a3800 nmethod 13745 0x00000000050dc950 code [0x00000000050dcac0, 0x00000000050dcc48]
Event: 245.151 Thread 0x00000000177a3800 13746       3       org.gradle.internal.execution.steps.ResolveChangesStep::lambda$createIncrementalInputProperties$5 (48 bytes)
Event: 245.154 Thread 0x00000000177a3800 nmethod 13746 0x00000000050db750 code [0x00000000050db960, 0x00000000050dc3f8]
Event: 245.154 Thread 0x00000000177a3800 13747       3       org.gradle.internal.execution.history.changes.DefaultIncrementalInputProperties$$Lambda$577/1801764543::apply (12 bytes)
Event: 245.155 Thread 0x00000000177a3800 nmethod 13747 0x00000000050daf10 code [0x00000000050db0a0, 0x00000000050db5a8]
Event: 245.160 Thread 0x00000000177a3800 13748       3       com.google.common.collect.Maps$FilteredEntryMap$EntrySet$1::transform (9 bytes)
Event: 245.160 Thread 0x00000000177a3800 nmethod 13748 0x00000000050da650 code [0x00000000050da7e0, 0x00000000050dacb0]
Event: 245.160 Thread 0x00000000177a3800 13749       3       com.google.common.collect.Maps$FilteredEntryMap$EntrySet$1::transform (10 bytes)
Event: 245.161 Thread 0x00000000177a3800 nmethod 13749 0x00000000050d9fd0 code [0x00000000050da140, 0x00000000050da490]

GC Heap History (10 events):
Event: 16.370 GC heap before
{Heap before GC invocations=12 (full 2):
 PSYoungGen      total 217088K, used 123329K [0x00000000d5580000, 0x00000000e7b00000, 0x0000000100000000)
  eden space 203264K, 53% used [0x00000000d5580000,0x00000000dc0711c0,0x00000000e1c00000)
  from space 13824K, 99% used [0x00000000e1c00000,0x00000000e297f320,0x00000000e2980000)
  to   space 19456K, 0% used [0x00000000e6800000,0x00000000e6800000,0x00000000e7b00000)
 ParOldGen       total 84480K, used 25445K [0x0000000080000000, 0x0000000085280000, 0x00000000d5580000)
  object space 84480K, 30% used [0x0000000080000000,0x00000000818d9610,0x0000000085280000)
 Metaspace       used 57070K, capacity 59116K, committed 59160K, reserved 1099776K
  class space    used 7833K, capacity 8343K, committed 8368K, reserved 1048576K
Event: 16.419 GC heap after
Heap after GC invocations=12 (full 2):
 PSYoungGen      total 275968K, used 19436K [0x00000000d5580000, 0x00000000e8280000, 0x0000000100000000)
  eden space 256512K, 0% used [0x00000000d5580000,0x00000000d5580000,0x00000000e5000000)
  from space 19456K, 99% used [0x00000000e6800000,0x00000000e7afb320,0x00000000e7b00000)
  to   space 24576K, 0% used [0x00000000e5000000,0x00000000e5000000,0x00000000e6800000)
 ParOldGen       total 84480K, used 30927K [0x0000000080000000, 0x0000000085280000, 0x00000000d5580000)
  object space 84480K, 36% used [0x0000000080000000,0x0000000081e33fb8,0x0000000085280000)
 Metaspace       used 57070K, capacity 59116K, committed 59160K, reserved 1099776K
  class space    used 7833K, capacity 8343K, committed 8368K, reserved 1048576K
}
Event: 16.419 GC heap before
{Heap before GC invocations=13 (full 3):
 PSYoungGen      total 275968K, used 19436K [0x00000000d5580000, 0x00000000e8280000, 0x0000000100000000)
  eden space 256512K, 0% used [0x00000000d5580000,0x00000000d5580000,0x00000000e5000000)
  from space 19456K, 99% used [0x00000000e6800000,0x00000000e7afb320,0x00000000e7b00000)
  to   space 24576K, 0% used [0x00000000e5000000,0x00000000e5000000,0x00000000e6800000)
 ParOldGen       total 84480K, used 30927K [0x0000000080000000, 0x0000000085280000, 0x00000000d5580000)
  object space 84480K, 36% used [0x0000000080000000,0x0000000081e33fb8,0x0000000085280000)
 Metaspace       used 57070K, capacity 59116K, committed 59160K, reserved 1099776K
  class space    used 7833K, capacity 8343K, committed 8368K, reserved 1048576K
Event: 16.756 GC heap after
Heap after GC invocations=13 (full 3):
 PSYoungGen      total 275968K, used 0K [0x00000000d5580000, 0x00000000e8280000, 0x0000000100000000)
  eden space 256512K, 0% used [0x00000000d5580000,0x00000000d5580000,0x00000000e5000000)
  from space 19456K, 0% used [0x00000000e6800000,0x00000000e6800000,0x00000000e7b00000)
  to   space 24576K, 0% used [0x00000000e5000000,0x00000000e5000000,0x00000000e6800000)
 ParOldGen       total 132096K, used 36919K [0x0000000080000000, 0x0000000088100000, 0x00000000d5580000)
  object space 132096K, 27% used [0x0000000080000000,0x000000008240dcd0,0x0000000088100000)
 Metaspace       used 57059K, capacity 59080K, committed 59160K, reserved 1099776K
  class space    used 7830K, capacity 8337K, committed 8368K, reserved 1048576K
}
Event: 23.769 GC heap before
{Heap before GC invocations=14 (full 3):
 PSYoungGen      total 275968K, used 255107K [0x00000000d5580000, 0x00000000e8280000, 0x0000000100000000)
  eden space 256512K, 99% used [0x00000000d5580000,0x00000000e4ea0d50,0x00000000e5000000)
  from space 19456K, 0% used [0x00000000e6800000,0x00000000e6800000,0x00000000e7b00000)
  to   space 24576K, 0% used [0x00000000e5000000,0x00000000e5000000,0x00000000e6800000)
 ParOldGen       total 132096K, used 36919K [0x0000000080000000, 0x0000000088100000, 0x00000000d5580000)
  object space 132096K, 27% used [0x0000000080000000,0x000000008240dcd0,0x0000000088100000)
 Metaspace       used 62659K, capacity 65368K, committed 65584K, reserved 1105920K
  class space    used 8572K, capacity 9161K, committed 9264K, reserved 1048576K
Event: 23.851 GC heap after
Heap after GC invocations=14 (full 3):
 PSYoungGen      total 281088K, used 21859K [0x00000000d5580000, 0x00000000ebe00000, 0x0000000100000000)
  eden space 256512K, 0% used [0x00000000d5580000,0x00000000d5580000,0x00000000e5000000)
  from space 24576K, 88% used [0x00000000e5000000,0x00000000e6558cd0,0x00000000e6800000)
  to   space 27136K, 0% used [0x00000000ea380000,0x00000000ea380000,0x00000000ebe00000)
 ParOldGen       total 132096K, used 36927K [0x0000000080000000, 0x0000000088100000, 0x00000000d5580000)
  object space 132096K, 27% used [0x0000000080000000,0x000000008240fcd0,0x0000000088100000)
 Metaspace       used 62659K, capacity 65368K, committed 65584K, reserved 1105920K
  class space    used 8572K, capacity 9161K, committed 9264K, reserved 1048576K
}
Event: 31.286 GC heap before
{Heap before GC invocations=15 (full 3):
 PSYoungGen      total 281088K, used 278371K [0x00000000d5580000, 0x00000000ebe00000, 0x0000000100000000)
  eden space 256512K, 100% used [0x00000000d5580000,0x00000000e5000000,0x00000000e5000000)
  from space 24576K, 88% used [0x00000000e5000000,0x00000000e6558cd0,0x00000000e6800000)
  to   space 27136K, 0% used [0x00000000ea380000,0x00000000ea380000,0x00000000ebe00000)
 ParOldGen       total 132096K, used 36927K [0x0000000080000000, 0x0000000088100000, 0x00000000d5580000)
  object space 132096K, 27% used [0x0000000080000000,0x000000008240fcd0,0x0000000088100000)
 Metaspace       used 68376K, capacity 71278K, committed 71472K, reserved 1110016K
  class space    used 9319K, capacity 9952K, committed 10032K, reserved 1048576K
Event: 31.370 GC heap after
Heap after GC invocations=15 (full 3):
 PSYoungGen      total 336896K, used 27129K [0x00000000d5580000, 0x00000000ec400000, 0x0000000100000000)
  eden space 309760K, 0% used [0x00000000d5580000,0x00000000d5580000,0x00000000e8400000)
  from space 27136K, 99% used [0x00000000ea380000,0x00000000ebdfe6b0,0x00000000ebe00000)
  to   space 32256K, 0% used [0x00000000e8400000,0x00000000e8400000,0x00000000ea380000)
 ParOldGen       total 132096K, used 38759K [0x0000000080000000, 0x0000000088100000, 0x00000000d5580000)
  object space 132096K, 29% used [0x0000000080000000,0x00000000825d9fe0,0x0000000088100000)
 Metaspace       used 68376K, capacity 71278K, committed 71472K, reserved 1110016K
  class space    used 9319K, capacity 9952K, committed 10032K, reserved 1048576K
}
Event: 237.972 GC heap before
{Heap before GC invocations=16 (full 3):
 PSYoungGen      total 336896K, used 336889K [0x00000000d5580000, 0x00000000ec400000, 0x0000000100000000)
  eden space 309760K, 100% used [0x00000000d5580000,0x00000000e8400000,0x00000000e8400000)
  from space 27136K, 99% used [0x00000000ea380000,0x00000000ebdfe6b0,0x00000000ebe00000)
  to   space 32256K, 0% used [0x00000000e8400000,0x00000000e8400000,0x00000000ea380000)
 ParOldGen       total 132096K, used 38759K [0x0000000080000000, 0x0000000088100000, 0x00000000d5580000)
  object space 132096K, 29% used [0x0000000080000000,0x00000000825d9fe0,0x0000000088100000)
 Metaspace       used 78948K, capacity 82438K, committed 82736K, reserved 1120256K
  class space    used 10481K, capacity 11250K, committed 11312K, reserved 1048576K
Event: 238.209 GC heap after
Heap after GC invocations=16 (full 3):
 PSYoungGen      total 342016K, used 18897K [0x00000000d5580000, 0x00000000ec400000, 0x0000000100000000)
  eden space 309760K, 0% used [0x00000000d5580000,0x00000000d5580000,0x00000000e8400000)
  from space 32256K, 58% used [0x00000000e8400000,0x00000000e9674400,0x00000000ea380000)
  to   space 27136K, 0% used [0x00000000ea380000,0x00000000ea380000,0x00000000ebe00000)
 ParOldGen       total 132096K, used 60925K [0x0000000080000000, 0x0000000088100000, 0x00000000d5580000)
  object space 132096K, 46% used [0x0000000080000000,0x0000000083b7f7d8,0x0000000088100000)
 Metaspace       used 78948K, capacity 82438K, committed 82736K, reserved 1120256K
  class space    used 10481K, capacity 11250K, committed 11312K, reserved 1048576K
}

Deoptimization events (10 events):
Event: 243.857 Thread 0x0000000019cb3000 Uncommon trap: reason=bimorphic action=maybe_recompile pc=0x000000000501de14 method=com.sun.tools.javac.code.Type.isCompound()Z @ 14
Event: 243.857 Thread 0x0000000019cb3000 Uncommon trap: reason=bimorphic action=maybe_recompile pc=0x000000000501de14 method=com.sun.tools.javac.code.Type.isCompound()Z @ 14
Event: 243.857 Thread 0x0000000019cb3000 Uncommon trap: reason=bimorphic action=maybe_recompile pc=0x000000000501de14 method=com.sun.tools.javac.code.Type.isCompound()Z @ 14
Event: 243.857 Thread 0x0000000019cb3000 Uncommon trap: reason=bimorphic action=maybe_recompile pc=0x000000000501de14 method=com.sun.tools.javac.code.Type.isCompound()Z @ 14
Event: 244.049 Thread 0x0000000019cb3000 Uncommon trap: reason=unstable_if action=reinterpret pc=0x0000000004e9a518 method=com.sun.tools.javac.util.ListBuffer.append(Ljava/lang/Object;)Lcom/sun/tools/javac/util/ListBuffer; @ 9
Event: 244.187 Thread 0x0000000019cb3000 Uncommon trap: reason=unstable_if action=reinterpret pc=0x0000000004e94370 method=com.sun.tools.javac.util.BaseFileManager.getKind(Ljava/lang/String;)Ljavax/tools/JavaFileObject$Kind; @ 10
Event: 244.210 Thread 0x0000000019cb3000 Uncommon trap: reason=class_check action=maybe_recompile pc=0x0000000004cec310 method=org.gradle.internal.logging.sink.OutputEventTransformer.onOutput(Lorg/gradle/internal/logging/events/OutputEvent;)V @ 371
Event: 244.210 Thread 0x0000000019cb3000 Uncommon trap: reason=class_check action=maybe_recompile pc=0x00000000043a79f0 method=org.gradle.internal.operations.logging.LoggingBuildOperationProgressBroadcaster.onOutput(Lorg/gradle/internal/logging/events/OutputEvent;)V @ 8
Event: 244.211 Thread 0x0000000019cb3000 Uncommon trap: reason=class_check action=maybe_recompile pc=0x0000000004cec310 method=org.gradle.internal.logging.sink.OutputEventTransformer.onOutput(Lorg/gradle/internal/logging/events/OutputEvent;)V @ 371
Event: 244.256 Thread 0x0000000019cb3000 Uncommon trap: reason=unstable_if action=reinterpret pc=0x0000000004c69024 method=org.gradle.api.internal.tasks.compile.tooling.JavaCompileTaskSuccessResultPostProcessor.finished(Lorg/gradle/internal/operations/BuildOperationDescriptor;Lorg/gradle/interna

Classes redefined (0 events):
No events

Internal exceptions (10 events):
Event: 241.337 Thread 0x0000000019cb3000 Exception <a 'sun/nio/fs/WindowsException'> (0x00000000df14a8e0) thrown at [C:\src\AOSP-openjdk-git\hotspot\src\share\vm\prims\jni.cpp, line 710]
Event: 241.337 Thread 0x0000000019cb3000 Exception <a 'sun/nio/fs/WindowsException'> (0x00000000df14b500) thrown at [C:\src\AOSP-openjdk-git\hotspot\src\share\vm\prims\jni.cpp, line 710]
Event: 241.337 Thread 0x0000000019cb3000 Exception <a 'sun/nio/fs/WindowsException'> (0x00000000df14c1a8) thrown at [C:\src\AOSP-openjdk-git\hotspot\src\share\vm\prims\jni.cpp, line 710]
Event: 241.349 Thread 0x0000000019cb3000 Exception <a 'sun/nio/fs/WindowsException'> (0x00000000df1ab7e0) thrown at [C:\src\AOSP-openjdk-git\hotspot\src\share\vm\prims\jni.cpp, line 710]
Event: 241.349 Thread 0x0000000019cb3000 Exception <a 'sun/nio/fs/WindowsException'> (0x00000000df1ac448) thrown at [C:\src\AOSP-openjdk-git\hotspot\src\share\vm\prims\jni.cpp, line 710]
Event: 241.349 Thread 0x0000000019cb3000 Exception <a 'sun/nio/fs/WindowsException'> (0x00000000df1ad138) thrown at [C:\src\AOSP-openjdk-git\hotspot\src\share\vm\prims\jni.cpp, line 710]
Event: 241.350 Thread 0x0000000019cb3000 Exception <a 'sun/nio/fs/WindowsException'> (0x00000000df1b48a0) thrown at [C:\src\AOSP-openjdk-git\hotspot\src\share\vm\prims\jni.cpp, line 710]
Event: 241.350 Thread 0x0000000019cb3000 Exception <a 'sun/nio/fs/WindowsException'> (0x00000000df1b5518) thrown at [C:\src\AOSP-openjdk-git\hotspot\src\share\vm\prims\jni.cpp, line 710]
Event: 241.350 Thread 0x0000000019cb3000 Exception <a 'sun/nio/fs/WindowsException'> (0x00000000df1b6218) thrown at [C:\src\AOSP-openjdk-git\hotspot\src\share\vm\prims\jni.cpp, line 710]
Event: 244.381 Thread 0x000000001d90b000 Exception <a 'java/lang/NoSuchMethodError': <clinit>> (0x00000000df021a78) thrown at [C:\src\AOSP-openjdk-git\hotspot\src\share\vm\prims\jni.cpp, line 1615]

Events (10 events):
Event: 244.253 loading class org/gradle/api/internal/tasks/compile/incremental/recomp/IncrementalCompilationResult done
Event: 244.254 loading class org/gradle/api/internal/tasks/compile/CompileJavaBuildOperationReportingCompiler$Result
Event: 244.254 loading class org/gradle/api/internal/tasks/compile/CompileJavaBuildOperationReportingCompiler$Result done
Event: 244.256 Thread 0x0000000019cb3000 Uncommon trap: trap_request=0xffffff65 fr.pc=0x0000000004c69024
Event: 244.256 Thread 0x0000000019cb3000 DEOPT PACKING pc=0x0000000004c69024 sp=0x000000002375b4c0
Event: 244.256 Thread 0x0000000019cb3000 DEOPT UNPACKING pc=0x0000000002bb557b sp=0x000000002375b440 mode 2
Event: 244.326 Executing VM operation: ForceSafepoint
Event: 244.338 Executing VM operation: ForceSafepoint done
Event: 244.763 Executing VM operation: RevokeBias
Event: 244.764 Executing VM operation: RevokeBias done


Dynamic libraries:
0x00007ff65d720000 - 0x00007ff65d751000 	C:\Program Files\Android\Android Studio\jre\bin\java.exe
0x00007ffb41e70000 - 0x00007ffb42066000 	C:\Windows\SYSTEM32\ntdll.dll
0x00007ffb40a90000 - 0x00007ffb40b4d000 	C:\Windows\System32\KERNEL32.DLL
0x00007ffb3fb00000 - 0x00007ffb3fdc9000 	C:\Windows\System32\KERNELBASE.dll
0x00007ffb41980000 - 0x00007ffb41a2c000 	C:\Windows\System32\ADVAPI32.dll
0x00007ffb404b0000 - 0x00007ffb4054e000 	C:\Windows\System32\msvcrt.dll
0x00007ffb402d0000 - 0x00007ffb4036c000 	C:\Windows\System32\sechost.dll
0x00007ffb408b0000 - 0x00007ffb409db000 	C:\Windows\System32\RPCRT4.dll
0x00007ffb41b40000 - 0x00007ffb41ce0000 	C:\Windows\System32\USER32.dll
0x00007ffb3f5b0000 - 0x00007ffb3f5d2000 	C:\Windows\System32\win32u.dll
0x00007ffb411f0000 - 0x00007ffb4121a000 	C:\Windows\System32\GDI32.dll
0x00007ffb3f920000 - 0x00007ffb3fa29000 	C:\Windows\System32\gdi32full.dll
0x00007ffb3fa60000 - 0x00007ffb3fafd000 	C:\Windows\System32\msvcp_win.dll
0x00007ffb3fdd0000 - 0x00007ffb3fed0000 	C:\Windows\System32\ucrtbase.dll
0x00007ffb3e970000 - 0x00007ffb3ec0b000 	C:\Windows\WinSxS\amd64_microsoft.windows.common-controls_6595b64144ccf1df_6.0.19041.488_none_ca04af081b815d21\COMCTL32.dll
0x00007ffb40a60000 - 0x00007ffb40a90000 	C:\Windows\System32\IMM32.DLL
0x000000005f150000 - 0x000000005f222000 	C:\Program Files\Android\Android Studio\jre\jre\bin\msvcr100.dll
0x000000005f310000 - 0x000000005fb5b000 	C:\Program Files\Android\Android Studio\jre\jre\bin\server\jvm.dll
0x00007ffb404a0000 - 0x00007ffb404a8000 	C:\Windows\System32\PSAPI.DLL
0x00007ffb35b40000 - 0x00007ffb35b4a000 	C:\Windows\SYSTEM32\VERSION.dll
0x00007ffb32ff0000 - 0x00007ffb33017000 	C:\Windows\SYSTEM32\WINMM.dll
0x00007ffb3c9d0000 - 0x00007ffb3c9d9000 	C:\Windows\SYSTEM32\WSOCK32.dll
0x00007ffb40630000 - 0x00007ffb4069b000 	C:\Windows\System32\WS2_32.dll
0x00007ffb3c8a0000 - 0x00007ffb3c8af000 	C:\Program Files\Android\Android Studio\jre\jre\bin\verify.dll
0x00007ffb30c30000 - 0x00007ffb30c59000 	C:\Program Files\Android\Android Studio\jre\jre\bin\java.dll
0x00007ffb392b0000 - 0x00007ffb392c6000 	C:\Program Files\Android\Android Studio\jre\jre\bin\zip.dll
0x00007ffb41230000 - 0x00007ffb41972000 	C:\Windows\System32\SHELL32.dll
0x00007ffb3cef0000 - 0x00007ffb3d685000 	C:\Windows\SYSTEM32\windows.storage.dll
0x00007ffb3fed0000 - 0x00007ffb40226000 	C:\Windows\System32\combase.dll
0x00007ffb3e8d0000 - 0x00007ffb3e8fc000 	C:\Windows\SYSTEM32\Wldp.dll
0x00007ffb41a90000 - 0x00007ffb41b3e000 	C:\Windows\System32\SHCORE.dll
0x00007ffb40850000 - 0x00007ffb408a5000 	C:\Windows\System32\shlwapi.dll
0x00007ffb3f4e0000 - 0x00007ffb3f506000 	C:\Windows\SYSTEM32\profapi.dll
0x00007ffb373e0000 - 0x00007ffb373fa000 	C:\Program Files\Android\Android Studio\jre\jre\bin\net.dll
0x00007ffb3e640000 - 0x00007ffb3e6aa000 	C:\Windows\system32\mswsock.dll
0x00007ffb30c10000 - 0x00007ffb30c23000 	C:\Program Files\Android\Android Studio\jre\jre\bin\nio.dll
0x00007ffb2f980000 - 0x00007ffb2f9a6000 	C:\Users\Admin\.gradle\native\31\windows-amd64\native-platform.dll
0x00007ffb3f130000 - 0x00007ffb3f13d000 	C:\Program Files\Android\Android Studio\jre\jre\bin\management.dll
0x00007ffb3f270000 - 0x00007ffb3f288000 	C:\Windows\SYSTEM32\CRYPTSP.dll
0x00007ffb3e000000 - 0x00007ffb3e034000 	C:\Windows\system32\rsaenh.dll
0x00007ffb3fa30000 - 0x00007ffb3fa57000 	C:\Windows\System32\bcrypt.dll
0x00007ffb3f4a0000 - 0x00007ffb3f4ce000 	C:\Windows\SYSTEM32\USERENV.dll
0x00007ffb3f790000 - 0x00007ffb3f810000 	C:\Windows\System32\bcryptprimitives.dll
0x00007ffb3e8c0000 - 0x00007ffb3e8cc000 	C:\Windows\SYSTEM32\CRYPTBASE.dll
0x00007ffb3e340000 - 0x00007ffb3e37b000 	C:\Windows\SYSTEM32\IPHLPAPI.DLL
0x00007ffb40230000 - 0x00007ffb40238000 	C:\Windows\System32\NSI.dll
0x00007ffb36d30000 - 0x00007ffb36d47000 	C:\Windows\SYSTEM32\dhcpcsvc6.DLL
0x00007ffb36d10000 - 0x00007ffb36d2d000 	C:\Windows\SYSTEM32\dhcpcsvc.DLL
0x00007ffb3e380000 - 0x00007ffb3e44b000 	C:\Windows\SYSTEM32\DNSAPI.dll
0x00007ffb2fb70000 - 0x00007ffb2fb94000 	C:\Program Files\Android\Android Studio\jre\jre\bin\sunec.dll

VM Arguments:
jvm_args: -Xmx2048m -Dfile.encoding=windows-1252 -Duser.country=US -Duser.language=en -Duser.variant 
java_command: org.gradle.launcher.daemon.bootstrap.GradleDaemon 6.1.1
java_class_path (initial): C:\Users\Admin\.gradle\wrapper\dists\gradle-6.1.1-all\cfmwm155h49vnt3hynmlrsdst\gradle-6.1.1\lib\gradle-launcher-6.1.1.jar
Launcher Type: SUN_STANDARD

Environment Variables:
PATH=C:\Program Files (x86)\Common Files\Oracle\Java\javapath;C:\Windows\system32;C:\Windows;C:\Windows\System32\Wbem;C:\Windows\System32\WindowsPowerShell\v1.0\;C:\Windows\System32\OpenSSH\;C:\Program Files\Microsoft VS Code\bin;C:\Program Files\Git\cmd;C:\Users\Admin\AppData\Local\Microsoft\WindowsApps;
USERNAME=Admin
OS=Windows_NT
PROCESSOR_IDENTIFIER=Intel64 Family 6 Model 58 Stepping 9, GenuineIntel



---------------  S Y S T E M  ---------------

OS: Windows 10.0 , 64 bit Build 19041 (10.0.19041.662)

CPU:total 4 (initial active 4) (2 cores per cpu, 2 threads per core) family 6 model 58 stepping 9, cmov, cx8, fxsr, mmx, sse, sse2, sse3, ssse3, sse4.1, sse4.2, popcnt, avx, clmul, erms, ht, tsc, tscinvbit, tscinv

Memory: 4k page, physical 7939552k(329892k free), swap 23868300k(2964k free)

vm_info: OpenJDK 64-Bit Server VM (25.242-b01) for windows-amd64 JRE (1.8.0_242-release-1644-b01), built by "builder" with MS VC++ 10.0 (VS2010)

time: Wed Dec 23 16:20:45 2020
timezone: India Standard Time
elapsed time: 245 seconds (0d 0h 4m 5s)

